{"numTotalTestSuites":145,"numPassedTestSuites":125,"numFailedTestSuites":20,"numPendingTestSuites":0,"numTotalTests":571,"numPassedTests":542,"numFailedTests":29,"numPendingTests":0,"numTodoTests":0,"snapshot":{"added":0,"failure":false,"filesAdded":0,"filesRemoved":0,"filesRemovedList":[],"filesUnmatched":0,"filesUpdated":0,"matched":0,"total":0,"unchecked":0,"uncheckedKeysByFile":[],"unmatched":0,"updated":0,"didUpdate":false},"startTime":1776013356543,"success":false,"testResults":[{"assertionResults":[{"ancestorTitles":["AboutModal"],"fullName":"AboutModal renders nothing when isOpen is false","status":"passed","title":"renders nothing when isOpen is false","duration":23.26470000000154,"failureMessages":[],"meta":{},"tags":[]},{"ancestorTitles":["AboutModal"],"fullName":"AboutModal renders static content correctly","status":"passed","title":"renders static content correctly","duration":64.1322999999993,"failureMessages":[],"meta":{},"tags":[]},{"ancestorTitles":["AboutModal"],"fullName":"AboutModal calls onClose when close button is clicked","status":"passed","title":"calls onClose when close button is clicked","duration":231.19170000000122,"failureMessages":[],"meta":{},"tags":[]},{"ancestorTitles":["AboutModal"],"fullName":"AboutModal opens and closes Patch Notes modal","status":"passed","title":"opens and closes Patch Notes modal","duration":23.272899999999936,"failureMessages":[],"meta":{},"tags":[]},{"ancestorTitles":["AboutModal"],"fullName":"AboutModal contains links to social media","status":"passed","title":"contains links to social media","duration":11.210399999999936,"failureMessages":[],"meta":{},"tags":[]}],"startTime":1776013376132,"endTime":1776013376485.2104,"status":"passed","message":"","name":"C:/projetos/Agents/SimpleCrew/simple-crew-front/src/components/__tests__/AboutModal.test.tsx"},{"assertionResults":[{"ancestorTitles":["ChatInput Component"],"fullName":"ChatInput Component renders correctly with initial state","status":"passed","title":"renders correctly with initial state","duration":262.4912999999997,"failureMessages":[],"meta":{},"tags":[]},{"ancestorTitles":["ChatInput Component"],"fullName":"ChatInput Component calls onSendMessage and clears input when Enter is pressed","status":"passed","title":"calls onSendMessage and clears input when Enter is pressed","duration":22.450700000001234,"failureMessages":[],"meta":{},"tags":[]},{"ancestorTitles":["ChatInput Component"],"fullName":"ChatInput Component disables input and shows Stop button when isLoading is true","status":"passed","title":"disables input and shows Stop button when isLoading is true","duration":6.217500000000655,"failureMessages":[],"meta":{},"tags":[]},{"ancestorTitles":["ChatInput Component"],"fullName":"ChatInput Component calls stopExecution when Stop button is clicked","status":"passed","title":"calls stopExecution when Stop button is clicked","duration":9.344900000000052,"failureMessages":[],"meta":{},"tags":[]},{"ancestorTitles":["ChatInput Component"],"fullName":"ChatInput Component does not send message if text is empty","status":"passed","title":"does not send message if text is empty","duration":31.13799999999901,"failureMessages":[],"meta":{},"tags":[]},{"ancestorTitles":["ChatInput Component"],"fullName":"ChatInput Component auto-focuses input when isLoading changes to false","status":"passed","title":"auto-focuses input when isLoading changes to false","duration":11.645999999998821,"failureMessages":[],"meta":{},"tags":[]},{"ancestorTitles":["ChatInput Component"],"fullName":"ChatInput Component enables overflow-y when content exceeds maxHeight","status":"passed","title":"enables overflow-y when content exceeds maxHeight","duration":6.00879999999961,"failureMessages":[],"meta":{},"tags":[]}],"startTime":1776013376276,"endTime":1776013376626.0088,"status":"passed","message":"","name":"C:/projetos/Agents/SimpleCrew/simple-crew-front/src/components/__tests__/ChatInput.test.tsx"},{"assertionResults":[{"ancestorTitles":["ChatMessage"],"fullName":"ChatMessage renders a user message with correct alignment and style","status":"passed","title":"renders a user message with correct alignment and style","duration":74.32150000000001,"failureMessages":[],"meta":{},"tags":[]},{"ancestorTitles":["ChatMessage"],"fullName":"ChatMessage renders an assistant message with correct alignment, style and avatar","status":"passed","title":"renders an assistant message with correct alignment, style and avatar","duration":14.342599999999948,"failureMessages":[],"meta":{},"tags":[]},{"ancestorTitles":["ChatMessage"],"fullName":"ChatMessage renders markdown content with diverse elements (tables, headers, etc.)","status":"passed","title":"renders markdown content with diverse elements (tables, headers, etc.)","duration":352.4907000000003,"failureMessages":[],"meta":{},"tags":[]},{"ancestorTitles":["ChatMessage"],"fullName":"ChatMessage renders code blocks and handles copying successfully","status":"passed","title":"renders code blocks and handles copying successfully","duration":72.09159999999974,"failureMessages":[],"meta":{},"tags":[]},{"ancestorTitles":["ChatMessage"],"fullName":"ChatMessage renders mermaid diagrams using the specialized renderer","status":"passed","title":"renders mermaid diagrams using the specialized renderer","duration":5.9394999999985885,"failureMessages":[],"meta":{},"tags":[]},{"ancestorTitles":["ChatMessage"],"fullName":"ChatMessage renders inline code correctly","status":"passed","title":"renders inline code correctly","duration":5.969199999999546,"failureMessages":[],"meta":{},"tags":[]}],"startTime":1776013368747,"endTime":1776013369272.9692,"status":"passed","message":"","name":"C:/projetos/Agents/SimpleCrew/simple-crew-front/src/components/__tests__/ChatMessage.test.tsx"},{"assertionResults":[{"ancestorTitles":["ConfirmationModal"],"fullName":"ConfirmationModal renders correctly when open","status":"passed","title":"renders correctly when open","duration":78.04989999999998,"failureMessages":[],"meta":{},"tags":[]},{"ancestorTitles":["ConfirmationModal"],"fullName":"ConfirmationModal does not render when closed","status":"passed","title":"does not render when closed","duration":2.9247999999997774,"failureMessages":[],"meta":{},"tags":[]},{"ancestorTitles":["ConfirmationModal"],"fullName":"ConfirmationModal calls onConfirm when confirm button is clicked","status":"passed","title":"calls onConfirm when confirm button is clicked","duration":20.041400000000067,"failureMessages":[],"meta":{},"tags":[]},{"ancestorTitles":["ConfirmationModal"],"fullName":"ConfirmationModal calls onClose when cancel or backdrop is clicked","status":"passed","title":"calls onClose when cancel or backdrop is clicked","duration":12.829899999999725,"failureMessages":[],"meta":{},"tags":[]},{"ancestorTitles":["ConfirmationModal"],"fullName":"ConfirmationModal renders with danger variant","status":"passed","title":"renders with danger variant","duration":11.55159999999978,"failureMessages":[],"meta":{},"tags":[]}],"startTime":1776013390478,"endTime":1776013390603.5515,"status":"passed","message":"","name":"C:/projetos/Agents/SimpleCrew/simple-crew-front/src/components/__tests__/ConfirmationModal.test.tsx"},{"assertionResults":[{"ancestorTitles":["ConsoleDrawer Component"],"fullName":"ConsoleDrawer Component renders minimized state correctly","status":"passed","title":"renders minimized state correctly","duration":93.27729999999974,"failureMessages":[],"meta":{},"tags":[]},{"ancestorTitles":["ConsoleDrawer Component"],"fullName":"ConsoleDrawer Component expands when clicked while minimized","status":"passed","title":"expands when clicked while minimized","duration":21.08350000000064,"failureMessages":[],"meta":{},"tags":[]},{"ancestorTitles":["ConsoleDrawer Component"],"fullName":"ConsoleDrawer Component renders logs and expands correctly","status":"passed","title":"renders logs and expands correctly","duration":15.41320000000087,"failureMessages":[],"meta":{},"tags":[]},{"ancestorTitles":["ConsoleDrawer Component"],"fullName":"ConsoleDrawer Component shows loader while executing","status":"passed","title":"shows loader while executing","duration":21.009299999999712,"failureMessages":[],"meta":{},"tags":[]},{"ancestorTitles":["ConsoleDrawer Component"],"fullName":"ConsoleDrawer Component closes console when X is clicked","status":"passed","title":"closes console when X is clicked","duration":15.159499999999753,"failureMessages":[],"meta":{},"tags":[]},{"ancestorTitles":["ConsoleDrawer Component"],"fullName":"ConsoleDrawer Component auto-scrolls when output updates","status":"passed","title":"auto-scrolls when output updates","duration":16.06999999999971,"failureMessages":[],"meta":{},"tags":[]},{"ancestorTitles":["ConsoleDrawer Component"],"fullName":"ConsoleDrawer Component does not re-expand when clicked if already expanded","status":"passed","title":"does not re-expand when clicked if already expanded","duration":9.475500000000466,"failureMessages":[],"meta":{},"tags":[]},{"ancestorTitles":["ConsoleDrawer Component"],"fullName":"ConsoleDrawer Component toggles expansion when minimize/expand button is clicked","status":"passed","title":"toggles expansion when minimize/expand button is clicked","duration":26.214300000001458,"failureMessages":[],"meta":{},"tags":[]},{"ancestorTitles":["ConsoleDrawer Component"],"fullName":"ConsoleDrawer Component renders nothing when isConsoleOpen is false","status":"passed","title":"renders nothing when isConsoleOpen is false","duration":3.5085999999992055,"failureMessages":[],"meta":{},"tags":[]}],"startTime":1776013385597,"endTime":1776013385818.5085,"status":"passed","message":"","name":"C:/projetos/Agents/SimpleCrew/simple-crew-front/src/components/__tests__/ConsoleDrawer.test.tsx"},{"assertionResults":[{"ancestorTitles":["ExecutionDetailModal"],"fullName":"ExecutionDetailModal renders correctly when open","status":"passed","title":"renders correctly when open","duration":101.1377999999986,"failureMessages":[],"meta":{},"tags":[]},{"ancestorTitles":["ExecutionDetailModal"],"fullName":"ExecutionDetailModal returns null when isOpen is false or execution is null","status":"passed","title":"returns null when isOpen is false or execution is null","duration":7.488600000000588,"failureMessages":[],"meta":{},"tags":[]},{"ancestorTitles":["ExecutionDetailModal"],"fullName":"ExecutionDetailModal switches tabs and renders content","status":"passed","title":"switches tabs and renders content","duration":56.678499999999985,"failureMessages":[],"meta":{},"tags":[]},{"ancestorTitles":["ExecutionDetailModal"],"fullName":"ExecutionDetailModal calls onReRun and onClose callbacks","status":"passed","title":"calls onReRun and onClose callbacks","duration":15.772499999999127,"failureMessages":[],"meta":{},"tags":[]},{"ancestorTitles":["ExecutionDetailModal"],"fullName":"ExecutionDetailModal handles JSON clipboard copy","status":"passed","title":"handles JSON clipboard copy","duration":20.834399999999732,"failureMessages":[],"meta":{},"tags":[]},{"ancestorTitles":["ExecutionDetailModal"],"fullName":"ExecutionDetailModal renders correct trigger type icon and label","status":"passed","title":"renders correct trigger type icon and label","duration":20.64220000000023,"failureMessages":[],"meta":{},"tags":[]}],"startTime":1776013383278,"endTime":1776013383501.642,"status":"passed","message":"","name":"C:/projetos/Agents/SimpleCrew/simple-crew-front/src/components/__tests__/ExecutionDetailModal.test.tsx"},{"assertionResults":[{"ancestorTitles":["ExecutionsTab"],"fullName":"ExecutionsTab renders landing state when no project ID is present","status":"passed","title":"renders landing state when no project ID is present","duration":73.51029999999992,"failureMessages":[],"meta":{},"tags":[]},{"ancestorTitles":["ExecutionsTab"],"fullName":"ExecutionsTab fetches executions on mount when project ID is present","status":"passed","title":"fetches executions on mount when project ID is present","duration":16.486699999999473,"failureMessages":[],"meta":{},"tags":[]},{"ancestorTitles":["ExecutionsTab"],"fullName":"ExecutionsTab renders the execution table with executions","status":"passed","title":"renders the execution table with executions","duration":14.41150000000016,"failureMessages":[],"meta":{},"tags":[]},{"ancestorTitles":["ExecutionsTab"],"fullName":"ExecutionsTab filters executions based on search term","status":"passed","title":"filters executions based on search term","duration":29.198699999999008,"failureMessages":[],"meta":{},"tags":[]},{"ancestorTitles":["ExecutionsTab"],"fullName":"ExecutionsTab refreshes executions when refresh button is clicked","status":"passed","title":"refreshes executions when refresh button is clicked","duration":14.63299999999981,"failureMessages":[],"meta":{},"tags":[]},{"ancestorTitles":["ExecutionsTab"],"fullName":"ExecutionsTab opens detail modal when view button is clicked","status":"passed","title":"opens detail modal when view button is clicked","duration":25.953199999999924,"failureMessages":[],"meta":{},"tags":[]},{"ancestorTitles":["ExecutionsTab"],"fullName":"ExecutionsTab handles re-run action correctly","status":"passed","title":"handles re-run action correctly","duration":8.670799999999872,"failureMessages":[],"meta":{},"tags":[]}],"startTime":1776013385662,"endTime":1776013385845.671,"status":"passed","message":"","name":"C:/projetos/Agents/SimpleCrew/simple-crew-front/src/components/__tests__/ExecutionsTab.test.tsx"},{"assertionResults":[{"ancestorTitles":["ExecutionTable"],"fullName":"ExecutionTable renders table headers correctly","status":"passed","title":"renders table headers correctly","duration":138.02420000000166,"failureMessages":[],"meta":{},"tags":[]},{"ancestorTitles":["ExecutionTable"],"fullName":"ExecutionTable renders execution data correctly","status":"passed","title":"renders execution data correctly","duration":48.48319999999876,"failureMessages":[],"meta":{},"tags":[]},{"ancestorTitles":["ExecutionTable"],"fullName":"ExecutionTable calls onViewDetails when a row is clicked","status":"passed","title":"calls onViewDetails when a row is clicked","duration":32.010299999999916,"failureMessages":[],"meta":{},"tags":[]},{"ancestorTitles":["ExecutionTable"],"fullName":"ExecutionTable calls onViewDetails when the view details button is clicked","status":"passed","title":"calls onViewDetails when the view details button is clicked","duration":18.080199999998513,"failureMessages":[],"meta":{},"tags":[]},{"ancestorTitles":["ExecutionTable"],"fullName":"ExecutionTable calls onReRun when the re-run button is clicked","status":"passed","title":"calls onReRun when the re-run button is clicked","duration":18.3033000000014,"failureMessages":[],"meta":{},"tags":[]},{"ancestorTitles":["ExecutionTable"],"fullName":"ExecutionTable renders \"No executions found\" when data is empty","status":"passed","title":"renders \"No executions found\" when data is empty","duration":7.100099999999657,"failureMessages":[],"meta":{},"tags":[]}],"startTime":1776013376582,"endTime":1776013376844.1,"status":"passed","message":"","name":"C:/projetos/Agents/SimpleCrew/simple-crew-front/src/components/__tests__/ExecutionTable.test.tsx"},{"assertionResults":[{"ancestorTitles":["ExportDropdown"],"fullName":"ExportDropdown renders and toggles menu open/close","status":"passed","title":"renders and toggles menu open/close","duration":84.02160000000003,"failureMessages":[],"meta":{},"tags":[]},{"ancestorTitles":["ExportDropdown"],"fullName":"ExportDropdown triggers JSON export and closes menu","status":"passed","title":"triggers JSON export and closes menu","duration":14.749099999999999,"failureMessages":[],"meta":{},"tags":[]},{"ancestorTitles":["ExportDropdown"],"fullName":"ExportDropdown triggers Python export and closes menu","status":"passed","title":"triggers Python export and closes menu","duration":14.382200000000012,"failureMessages":[],"meta":{},"tags":[]},{"ancestorTitles":["ExportDropdown"],"fullName":"ExportDropdown renders \"Coming Soon\" for PDF Report","status":"passed","title":"renders \"Coming Soon\" for PDF Report","duration":10.1246000000001,"failureMessages":[],"meta":{},"tags":[]},{"ancestorTitles":["ExportDropdown"],"fullName":"ExportDropdown closes menu when clicking outside","status":"passed","title":"closes menu when clicking outside","duration":10.704400000000533,"failureMessages":[],"meta":{},"tags":[]}],"startTime":1776013387861,"endTime":1776013387995.7043,"status":"passed","message":"","name":"C:/projetos/Agents/SimpleCrew/simple-crew-front/src/components/__tests__/ExportDropdown.test.tsx"},{"assertionResults":[{"ancestorTitles":["HighlightedTextField Error Scenario"],"fullName":"HighlightedTextField Error Scenario shows error message when Editor fails to load","status":"passed","title":"shows error message when Editor fails to load","duration":25.882700000000114,"failureMessages":[],"meta":{},"tags":[]}],"startTime":1776013394213,"endTime":1776013394238.8828,"status":"passed","message":"","name":"C:/projetos/Agents/SimpleCrew/simple-crew-front/src/components/__tests__/HighlightedTextField.error.test.tsx"},{"assertionResults":[{"ancestorTitles":["HighlightedTextField"],"fullName":"HighlightedTextField renders as an input when type is \"input\"","status":"passed","title":"renders as an input when type is \"input\"","duration":39.917199999999866,"failureMessages":[],"meta":{},"tags":[]},{"ancestorTitles":["HighlightedTextField"],"fullName":"HighlightedTextField renders as a textarea/editor when type is \"textarea\"","status":"passed","title":"renders as a textarea/editor when type is \"textarea\"","duration":101.20669999999882,"failureMessages":[],"meta":{},"tags":[]},{"ancestorTitles":["HighlightedTextField"],"fullName":"HighlightedTextField displays the placeholder when value is empty","status":"passed","title":"displays the placeholder when value is empty","duration":5.921400000001086,"failureMessages":[],"meta":{},"tags":[]},{"ancestorTitles":["HighlightedTextField"],"fullName":"HighlightedTextField renders with custom className","status":"passed","title":"renders with custom className","duration":3.519000000000233,"failureMessages":[],"meta":{},"tags":[]},{"ancestorTitles":["HighlightedTextField","Interactions (Input)"],"fullName":"HighlightedTextField Interactions (Input) calls onChange when typing in input","status":"passed","title":"calls onChange when typing in input","duration":257.8832999999995,"failureMessages":[],"meta":{},"tags":[]},{"ancestorTitles":["HighlightedTextField","Interactions (Input)"],"fullName":"HighlightedTextField Interactions (Input) calls onKeyDown when key is pressed in input","status":"passed","title":"calls onKeyDown when key is pressed in input","duration":94.35599999999977,"failureMessages":[],"meta":{},"tags":[]},{"ancestorTitles":["HighlightedTextField","Interactions (Input)"],"fullName":"HighlightedTextField Interactions (Input) updates style on focus and blur in input","status":"passed","title":"updates style on focus and blur in input","duration":93.31810000000041,"failureMessages":[],"meta":{},"tags":[]},{"ancestorTitles":["HighlightedTextField","Interactions (Textarea)"],"fullName":"HighlightedTextField Interactions (Textarea) calls onChange when typing in editor","status":"passed","title":"calls onChange when typing in editor","duration":204.07790000000023,"failureMessages":[],"meta":{},"tags":[]},{"ancestorTitles":["HighlightedTextField","Interactions (Textarea)"],"fullName":"HighlightedTextField Interactions (Textarea) updates style on focus and blur in textarea","status":"passed","title":"updates style on focus and blur in textarea","duration":98.93689999999879,"failureMessages":[],"meta":{},"tags":[]},{"ancestorTitles":["HighlightedTextField","Interactions (Textarea)"],"fullName":"HighlightedTextField Interactions (Textarea) hides placeholder when focused","status":"passed","title":"hides placeholder when focused","duration":89.88370000000032,"failureMessages":[],"meta":{},"tags":[]},{"ancestorTitles":["HighlightedTextField","Highlighter (Prism)"],"fullName":"HighlightedTextField Highlighter (Prism) uses python highlighting when language is python","status":"passed","title":"uses python highlighting when language is python","duration":27.359699999999066,"failureMessages":[],"meta":{},"tags":[]},{"ancestorTitles":["HighlightedTextField","Highlighter (Prism)"],"fullName":"HighlightedTextField Highlighter (Prism) handles prism errors gracefully (fallback to plain text)","status":"passed","title":"handles prism errors gracefully (fallback to plain text)","duration":23.264400000000023,"failureMessages":[],"meta":{},"tags":[]},{"ancestorTitles":["HighlightedTextField","Highlighter (Prism)"],"fullName":"HighlightedTextField Highlighter (Prism) highlights template variables {var} correctly by default","status":"passed","title":"highlights template variables {var} correctly by default","duration":19.82260000000133,"failureMessages":[],"meta":{},"tags":[]}],"startTime":1776013366666,"endTime":1776013367727.8225,"status":"passed","message":"","name":"C:/projetos/Agents/SimpleCrew/simple-crew-front/src/components/__tests__/HighlightedTextField.test.tsx"},{"assertionResults":[{"ancestorTitles":["KnowledgeBaseDocumentsModal"],"fullName":"KnowledgeBaseDocumentsModal renders and allows closing","status":"passed","title":"renders and allows closing","duration":418.09270000000106,"failureMessages":[],"meta":{},"tags":[]},{"ancestorTitles":["KnowledgeBaseDocumentsModal"],"fullName":"KnowledgeBaseDocumentsModal handles loading state and file tree","status":"passed","title":"handles loading state and file tree","duration":44.02690000000075,"failureMessages":[],"meta":{},"tags":[]},{"ancestorTitles":["KnowledgeBaseDocumentsModal"],"fullName":"KnowledgeBaseDocumentsModal shows error on upload if embedding model is missing","status":"passed","title":"shows error on upload if embedding model is missing","duration":28.221199999999953,"failureMessages":[],"meta":{},"tags":[]},{"ancestorTitles":["KnowledgeBaseDocumentsModal"],"fullName":"KnowledgeBaseDocumentsModal triggers upload fetch","status":"passed","title":"triggers upload fetch","duration":37.53310000000056,"failureMessages":[],"meta":{},"tags":[]},{"ancestorTitles":["KnowledgeBaseDocumentsModal"],"fullName":"KnowledgeBaseDocumentsModal triggers delete fetch","status":"passed","title":"triggers delete fetch","duration":152.91640000000007,"failureMessages":[],"meta":{},"tags":[]}],"startTime":1776013367550,"endTime":1776013368230.9165,"status":"passed","message":"","name":"C:/projetos/Agents/SimpleCrew/simple-crew-front/src/components/__tests__/KnowledgeBaseDocumentsModal.test.tsx"},{"assertionResults":[{"ancestorTitles":["KnowledgeBaseSettings"],"fullName":"KnowledgeBaseSettings renders loading state then list of knowledge bases","status":"passed","title":"renders loading state then list of knowledge bases","duration":165.13750000000073,"failureMessages":[],"meta":{},"tags":[]},{"ancestorTitles":["KnowledgeBaseSettings"],"fullName":"KnowledgeBaseSettings shows empty state when no bases found","status":"passed","title":"shows empty state when no bases found","duration":23.337100000000646,"failureMessages":[],"meta":{},"tags":[]},{"ancestorTitles":["KnowledgeBaseSettings"],"fullName":"KnowledgeBaseSettings handles creation of a new knowledge base","status":"passed","title":"handles creation of a new knowledge base","duration":993.5056000000004,"failureMessages":[],"meta":{},"tags":[]},{"ancestorTitles":["KnowledgeBaseSettings"],"fullName":"KnowledgeBaseSettings handles deletion of a knowledge base","status":"passed","title":"handles deletion of a knowledge base","duration":198.69410000000062,"failureMessages":[],"meta":{},"tags":[]},{"ancestorTitles":["KnowledgeBaseSettings"],"fullName":"KnowledgeBaseSettings opens documents management modal","status":"passed","title":"opens documents management modal","duration":180.42220000000088,"failureMessages":[],"meta":{},"tags":[]}],"startTime":1776013366402,"endTime":1776013367963.422,"status":"passed","message":"","name":"C:/projetos/Agents/SimpleCrew/simple-crew-front/src/components/__tests__/KnowledgeBaseSettings.test.tsx"},{"assertionResults":[{"ancestorTitles":["MainSidebar"],"fullName":"MainSidebar renders logo and main navigation links","status":"passed","title":"renders logo and main navigation links","duration":73.54559999999947,"failureMessages":[],"meta":{},"tags":[]},{"ancestorTitles":["MainSidebar"],"fullName":"MainSidebar highlights the active link (Dashboard)","status":"passed","title":"highlights the active link (Dashboard)","duration":12.009700000000521,"failureMessages":[],"meta":{},"tags":[]},{"ancestorTitles":["MainSidebar"],"fullName":"MainSidebar highlights the active link when in a workflow","status":"passed","title":"highlights the active link when in a workflow","duration":7.45260000000053,"failureMessages":[],"meta":{},"tags":[]},{"ancestorTitles":["MainSidebar"],"fullName":"MainSidebar navigates to dashboard when logo is clicked","status":"passed","title":"navigates to dashboard when logo is clicked","duration":12.617899999999281,"failureMessages":[],"meta":{},"tags":[]},{"ancestorTitles":["MainSidebar"],"fullName":"MainSidebar navigates to dashboard when workflow button is clicked","status":"passed","title":"navigates to dashboard when workflow button is clicked","duration":10.70259999999962,"failureMessages":[],"meta":{},"tags":[]},{"ancestorTitles":["MainSidebar"],"fullName":"MainSidebar opens and closes settings menu","status":"passed","title":"opens and closes settings menu","duration":20.840900000000147,"failureMessages":[],"meta":{},"tags":[]},{"ancestorTitles":["MainSidebar"],"fullName":"MainSidebar navigates to settings page from menu","status":"passed","title":"navigates to settings page from menu","duration":12.578599999999824,"failureMessages":[],"meta":{},"tags":[]},{"ancestorTitles":["MainSidebar"],"fullName":"MainSidebar opens settings drawer from menu","status":"passed","title":"opens settings drawer from menu","duration":13.608999999999469,"failureMessages":[],"meta":{},"tags":[]},{"ancestorTitles":["MainSidebar"],"fullName":"MainSidebar opens about modal when help button is clicked","status":"passed","title":"opens about modal when help button is clicked","duration":12.468300000000454,"failureMessages":[],"meta":{},"tags":[]}],"startTime":1776013382586,"endTime":1776013382762.4683,"status":"passed","message":"","name":"C:/projetos/Agents/SimpleCrew/simple-crew-front/src/components/__tests__/MainSidebar.test.tsx"},{"assertionResults":[{"ancestorTitles":["MermaidRenderer"],"fullName":"MermaidRenderer renders successfully with SVG","status":"passed","title":"renders successfully with SVG","duration":55.649999999999636,"failureMessages":[],"meta":{},"tags":[]},{"ancestorTitles":["MermaidRenderer"],"fullName":"MermaidRenderer renders error message and original code on failure","status":"passed","title":"renders error message and original code on failure","duration":23.9354000000003,"failureMessages":[],"meta":{},"tags":[]},{"ancestorTitles":["MermaidRenderer"],"fullName":"MermaidRenderer opens full screen modal and renders zoom controls","status":"passed","title":"opens full screen modal and renders zoom controls","duration":32.57409999999982,"failureMessages":[],"meta":{},"tags":[]},{"ancestorTitles":["MermaidRenderer"],"fullName":"MermaidRenderer closes modal when clicking backdrop or close button","status":"passed","title":"closes modal when clicking backdrop or close button","duration":24.724299999999857,"failureMessages":[],"meta":{},"tags":[]}],"startTime":1776013386880,"endTime":1776013387016.7244,"status":"passed","message":"","name":"C:/projetos/Agents/SimpleCrew/simple-crew-front/src/components/__tests__/MermaidRenderer.test.tsx"},{"assertionResults":[{"ancestorTitles":["NodeConfigDrawer"],"fullName":"NodeConfigDrawer renders nothing when no node is active","status":"passed","title":"renders nothing when no node is active","duration":24.952900000000227,"failureMessages":[],"meta":{},"tags":[]},{"ancestorTitles":["NodeConfigDrawer"],"fullName":"NodeConfigDrawer renders correct title and form for node type: agent","status":"passed","title":"renders correct title and form for node type: agent","duration":58.07040000000052,"failureMessages":[],"meta":{},"tags":[]},{"ancestorTitles":["NodeConfigDrawer"],"fullName":"NodeConfigDrawer renders correct title and form for node type: task","status":"passed","title":"renders correct title and form for node type: task","duration":10.842800000000352,"failureMessages":[],"meta":{},"tags":[]},{"ancestorTitles":["NodeConfigDrawer"],"fullName":"NodeConfigDrawer renders correct title and form for node type: crew","status":"passed","title":"renders correct title and form for node type: crew","duration":7.025700000000143,"failureMessages":[],"meta":{},"tags":[]},{"ancestorTitles":["NodeConfigDrawer"],"fullName":"NodeConfigDrawer renders correct title and form for node type: chat","status":"passed","title":"renders correct title and form for node type: chat","duration":7.273000000001048,"failureMessages":[],"meta":{},"tags":[]},{"ancestorTitles":["NodeConfigDrawer"],"fullName":"NodeConfigDrawer renders correct title and form for node type: webhook","status":"passed","title":"renders correct title and form for node type: webhook","duration":7.110199999999168,"failureMessages":[],"meta":{},"tags":[]},{"ancestorTitles":["NodeConfigDrawer"],"fullName":"NodeConfigDrawer handles name validation error","status":"passed","title":"handles name validation error","duration":7.273000000001048,"failureMessages":[],"meta":{},"tags":[]},{"ancestorTitles":["NodeConfigDrawer"],"fullName":"NodeConfigDrawer triggers bulk AI suggestion","status":"passed","title":"triggers bulk AI suggestion","duration":11.82760000000053,"failureMessages":[],"meta":{},"tags":[]},{"ancestorTitles":["NodeConfigDrawer"],"fullName":"NodeConfigDrawer renders autocomplete suggestions and handles selection","status":"passed","title":"renders autocomplete suggestions and handles selection","duration":26.35939999999937,"failureMessages":[],"meta":{},"tags":[]},{"ancestorTitles":["NodeConfigDrawer"],"fullName":"NodeConfigDrawer renders node warnings","status":"passed","title":"renders node warnings","duration":12.52520000000004,"failureMessages":[],"meta":{},"tags":[]}],"startTime":1776013386774,"endTime":1776013386948.5251,"status":"passed","message":"","name":"C:/projetos/Agents/SimpleCrew/simple-crew-front/src/components/__tests__/NodeConfigDrawer.test.tsx"},{"assertionResults":[{"ancestorTitles":["PatchNotesModal"],"fullName":"PatchNotesModal renders nothing when isOpen is false","status":"passed","title":"renders nothing when isOpen is false","duration":23.58810000000085,"failureMessages":[],"meta":{},"tags":[]},{"ancestorTitles":["PatchNotesModal"],"fullName":"PatchNotesModal renders loading state","status":"passed","title":"renders loading state","duration":48.78440000000046,"failureMessages":[],"meta":{},"tags":[]},{"ancestorTitles":["PatchNotesModal"],"fullName":"PatchNotesModal renders error state and handles retry","status":"passed","title":"renders error state and handles retry","duration":17.925199999999677,"failureMessages":[],"meta":{},"tags":[]},{"ancestorTitles":["PatchNotesModal"],"fullName":"PatchNotesModal renders release content correctly","status":"passed","title":"renders release content correctly","duration":147.61759999999958,"failureMessages":[],"meta":{},"tags":[]},{"ancestorTitles":["PatchNotesModal"],"fullName":"PatchNotesModal calls onClose when backdrop is clicked","status":"passed","title":"calls onClose when backdrop is clicked","duration":9.587600000000748,"failureMessages":[],"meta":{},"tags":[]},{"ancestorTitles":["PatchNotesModal"],"fullName":"PatchNotesModal calls onClose when close button is clicked","status":"passed","title":"calls onClose when close button is clicked","duration":159.17419999999947,"failureMessages":[],"meta":{},"tags":[]}],"startTime":1776013375067,"endTime":1776013375474.1743,"status":"passed","message":"","name":"C:/projetos/Agents/SimpleCrew/simple-crew-front/src/components/__tests__/PatchNotesModal.test.tsx"},{"assertionResults":[{"ancestorTitles":["ResizableChatPanel"],"fullName":"ResizableChatPanel renders nothing when isChatVisible is false","status":"passed","title":"renders nothing when isChatVisible is false","duration":22.6257999999998,"failureMessages":[],"meta":{},"tags":[]},{"ancestorTitles":["ResizableChatPanel"],"fullName":"ResizableChatPanel renders messages correctly","status":"passed","title":"renders messages correctly","duration":41.52130000000034,"failureMessages":[],"meta":{},"tags":[]},{"ancestorTitles":["ResizableChatPanel"],"fullName":"ResizableChatPanel toggles minimized state","status":"passed","title":"toggles minimized state","duration":26.96810000000005,"failureMessages":[],"meta":{},"tags":[]},{"ancestorTitles":["ResizableChatPanel"],"fullName":"ResizableChatPanel handles clearing the chat with confirmation","status":"passed","title":"handles clearing the chat with confirmation","duration":16.63929999999982,"failureMessages":[],"meta":{},"tags":[]},{"ancestorTitles":["ResizableChatPanel"],"fullName":"ResizableChatPanel closes the panel when X is clicked","status":"passed","title":"closes the panel when X is clicked","duration":9.492799999999988,"failureMessages":[],"meta":{},"tags":[]},{"ancestorTitles":["ResizableChatPanel"],"fullName":"ResizableChatPanel handles resizing functionality and auto-expands if minimized","status":"passed","title":"handles resizing functionality and auto-expands if minimized","duration":23.60279999999966,"failureMessages":[],"meta":{},"tags":[]},{"ancestorTitles":["ResizableChatPanel"],"fullName":"ResizableChatPanel auto-scrolls to bottom when messages update","status":"passed","title":"auto-scrolls to bottom when messages update","duration":9.429900000000089,"failureMessages":[],"meta":{},"tags":[]},{"ancestorTitles":["ResizableChatPanel"],"fullName":"ResizableChatPanel shows typing indicator when loading","status":"passed","title":"shows typing indicator when loading","duration":19.68289999999979,"failureMessages":[],"meta":{},"tags":[]},{"ancestorTitles":["ResizableChatPanel","handleSendMessage logic"],"fullName":"ResizableChatPanel handleSendMessage logic shows error if no Chat node is found","status":"passed","title":"shows error if no Chat node is found","duration":15.72900000000027,"failureMessages":[],"meta":{},"tags":[]},{"ancestorTitles":["ResizableChatPanel","handleSendMessage logic"],"fullName":"ResizableChatPanel handleSendMessage logic shows error if input mapping is missing","status":"passed","title":"shows error if input mapping is missing","duration":8.86489999999958,"failureMessages":[],"meta":{},"tags":[]},{"ancestorTitles":["ResizableChatPanel","handleSendMessage logic"],"fullName":"ResizableChatPanel handleSendMessage logic shows error if node is disconnected","status":"passed","title":"shows error if node is disconnected","duration":8.72689999999966,"failureMessages":[],"meta":{},"tags":[]},{"ancestorTitles":["ResizableChatPanel","handleSendMessage logic"],"fullName":"ResizableChatPanel handleSendMessage logic successfully sends message and runs execution","status":"passed","title":"successfully sends message and runs execution","duration":14.806099999999788,"failureMessages":[],"meta":{},"tags":[]},{"ancestorTitles":["ResizableChatPanel","handleSendMessage logic"],"fullName":"ResizableChatPanel handleSendMessage logic handles execution errors gracefully","status":"passed","title":"handles execution errors gracefully","duration":13.250900000000001,"failureMessages":[],"meta":{},"tags":[]}],"startTime":1776013379850,"endTime":1776013380082.251,"status":"passed","message":"","name":"C:/projetos/Agents/SimpleCrew/simple-crew-front/src/components/__tests__/ResizableChatPanel.test.tsx"},{"assertionResults":[{"ancestorTitles":["SettingsDrawer"],"fullName":"SettingsDrawer renders nothing when closed","status":"passed","title":"renders nothing when closed","duration":29.0012999999999,"failureMessages":[],"meta":{},"tags":[]},{"ancestorTitles":["SettingsDrawer"],"fullName":"SettingsDrawer renders settings sections correctly","status":"passed","title":"renders settings sections correctly","duration":76.00320000000102,"failureMessages":[],"meta":{},"tags":[]},{"ancestorTitles":["SettingsDrawer"],"fullName":"SettingsDrawer calls toggleTheme when theme buttons are clicked","status":"passed","title":"calls toggleTheme when theme buttons are clicked","duration":23.016200000000026,"failureMessages":[],"meta":{},"tags":[]},{"ancestorTitles":["SettingsDrawer"],"fullName":"SettingsDrawer calls setIsSettingsOpen(false) when X is clicked","status":"passed","title":"calls setIsSettingsOpen(false) when X is clicked","duration":28.027399999999034,"failureMessages":[],"meta":{},"tags":[]},{"ancestorTitles":["SettingsDrawer"],"fullName":"SettingsDrawer handles workspace selection","status":"passed","title":"handles workspace selection","duration":224.65450000000055,"failureMessages":[],"meta":{},"tags":[]},{"ancestorTitles":["SettingsDrawer"],"fullName":"SettingsDrawer opens workspace add form and handles submission","status":"passed","title":"opens workspace add form and handles submission","duration":57.896200000001045,"failureMessages":[],"meta":{},"tags":[]}],"startTime":1776013374743,"endTime":1776013375182.8962,"status":"passed","message":"","name":"C:/projetos/Agents/SimpleCrew/simple-crew-front/src/components/__tests__/SettingsDrawer.test.tsx"},{"assertionResults":[{"ancestorTitles":["Sidebar (Builder Node Palette)"],"fullName":"Sidebar (Builder Node Palette) renders correctly with default state","status":"passed","title":"renders correctly with default state","duration":104.83250000000044,"failureMessages":[],"meta":{},"tags":[]},{"ancestorTitles":["Sidebar (Builder Node Palette)"],"fullName":"Sidebar (Builder Node Palette) adds a node when the plus button is clicked","status":"passed","title":"adds a node when the plus button is clicked","duration":110.97149999999965,"failureMessages":[],"meta":{},"tags":[]},{"ancestorTitles":["Sidebar (Builder Node Palette)"],"fullName":"Sidebar (Builder Node Palette) sets drag data on drag start","status":"passed","title":"sets drag data on drag start","duration":42.33650000000125,"failureMessages":[],"meta":{},"tags":[]},{"ancestorTitles":["Sidebar (Builder Node Palette)"],"fullName":"Sidebar (Builder Node Palette) calls setIsSidebarCollapsed when toggle button is clicked","status":"passed","title":"calls setIsSidebarCollapsed when toggle button is clicked","duration":19.754100000000108,"failureMessages":[],"meta":{},"tags":[]},{"ancestorTitles":["Sidebar (Builder Node Palette)"],"fullName":"Sidebar (Builder Node Palette) renders collapsed state correctly","status":"passed","title":"renders collapsed state correctly","duration":16.01300000000083,"failureMessages":[],"meta":{},"tags":[]},{"ancestorTitles":["Sidebar (Builder Node Palette)"],"fullName":"Sidebar (Builder Node Palette) opens usability drawer","status":"passed","title":"opens usability drawer","duration":15.471299999999246,"failureMessages":[],"meta":{},"tags":[]},{"ancestorTitles":["Sidebar (Builder Node Palette)"],"fullName":"Sidebar (Builder Node Palette) handles workspace linking","status":"passed","title":"handles workspace linking","duration":39.03659999999945,"failureMessages":[],"meta":{},"tags":[]},{"ancestorTitles":["Sidebar (Builder Node Palette)"],"fullName":"Sidebar (Builder Node Palette) handles workspace unlinking","status":"passed","title":"handles workspace unlinking","duration":20.514900000000125,"failureMessages":[],"meta":{},"tags":[]},{"ancestorTitles":["Sidebar (Builder Node Palette)"],"fullName":"Sidebar (Builder Node Palette) triggers file input for JSON import","status":"passed","title":"triggers file input for JSON import","duration":24.805099999999584,"failureMessages":[],"meta":{},"tags":[]},{"ancestorTitles":["Sidebar (Builder Node Palette)"],"fullName":"Sidebar (Builder Node Palette) opens settings drawer from footer","status":"passed","title":"opens settings drawer from footer","duration":17.173500000000786,"failureMessages":[],"meta":{},"tags":[]}],"startTime":1776013377077,"endTime":1776013377489.1736,"status":"passed","message":"","name":"C:/projetos/Agents/SimpleCrew/simple-crew-front/src/components/__tests__/Sidebar.test.tsx"},{"assertionResults":[{"ancestorTitles":["SnapshotFlow"],"fullName":"SnapshotFlow renders gracefully with missing or undefined node_statuses","status":"passed","title":"renders gracefully with missing or undefined node_statuses","duration":79.19620000000032,"failureMessages":[],"meta":{},"tags":[]},{"ancestorTitles":["SnapshotFlow"],"fullName":"SnapshotFlow applies basic fallback logic when nodeStatuses are omitted but global status is error","status":"passed","title":"applies basic fallback logic when nodeStatuses are omitted but global status is error","duration":17.758200000000215,"failureMessages":[],"meta":{},"tags":[]},{"ancestorTitles":["SnapshotFlow"],"fullName":"SnapshotFlow applies precise Green Check (success) using granular node_statuses mapping","status":"passed","title":"applies precise Green Check (success) using granular node_statuses mapping","duration":25.94419999999991,"failureMessages":[],"meta":{},"tags":[]},{"ancestorTitles":["SnapshotFlow"],"fullName":"SnapshotFlow applies precise Red X (error) using granular node_statuses mapping","status":"passed","title":"applies precise Red X (error) using granular node_statuses mapping","duration":15.345499999999447,"failureMessages":[],"meta":{},"tags":[]},{"ancestorTitles":["SnapshotFlow"],"fullName":"SnapshotFlow updates edge styles to Vibrant Green (#22c55e) correctly for successful flows","status":"passed","title":"updates edge styles to Vibrant Green (#22c55e) correctly for successful flows","duration":17.19130000000041,"failureMessages":[],"meta":{},"tags":[]},{"ancestorTitles":["SnapshotFlow"],"fullName":"SnapshotFlow maintains neutral edge styles where flow aborted (error path)","status":"passed","title":"maintains neutral edge styles where flow aborted (error path)","duration":10.6895999999997,"failureMessages":[],"meta":{},"tags":[]}],"startTime":1776013387346,"endTime":1776013387512.6897,"status":"passed","message":"","name":"C:/projetos/Agents/SimpleCrew/simple-crew-front/src/components/__tests__/SnapshotFlow.test.tsx"},{"assertionResults":[{"ancestorTitles":["Toast Component"],"fullName":"Toast Component renders nothing when there is no notification","status":"passed","title":"renders nothing when there is no notification","duration":25.075300000000425,"failureMessages":[],"meta":{},"tags":[]},{"ancestorTitles":["Toast Component"],"fullName":"Toast Component renders nothing when notification is not visible","status":"passed","title":"renders nothing when notification is not visible","duration":3.1886000000013155,"failureMessages":[],"meta":{},"tags":[]},{"ancestorTitles":["Toast Component"],"fullName":"Toast Component renders the correct message and type","status":"passed","title":"renders the correct message and type","duration":45.83810000000085,"failureMessages":[],"meta":{},"tags":[]},{"ancestorTitles":["Toast Component"],"fullName":"Toast Component renders different colors for error type","status":"passed","title":"renders different colors for error type","duration":9.686399999998685,"failureMessages":[],"meta":{},"tags":[]},{"ancestorTitles":["Toast Component"],"fullName":"Toast Component calls clearNotification when close button is clicked","status":"passed","title":"calls clearNotification when close button is clicked","duration":207.34670000000006,"failureMessages":[],"meta":{},"tags":[]}],"startTime":1776013377106,"endTime":1776013377397.3467,"status":"passed","message":"","name":"C:/projetos/Agents/SimpleCrew/simple-crew-front/src/components/__tests__/Toast.test.tsx"},{"assertionResults":[{"ancestorTitles":["ToolConfigurationModal"],"fullName":"ToolConfigurationModal renders nothing when isOpen is false","status":"passed","title":"renders nothing when isOpen is false","duration":25.458699999999226,"failureMessages":[],"meta":{},"tags":[]},{"ancestorTitles":["ToolConfigurationModal"],"fullName":"ToolConfigurationModal renders header correctly when open","status":"passed","title":"renders header correctly when open","duration":101.56580000000031,"failureMessages":[],"meta":{},"tags":[]},{"ancestorTitles":["ToolConfigurationModal"],"fullName":"ToolConfigurationModal validates required fields","status":"passed","title":"validates required fields","duration":290.3756999999987,"failureMessages":[],"meta":{},"tags":[]},{"ancestorTitles":["ToolConfigurationModal"],"fullName":"ToolConfigurationModal calls onSave with updated config","status":"passed","title":"calls onSave with updated config","duration":436.4297999999999,"failureMessages":[],"meta":{},"tags":[]}],"startTime":1776013366752,"endTime":1776013367606.4297,"status":"passed","message":"","name":"C:/projetos/Agents/SimpleCrew/simple-crew-front/src/components/__tests__/ToolConfigurationModal.test.tsx"},{"assertionResults":[{"ancestorTitles":["UsabilityCardsDrawer"],"fullName":"UsabilityCardsDrawer renders correctly when open","status":"passed","title":"renders correctly when open","duration":87.90410000000156,"failureMessages":[],"meta":{},"tags":[]},{"ancestorTitles":["UsabilityCardsDrawer"],"fullName":"UsabilityCardsDrawer closes the drawer when X is clicked","status":"passed","title":"closes the drawer when X is clicked","duration":24.931700000001,"failureMessages":[],"meta":{},"tags":[]},{"ancestorTitles":["UsabilityCardsDrawer"],"fullName":"UsabilityCardsDrawer adds a Chat Trigger node when clicked","status":"passed","title":"adds a Chat Trigger node when clicked","duration":14.232900000000882,"failureMessages":[],"meta":{},"tags":[]},{"ancestorTitles":["UsabilityCardsDrawer"],"fullName":"UsabilityCardsDrawer adds a Webhook Trigger node when clicked","status":"passed","title":"adds a Webhook Trigger node when clicked","duration":9.292900000000373,"failureMessages":[],"meta":{},"tags":[]},{"ancestorTitles":["UsabilityCardsDrawer"],"fullName":"UsabilityCardsDrawer handles search input","status":"passed","title":"handles search input","duration":20.90480000000025,"failureMessages":[],"meta":{},"tags":[]}],"startTime":1776013383479,"endTime":1776013383636.9048,"status":"passed","message":"","name":"C:/projetos/Agents/SimpleCrew/simple-crew-front/src/components/__tests__/UsabilityCardsDrawer.test.tsx"},{"assertionResults":[{"ancestorTitles":["WorkspaceExplorer - Total Coverage"],"fullName":"WorkspaceExplorer - Total Coverage returns null if isExplorerOpen is false","status":"passed","title":"returns null if isExplorerOpen is false","duration":25.373899999999594,"failureMessages":[],"meta":{},"tags":[]},{"ancestorTitles":["WorkspaceExplorer - Total Coverage"],"fullName":"WorkspaceExplorer - Total Coverage renders workspace metadata and header actions","status":"passed","title":"renders workspace metadata and header actions","duration":73.39449999999943,"failureMessages":[],"meta":{},"tags":[]},{"ancestorTitles":["WorkspaceExplorer - Total Coverage"],"fullName":"WorkspaceExplorer - Total Coverage closes explorer via header button","status":"passed","title":"closes explorer via header button","duration":12.84060000000045,"failureMessages":[],"meta":{},"tags":[]},{"ancestorTitles":["WorkspaceExplorer - Total Coverage"],"fullName":"WorkspaceExplorer - Total Coverage handles search input from FileTree","status":"passed","title":"handles search input from FileTree","duration":14.850199999999859,"failureMessages":[],"meta":{},"tags":[]},{"ancestorTitles":["WorkspaceExplorer - Total Coverage"],"fullName":"WorkspaceExplorer - Total Coverage triggers upload from FileTree","status":"passed","title":"triggers upload from FileTree","duration":15.2458000000006,"failureMessages":[],"meta":{},"tags":[]},{"ancestorTitles":["WorkspaceExplorer - Total Coverage"],"fullName":"WorkspaceExplorer - Total Coverage handles download from FileViewer","status":"passed","title":"handles download from FileViewer","duration":11.95930000000044,"failureMessages":[],"meta":{},"tags":[]},{"ancestorTitles":["WorkspaceExplorer - Total Coverage"],"fullName":"WorkspaceExplorer - Total Coverage handles context menu items and prevention","status":"passed","title":"handles context menu items and prevention","duration":23.33339999999953,"failureMessages":[],"meta":{},"tags":[]},{"ancestorTitles":["WorkspaceExplorer - Total Coverage"],"fullName":"WorkspaceExplorer - Total Coverage renders file-specific context menu options","status":"passed","title":"renders file-specific context menu options","duration":51.441500000000815,"failureMessages":[],"meta":{},"tags":[]},{"ancestorTitles":["WorkspaceExplorer - Total Coverage"],"fullName":"WorkspaceExplorer - Total Coverage closes the ConfirmationModal via onClose","status":"passed","title":"closes the ConfirmationModal via onClose","duration":21.751900000001115,"failureMessages":[],"meta":{},"tags":[]},{"ancestorTitles":["WorkspaceExplorer - Total Coverage"],"fullName":"WorkspaceExplorer - Total Coverage confirms deletion in the modal","status":"passed","title":"confirms deletion in the modal","duration":22.384799999999814,"failureMessages":[],"meta":{},"tags":[]},{"ancestorTitles":["WorkspaceExplorer - Total Coverage"],"fullName":"WorkspaceExplorer - Total Coverage triggers folder zip from FileTree","status":"passed","title":"triggers folder zip from FileTree","duration":15.10950000000048,"failureMessages":[],"meta":{},"tags":[]},{"ancestorTitles":["WorkspaceExplorer - Total Coverage"],"fullName":"WorkspaceExplorer - Total Coverage closes explorer when backdrop is clicked","status":"passed","title":"closes explorer when backdrop is clicked","duration":10.789800000000469,"failureMessages":[],"meta":{},"tags":[]},{"ancestorTitles":["WorkspaceExplorer - Total Coverage"],"fullName":"WorkspaceExplorer - Total Coverage prevents context menu defaults and propagation on menu container","status":"passed","title":"prevents context menu defaults and propagation on menu container","duration":23.771499999998923,"failureMessages":[],"meta":{},"tags":[]}],"startTime":1776013377403,"endTime":1776013377725.7715,"status":"passed","message":"","name":"C:/projetos/Agents/SimpleCrew/simple-crew-front/src/components/__tests__/WorkspaceExplorer.test.tsx"},{"assertionResults":[{"ancestorTitles":["RTL Test"],"fullName":"RTL Test should render a simple element","status":"passed","title":"should render a simple element","duration":32.32369999999992,"failureMessages":[],"meta":{},"tags":[]}],"startTime":1776013394173,"endTime":1776013394205.3237,"status":"passed","message":"","name":"C:/projetos/Agents/SimpleCrew/simple-crew-front/src/hooks/__tests__/rtl.test.ts"},{"assertionResults":[{"ancestorTitles":["Smoke Test"],"fullName":"Smoke Test should pass","status":"passed","title":"should pass","duration":1.522899999999936,"failureMessages":[],"meta":{},"tags":[]}],"startTime":1776013393952,"endTime":1776013393953.523,"status":"passed","message":"","name":"C:/projetos/Agents/SimpleCrew/simple-crew-front/src/hooks/__tests__/smoke.test.ts"},{"assertionResults":[{"ancestorTitles":["useMermaidExport - Hook Coverage"],"fullName":"useMermaidExport - Hook Coverage downloadPNG: triggers the full pipeline","status":"passed","title":"downloadPNG: triggers the full pipeline","duration":52.021600000000035,"failureMessages":[],"meta":{},"tags":[]},{"ancestorTitles":["useMermaidExport - Hook Coverage"],"fullName":"useMermaidExport - Hook Coverage downloadPDF: triggers the pipeline and saves pdf","status":"passed","title":"downloadPDF: triggers the pipeline and saves pdf","duration":8.52429999999913,"failureMessages":[],"meta":{},"tags":[]},{"ancestorTitles":["useMermaidExport - Hook Coverage"],"fullName":"useMermaidExport - Hook Coverage handles missing SVG in downloadPNG","status":"passed","title":"handles missing SVG in downloadPNG","duration":4.563699999998789,"failureMessages":[],"meta":{},"tags":[]},{"ancestorTitles":["useMermaidExport - Hook Coverage"],"fullName":"useMermaidExport - Hook Coverage downloadPDF: handles missing SVG","status":"passed","title":"downloadPDF: handles missing SVG","duration":4.246800000000803,"failureMessages":[],"meta":{},"tags":[]},{"ancestorTitles":["useMermaidExport - Hook Coverage"],"fullName":"useMermaidExport - Hook Coverage downloadPDF: handles errors in the pipeline","status":"passed","title":"downloadPDF: handles errors in the pipeline","duration":19.100899999999456,"failureMessages":[],"meta":{},"tags":[]},{"ancestorTitles":["useMermaidExport - Hook Coverage"],"fullName":"useMermaidExport - Hook Coverage downloadPNG: handles errors in the pipeline","status":"passed","title":"downloadPNG: handles errors in the pipeline","duration":16.108000000000175,"failureMessages":[],"meta":{},"tags":[]},{"ancestorTitles":["useMermaidExport - Hook Coverage"],"fullName":"useMermaidExport - Hook Coverage downloadPDF: handles large height aspect ratio","status":"passed","title":"downloadPDF: handles large height aspect ratio","duration":15.882100000000719,"failureMessages":[],"meta":{},"tags":[]},{"ancestorTitles":["useMermaidExport - Hook Coverage"],"fullName":"useMermaidExport - Hook Coverage generateMermaidString covers all node types","status":"passed","title":"generateMermaidString covers all node types","duration":3.4221999999990658,"failureMessages":[],"meta":{},"tags":[]},{"ancestorTitles":["useMermaidExport - Hook Coverage"],"fullName":"useMermaidExport - Hook Coverage exportSvgToCanvas: removes external images","status":"passed","title":"exportSvgToCanvas: removes external images","duration":14.693199999999706,"failureMessages":[],"meta":{},"tags":[]},{"ancestorTitles":["useMermaidExport - Hook Coverage"],"fullName":"useMermaidExport - Hook Coverage exportSvgToCanvas: handles load error","status":"passed","title":"exportSvgToCanvas: handles load error","duration":11.402799999999843,"failureMessages":[],"meta":{},"tags":[]},{"ancestorTitles":["useMermaidExport - Hook Coverage"],"fullName":"useMermaidExport - Hook Coverage exportSvgToCanvas: handles unexpected errors","status":"passed","title":"exportSvgToCanvas: handles unexpected errors","duration":4.858899999999267,"failureMessages":[],"meta":{},"tags":[]}],"startTime":1776013386152,"endTime":1776013386306.859,"status":"passed","message":"","name":"C:/projetos/Agents/SimpleCrew/simple-crew-front/src/hooks/__tests__/useMermaidExport.test.ts"},{"assertionResults":[{"ancestorTitles":["useNodeConfig"],"fullName":"useNodeConfig should return initial values based on active node","status":"passed","title":"should return initial values based on active node","duration":25.604199999999764,"failureMessages":[],"meta":{},"tags":[]},{"ancestorTitles":["useNodeConfig","Suggestion System"],"fullName":"useNodeConfig Suggestion System should open suggestion menu when typing \"{\"","status":"passed","title":"should open suggestion menu when typing \"{\"","duration":4.518999999999323,"failureMessages":[],"meta":{},"tags":[]},{"ancestorTitles":["useNodeConfig","Suggestion System"],"fullName":"useNodeConfig Suggestion System should handle suggestion selection and inject into field","status":"passed","title":"should handle suggestion selection and inject into field","duration":8.623700000000099,"failureMessages":[],"meta":{},"tags":[]},{"ancestorTitles":["useNodeConfig","Chat & Crew Logic"],"fullName":"useNodeConfig Chat & Crew Logic should identify chat connection to crew and provide inputs","status":"passed","title":"should identify chat connection to crew and provide inputs","duration":2.867000000000189,"failureMessages":[],"meta":{},"tags":[]},{"ancestorTitles":["useNodeConfig","AI Suggestions"],"fullName":"useNodeConfig AI Suggestions should trigger individual AI suggestion","status":"passed","title":"should trigger individual AI suggestion","duration":3.3299999999999272,"failureMessages":[],"meta":{},"tags":[]},{"ancestorTitles":["useNodeConfig","AI Suggestions"],"fullName":"useNodeConfig AI Suggestions should trigger bulk AI suggestion for Agent","status":"passed","title":"should trigger bulk AI suggestion for Agent","duration":3.0753999999997177,"failureMessages":[],"meta":{},"tags":[]},{"ancestorTitles":["useNodeConfig","AI Suggestions"],"fullName":"useNodeConfig AI Suggestions should trigger bulk AI suggestion for Task","status":"passed","title":"should trigger bulk AI suggestion for Task","duration":2.23870000000079,"failureMessages":[],"meta":{},"tags":[]},{"ancestorTitles":["useNodeConfig","AI Suggestions"],"fullName":"useNodeConfig AI Suggestions should show error if bulk suggest is called without name","status":"passed","title":"should show error if bulk suggest is called without name","duration":3.056800000000294,"failureMessages":[],"meta":{},"tags":[]},{"ancestorTitles":["useNodeConfig","Keyboard Navigation"],"fullName":"useNodeConfig Keyboard Navigation should handle ArrowDown, ArrowUp and Enter in suggestion menu","status":"passed","title":"should handle ArrowDown, ArrowUp and Enter in suggestion menu","duration":4.855199999999968,"failureMessages":[],"meta":{},"tags":[]},{"ancestorTitles":["useNodeConfig","Keyboard Navigation"],"fullName":"useNodeConfig Keyboard Navigation should close suggestion on Escape","status":"passed","title":"should close suggestion on Escape","duration":2.5900000000001455,"failureMessages":[],"meta":{},"tags":[]},{"ancestorTitles":["useNodeConfig","Drag and Drop Order"],"fullName":"useNodeConfig Drag and Drop Order should update crew agent order on drag end","status":"passed","title":"should update crew agent order on drag end","duration":2.2695000000003347,"failureMessages":[],"meta":{},"tags":[]},{"ancestorTitles":["useNodeConfig","Drag and Drop Order"],"fullName":"useNodeConfig Drag and Drop Order should update task order on drag end","status":"passed","title":"should update task order on drag end","duration":2.073699999999917,"failureMessages":[],"meta":{},"tags":[]},{"ancestorTitles":["useNodeConfig","Drag and Drop Order"],"fullName":"useNodeConfig Drag and Drop Order should update task order on drag end for crew node","status":"passed","title":"should update task order on drag end for crew node","duration":1.8005000000002838,"failureMessages":[],"meta":{},"tags":[]},{"ancestorTitles":["useNodeConfig","Missing Branches and Variables Extraction"],"fullName":"useNodeConfig Missing Branches and Variables Extraction useEffect: should trigger updateCrewAgentOrder if missing agents in order","status":"passed","title":"useEffect: should trigger updateCrewAgentOrder if missing agents in order","duration":1.6354000000001179,"failureMessages":[],"meta":{},"tags":[]},{"ancestorTitles":["useNodeConfig","Missing Branches and Variables Extraction"],"fullName":"useNodeConfig Missing Branches and Variables Extraction should set name error if duplicate exists","status":"passed","title":"should set name error if duplicate exists","duration":2.0131000000001222,"failureMessages":[],"meta":{},"tags":[]},{"ancestorTitles":["useNodeConfig","Missing Branches and Variables Extraction"],"fullName":"useNodeConfig Missing Branches and Variables Extraction should update name if not duplicate","status":"passed","title":"should update name if not duplicate","duration":2.3936000000003332,"failureMessages":[],"meta":{},"tags":[]},{"ancestorTitles":["useNodeConfig","Missing Branches and Variables Extraction"],"fullName":"useNodeConfig Missing Branches and Variables Extraction should show error if bulk suggest is called for task without name","status":"passed","title":"should show error if bulk suggest is called for task without name","duration":4.580899999999929,"failureMessages":[],"meta":{},"tags":[]},{"ancestorTitles":["useNodeConfig","Missing Branches and Variables Extraction"],"fullName":"useNodeConfig Missing Branches and Variables Extraction should not open suggestion menu and close it if open, when typing normal text","status":"passed","title":"should not open suggestion menu and close it if open, when typing normal text","duration":1.8894000000000233,"failureMessages":[],"meta":{},"tags":[]},{"ancestorTitles":["useNodeConfig","Missing Branches and Variables Extraction"],"fullName":"useNodeConfig Missing Branches and Variables Extraction should extract variables from all nodes in the project correctly","status":"passed","title":"should extract variables from all nodes in the project correctly","duration":2.224500000000262,"failureMessages":[],"meta":{},"tags":[]}],"startTime":1776013392316,"endTime":1776013392399.2246,"status":"passed","message":"","name":"C:/projetos/Agents/SimpleCrew/simple-crew-front/src/hooks/__tests__/useNodeConfig.test.ts"},{"assertionResults":[{"ancestorTitles":["useWorkspace - Hook Coverage"],"fullName":"useWorkspace - Hook Coverage handleFileSelect: fetches content and highlights","status":"passed","title":"handleFileSelect: fetches content and highlights","duration":33.942699999999604,"failureMessages":[],"meta":{},"tags":[]},{"ancestorTitles":["useWorkspace - Hook Coverage"],"fullName":"useWorkspace - Hook Coverage handleDownload: downloads current file content","status":"passed","title":"handleDownload: downloads current file content","duration":24.58770000000004,"failureMessages":[],"meta":{},"tags":[]},{"ancestorTitles":["useWorkspace - Hook Coverage"],"fullName":"useWorkspace - Hook Coverage downloadFile: triggers download flow with custom path","status":"passed","title":"downloadFile: triggers download flow with custom path","duration":10.062400000000707,"failureMessages":[],"meta":{},"tags":[]},{"ancestorTitles":["useWorkspace - Hook Coverage"],"fullName":"useWorkspace - Hook Coverage downloadFile: handles fetch error","status":"passed","title":"downloadFile: handles fetch error","duration":13.485900000001493,"failureMessages":[],"meta":{},"tags":[]},{"ancestorTitles":["useWorkspace - Hook Coverage"],"fullName":"useWorkspace - Hook Coverage handleUpload: triggers upload and reloads","status":"passed","title":"handleUpload: triggers upload and reloads","duration":5.9747000000006665,"failureMessages":[],"meta":{},"tags":[]},{"ancestorTitles":["useWorkspace - Hook Coverage"],"fullName":"useWorkspace - Hook Coverage handleUpload: handles upload error","status":"passed","title":"handleUpload: handles upload error","duration":4.823900000001231,"failureMessages":[],"meta":{},"tags":[]},{"ancestorTitles":["useWorkspace - Hook Coverage"],"fullName":"useWorkspace - Hook Coverage confirmDelete: triggers deletion and handles cleanup","status":"passed","title":"confirmDelete: triggers deletion and handles cleanup","duration":5.505299999998897,"failureMessages":[],"meta":{},"tags":[]},{"ancestorTitles":["useWorkspace - Hook Coverage"],"fullName":"useWorkspace - Hook Coverage confirmDelete: handles deletion error","status":"passed","title":"confirmDelete: handles deletion error","duration":3.8020999999989726,"failureMessages":[],"meta":{},"tags":[]},{"ancestorTitles":["useWorkspace - Hook Coverage"],"fullName":"useWorkspace - Hook Coverage handleContextMenu: updates context menu state","status":"passed","title":"handleContextMenu: updates context menu state","duration":6.596999999999753,"failureMessages":[],"meta":{},"tags":[]},{"ancestorTitles":["useWorkspace - Hook Coverage"],"fullName":"useWorkspace - Hook Coverage closes context menu on window click","status":"passed","title":"closes context menu on window click","duration":5.383499999999913,"failureMessages":[],"meta":{},"tags":[]},{"ancestorTitles":["useWorkspace - Hook Coverage"],"fullName":"useWorkspace - Hook Coverage copyRelativePath: uses clipboard API","status":"passed","title":"copyRelativePath: uses clipboard API","duration":4.245100000000093,"failureMessages":[],"meta":{},"tags":[]},{"ancestorTitles":["useWorkspace - Hook Coverage"],"fullName":"useWorkspace - Hook Coverage filterFiles: handles recursive search in directories","status":"passed","title":"filterFiles: handles recursive search in directories","duration":78.26029999999992,"failureMessages":[],"meta":{},"tags":[]},{"ancestorTitles":["useWorkspace - Hook Coverage"],"fullName":"useWorkspace - Hook Coverage filterFiles: reaches null case for non-matching files at root","status":"passed","title":"filterFiles: reaches null case for non-matching files at root","duration":77.33549999999923,"failureMessages":[],"meta":{},"tags":[]}],"startTime":1776013375250,"endTime":1776013375525.3354,"status":"passed","message":"","name":"C:/projetos/Agents/SimpleCrew/simple-crew-front/src/hooks/__tests__/useWorkspace.test.ts"},{"assertionResults":[{"ancestorTitles":["AnimationView Page Smoke Test"],"fullName":"AnimationView Page Smoke Test renders without crashing","status":"passed","title":"renders without crashing","duration":199.89710000000014,"failureMessages":[],"meta":{},"tags":[]}],"startTime":1776013385627,"endTime":1776013385826.8972,"status":"passed","message":"","name":"C:/projetos/Agents/SimpleCrew/simple-crew-front/src/pages/__tests__/AnimationView.test.tsx"},{"assertionResults":[{"ancestorTitles":["Builder Page Smoke Test"],"fullName":"Builder Page Smoke Test renders without crashing","status":"failed","title":"renders without crashing","duration":38.80059999999867,"failureMessages":["Error: [vitest] No \"Wand2\" export is defined on the \"lucide-react\" mock. Did you forget to return it from \"vi.mock\"?\nIf you need to partially mock a module, you can use \"importOriginal\" helper inside:\n\n    at VitestMocker.createError (file:///C:/projetos/Agents/SimpleCrew/simple-crew-front/node_modules/vitest/dist/chunks/startVitestModuleRunner.bRl2_oI_.js:62:17)\n    at Object.get (file:///C:/projetos/Agents/SimpleCrew/simple-crew-front/node_modules/vitest/dist/chunks/startVitestModuleRunner.bRl2_oI_.js:324:16)\n    at FlowBuilder (C:/projetos/Agents/SimpleCrew/simple-crew-front/src/pages/Builder.tsx:380:16)\n    at Object.react_stack_bottom_frame (C:\\projetos\\Agents\\SimpleCrew\\simple-crew-front\\node_modules\\react-dom\\cjs\\react-dom-client.development.js:25904:20)\n    at renderWithHooks (C:\\projetos\\Agents\\SimpleCrew\\simple-crew-front\\node_modules\\react-dom\\cjs\\react-dom-client.development.js:7662:22)\n    at updateFunctionComponent (C:\\projetos\\Agents\\SimpleCrew\\simple-crew-front\\node_modules\\react-dom\\cjs\\react-dom-client.development.js:10166:19)\n    at beginWork (C:\\projetos\\Agents\\SimpleCrew\\simple-crew-front\\node_modules\\react-dom\\cjs\\react-dom-client.development.js:11778:18)\n    at runWithFiberInDEV (C:\\projetos\\Agents\\SimpleCrew\\simple-crew-front\\node_modules\\react-dom\\cjs\\react-dom-client.development.js:874:13)\n    at performUnitOfWork (C:\\projetos\\Agents\\SimpleCrew\\simple-crew-front\\node_modules\\react-dom\\cjs\\react-dom-client.development.js:17641:22)\n    at workLoopSync (C:\\projetos\\Agents\\SimpleCrew\\simple-crew-front\\node_modules\\react-dom\\cjs\\react-dom-client.development.js:17469:41)"],"meta":{},"tags":[]}],"startTime":1776013366661,"endTime":1776013366699.8005,"status":"failed","message":"","name":"C:/projetos/Agents/SimpleCrew/simple-crew-front/src/pages/__tests__/Builder.test.tsx"},{"assertionResults":[{"ancestorTitles":["Dashboard Page Smoke Test"],"fullName":"Dashboard Page Smoke Test renders without crashing","status":"passed","title":"renders without crashing","duration":69.46819999999934,"failureMessages":[],"meta":{},"tags":[]}],"startTime":1776013393758,"endTime":1776013393827.4683,"status":"passed","message":"","name":"C:/projetos/Agents/SimpleCrew/simple-crew-front/src/pages/__tests__/Dashboard.test.tsx"},{"assertionResults":[{"ancestorTitles":["Settings Page Smoke Test"],"fullName":"Settings Page Smoke Test renders without crashing","status":"passed","title":"renders without crashing","duration":371.79160000000047,"failureMessages":[],"meta":{},"tags":[]}],"startTime":1776013377531,"endTime":1776013377902.7915,"status":"passed","message":"","name":"C:/projetos/Agents/SimpleCrew/simple-crew-front/src/pages/__tests__/Settings.test.tsx"},{"assertionResults":[{"ancestorTitles":["AgentNode"],"fullName":"AgentNode renders correctly","status":"passed","title":"renders correctly","duration":115.9956000000002,"failureMessages":[],"meta":{},"tags":[]},{"ancestorTitles":["AgentNode","Connection Logic"],"fullName":"AgentNode Connection Logic opens connect menu and connects to a task","status":"failed","title":"opens connect menu and connects to a task","duration":67.35659999999916,"failureMessages":["TestingLibraryElementError: Unable to find an element by: [data-testid=\"btn-connect-agent\"]\n\nIgnored nodes: comments, script, style\n\u001b[36m<body>\u001b[39m\n  \u001b[36m<div>\u001b[39m\n    \u001b[36m<div\u001b[39m\n      \u001b[33mclass\u001b[39m=\u001b[32m\"group relative bg-white dark:bg-slate-900 rounded-xl shadow-sm hover:shadow-md dark:shadow-none border border-slate-200 dark:border-slate-700 w-64 overflow-visible transition-colors transition-shadow duration-300 cursor-pointer hover:ring-2 hover:ring-blue-400 \"\u001b[39m\n      \u001b[33mdata-testid\u001b[39m=\u001b[32m\"node-agent\"\u001b[39m\n      \u001b[33mstyle\u001b[39m=\u001b[32m\"--node-color: #3b82f6; backface-visibility: hidden; transform-style: preserve-3d; text-rendering: optimizelegibility;\"\u001b[39m\n    \u001b[36m>\u001b[39m\n      \u001b[36m<div\u001b[39m\n        \u001b[33mclass\u001b[39m=\u001b[32m\"absolute left-1/2 -top-[1px] -translate-x-1/2 flex flex-col items-center gap-2 group/h-crew -translate-y-full pointer-events-none\"\u001b[39m\n      \u001b[36m>\u001b[39m\n        \u001b[36m<span\u001b[39m\n          \u001b[33mclass\u001b[39m=\u001b[32m\"text-[9px] font-bold text-purple-500 bg-white dark:bg-slate-900 px-1 rounded shadow-sm opacity-0 group-hover/h-crew:opacity-100 transition-opacity whitespace-nowrap border border-purple-100 dark:border-purple-900/30\"\u001b[39m\n        \u001b[36m>\u001b[39m\n          \u001b[0mCrew In\u001b[0m\n        \u001b[36m</span>\u001b[39m\n        \u001b[36m<div\u001b[39m\n          \u001b[33mclass\u001b[39m=\u001b[32m\"react-flow__handle react-flow__handle-top nodrag nopan !w-3 !h-3 !border-2 !border-white dark:!border-slate-900 !static !translate-x-0 !cursor-crosshair pointer-events-auto shadow-sm target connectable connectablestart connectableend connectionindicator\"\u001b[39m\n          \u001b[33mdata-handleid\u001b[39m=\u001b[32m\"in-crew\"\u001b[39m\n          \u001b[33mdata-handlepos\u001b[39m=\u001b[32m\"top\"\u001b[39m\n          \u001b[33mdata-id\u001b[39m=\u001b[32m\"1-null-in-crew-target\"\u001b[39m\n          \u001b[33mstyle\u001b[39m=\u001b[32m\"background-color: rgb(168, 85, 247);\"\u001b[39m\n        \u001b[36m/>\u001b[39m\n      \u001b[36m</div>\u001b[39m\n      \u001b[36m<div\u001b[39m\n        \u001b[33mclass\u001b[39m=\u001b[32m\"react-flow__handle react-flow__handle-bottom nodrag nopan !w-3 !h-3 !border-2 !border-white dark:!border-slate-900 !cursor-crosshair pointer-events-auto group/h-task z-10 source connectable connectablestart connectableend connectionindicator\"\u001b[39m\n        \u001b[33mdata-handleid\u001b[39m=\u001b[32m\"out-task\"\u001b[39m\n        \u001b[33mdata-handlepos\u001b[39m=\u001b[32m\"bottom\"\u001b[39m\n        \u001b[33mdata-id\u001b[39m=\u001b[32m\"1-null-out-task-source\"\u001b[39m\n        \u001b[33mstyle\u001b[39m=\u001b[32m\"background-color: rgb(59, 130, 246); left: 25%;\"\u001b[39m\n      \u001b[36m>\u001b[39m\n        \u001b[36m<span\u001b[39m\n          \u001b[33mclass\u001b[39m=\u001b[32m\"absolute top-4 left-1/2 -translate-x-1/2 text-[9px] font-bold text-blue-500 bg-white dark:bg-slate-900 px-1 rounded shadow-sm opacity-0 group-hover/h-task:opacity-100 transition-opacity whitespace-nowrap border border-blue-100 dark:border-blue-900/30 pointer-events-none\"\u001b[39m\n        \u001b[36m>\u001b[39m\n          \u001b[0mTasks\u001b[0m\n        \u001b[36m</span>\u001b[39m\n      \u001b[36m</div>\u001b[39m\n      \u001b[36m<div\u001b[39m\n        \u001b[33mclass\u001b[39m=\u001b[32m\"react-flow__handle react-flow__handle-bottom nodrag nopan !w-3 !h-3 !border-2 !border-white dark:!border-slate-900 !cursor-crosshair pointer-events-auto group/h-tool z-10 source connectable connectablestart connectableend connectionindicator\"\u001b[39m\n        \u001b[33mdata-handleid\u001b[39m=\u001b[32m\"out-tool\"\u001b[39m\n        \u001b[33mdata-handlepos\u001b[39m=\u001b[32m\"bottom\"\u001b[39m\n        \u001b[33mdata-id\u001b[39m=\u001b[32m\"1-null-out-tool-source\"\u001b[39m\n        \u001b[33mstyle\u001b[39m=\u001b[32m\"background-color: rgb(249, 115, 22); left: 50%;\"\u001b[39m\n      \u001b[36m>\u001b[39m\n        \u001b[36m<span\u001b[39m\n          \u001b[33mclass\u001b[39m=\u001b[32m\"absolute top-4 left-1/2 -translate-x-1/2 text-[9px] font-bold text-orange-500 bg-white dark:bg-slate-900 px-1 rounded shadow-sm opacity-0 group-hover/h-tool:opacity-100 transition-opacity whitespace-nowrap border border-orange-100 dark:border-orange-900/30 pointer-events-none\"\u001b[39m\n        \u001b[36m>\u001b[39m\n          \u001b[0mTools\u001b[0m\n        \u001b[36m</span>\u001b[39m\n      \u001b[36m</div>\u001b[39m\n      \u001b[36m<div\u001b[39m\n        \u001b[33mclass\u001b[39m=\u001b[32m\"react-flow__handle react-flow__handle-bottom nodrag nopan !w-3 !h-3 !border-2 !border-white dark:!border-slate-900 !cursor-crosshair pointer-events-auto group/h-mcp z-10 source connectable connectablestart connectableend connectionindicator\"\u001b[39m\n        \u001b[33mdata-handleid\u001b[39m=\u001b[32m\"out-mcp\"\u001b[39m\n        \u001b[33mdata-handlepos\u001b[39m=\u001b[32m\"bottom\"\u001b[39m\n        \u001b[33mdata-id\u001b[39m=\u001b[32m\"1-null-out-mcp-source\"\u001b[39m\n        \u001b[33mstyle\u001b[39m=\u001b[32m\"background-color: rgb(236, 72, 153); left: 75%;\"\u001b[39m\n      \u001b[36m>\u001b[39m\n        \u001b[36m<span\u001b[39m\n          \u001b[33mclass\u001b[39m=\u001b[32m\"absolute top-4 left-1/2 -translate-x-1/2 text-[9px] font-bold text-pink-500 bg-white dark:bg-slate-900 px-1 rounded shadow-sm opacity-0 group-hover/h-mcp:opacity-100 transition-opacity whitespace-nowrap border border-pink-100 dark:border-pink-900/30 pointer-events-none\"\u001b[39m\n        \u001b[36m>\u001b[39m\n          \u001b[0mMCP\u001b[0m\n        \u001b[36m</span>\u001b[39m\n      \u001b[36m</div>\u001b[39m\n      \u001b[36m<div\u001b[39m\n        \u001b[33mclass\u001b[39m=\u001b[32m\"bg-gradient-to-r from-blue-500 to-indigo-600 px-3 py-2 flex items-center gap-2 rounded-t-xl relative\"\u001b[39m\n      \u001b[36m>\u001b[39m\n        \u001b[36m<div\u001b[39m\n          \u001b[33mdata-testid\u001b[39m=\u001b[32m\"icon-user\"\u001b[39m\n        \u001b[36m/>\u001b[39m\n        \u001b[36m<h3\u001b[39m\n          \u001b[33mclass\u001b[39m=\u001b[32m\"text-white text-sm font-medium truncate flex-1 cursor-text\"\u001b[39m\n        \u001b[36m>\u001b[39m\n          \u001b[0mTest Agent\u001b[0m\n        \u001b[36m</h3>\u001b[39m\n        \u001b[36m<div\u001b[39m\n          \u001b[33mclass\u001b[39m=\u001b[32m\"flex items-center gap-1 opacity-0 group-hover:opacity-100 transition-opacity\"\u001b[39m\n        \u001b[36m>\u001b[39m\n          \u001b[36m<button\u001b[39m\n            \u001b[33mclass\u001b[39m=\u001b[32m\"p-1 rounded hover:bg-white/20 transition-colors text-white/70 hover:text-white nodrag\"\u001b[39m\n            \u001b[33mtitle\u001b[39m=\u001b[32m\"Delete node\"\u001b[39m\n          \u001b[36m>\u001b[39m\n            \u001b[36m<div\u001b[39m\n              \u001b[33mdata-testid\u001b[39m=\u001b[32m\"icon-trash\"\u001b[39m\n            \u001b[36m/>\u001b[39m\n          \u001b[36m</button>\u001b[39m\n          \u001b[36m<button\u001b[39m\n            \u001b[33maria-label\u001b[39m=\u001b[32m\"Config Agent\"\u001b[39m\n            \u001b[33mclass\u001b[39m=\u001b[32m\"p-1 rounded hover:bg-white/20 transition-colors text-white/70 hover:text-white nodrag\"\u001b[39m\n            \u001b[33mtitle\u001b[39m=\u001b[32m\"Config Agent\"\u001b[39m\n          \u001b[36m>\u001b[39m\n            \u001b[36m<div\u001b[39m\n              \u001b[33mdata-testid\u001b[39m=\u001b[32m\"icon-settings\"\u001b[39m\n            \u001b[36m/>\u001b[39m\n          \u001b[36m</button>\u001b[39m\n        \u001b[36m</div>\u001b[39m\n      \u001b[36m</div>\u001b[39m\n      \u001b[36m<div\u001b[39m\n        \u001b[33mclass\u001b[39m=\u001b[32m\"p-4\"\u001b[39m\n      \u001b[36m>\u001b[39m\n        \u001b[36m<div\u001b[39m\n          \u001b[33mclass\u001b[39m=\u001b[32m\"space-y-1 mb-4\"\u001b[39m\n        \u001b[36m>\u001b[39m\n          \u001b[36m<span\u001b[39m\n            \u001b[33mclass\u001b[39m=\u001b[32m\"text-[10px] font-bold text-slate-400 uppercase tracking-wider block mb-1\"\u001b[39m\n          \u001b[36m>\u001b[39m\n            \u001b[0mGoal\u001b[0m\n          \u001b[36m</span>\u001b[39m\n          \u001b[36m<p\u001b[39m\n            \u001b[33mclass\u001b[39m=\u001b[32m\"text-xs text-slate-600 dark:text-slate-400 line-clamp-2\"\u001b[39m\n            \u001b[33mtitle\u001b[39m=\u001b[32m\"Complete the test\"\u001b[39m\n          \u001b[36m>\u001b[39m\n            \u001b[0mComplete the test\u001b[0m\n          \u001b[36m</p>\u001b[39m\n        \u001b[36m</div>\u001b[39m\n        \u001b[36m<div\u001b[39m\n          \u001b[33mclass\u001b[39m=\u001b[32m\"mt-3 pt-3 border-t border-slate-100 dark:border-slate-800 space-y-3\"\u001b[39m\n        \u001b[36m>\u001b[39m\n          \u001b[36m<div>\u001b[39m\n            \u001b[36m<div\u001b[39m\n              \u001b[33mclass\u001b[39m=\u001b[32m\"flex items-center gap-2 mb-1.5\"\u001b[39m\n            \u001b[36m>\u001b[39m\n              \u001b[36m<div\u001b[39m\n                \u001b[33mdata-testid\u001b[39m=\u001b[32m\"icon-cpu\"\u001b[39m\n              \u001b[36m/>\u001b[39m\n              \u001b[36m<span\u001b[39m\n                \u001b[33mclass\u001b[39m=\u001b[32m\"text-[10px] font-bold text-slate-400 uppercase tracking-wider\"\u001b[39m\n              \u001b[36m>\u001b[39m\n                \u001b[0mAI Model\u001b[0m\n              \u001b[36m</span>\u001b[39m\n            \u001b[36m</div>\u001b[39m\n            \u001b[36m<select\u001b[39m\n              \u001b[33mclass\u001b[39m=\u001b[32m\"w-full bg-slate-50 dark:bg-slate-800/50 border border-slate-200 dark:border-slate-700 rounded-lg px-2 py-1.5 text-[11px] font-medium text-slate-700 dark:text-slate-300 outline-none focus:ring-1 focus:ring-indigo-500 transition-all shadow-sm\"\u001b[39m\n            \u001b[36m>\u001b[39m\n              \u001b[36m<option\u001b[39m\n                \u001b[33mvalue\u001b[39m=\u001b[32m\"\"\u001b[39m\n              \u001b[36m>\u001b[39m\n                \u001b[0mDefault (\u001b[0m\n                \u001b[0mGPT-4\u001b[0m\n                \u001b[0m)\u001b[0m\n              \u001b[36m</option>\u001b[39m\n              \u001b[36m<option\u001b[39m\n                \u001b[33mvalue\u001b[39m=\u001b[32m\"model-1\"\u001b[39m\n              \u001b[36m>\u001b[39m\n                \u001b[0mGPT-4\u001b[0m\n              \u001b[36m</option>\u001b[39m\n              \u001b[36m<option\u001b[39m\n                \u001b[33mvalue\u001b[39m=\u001b[32m\"model-2\"\u001b[39m\n              \u001b[36m>\u001b[39m\n                \u001b[0mClaude 3\u001b[0m\n              \u001b[36m</option>\u001b[39m\n            \u001b[36m</select>\u001b[39m\n          \u001b[36m</div>\u001b[39m\n        \u001b[36m</div>\u001b[39m\n      \u001b[36m</div>\u001b[39m\n      \u001b[36m<button\u001b[39m\n        \u001b[33mclass\u001b[39m=\u001b[32m\"absolute -bottom-3 right-4 bg-white dark:bg-slate-800 border border-slate-200 dark:border-slate-700 rounded-full p-0.5 cursor-pointer hover:bg-slate-5
[...]
lExecution: handles network error during stream","duration":3.904899999999543,"failureMessages":[],"meta":{},"tags":[]},{"ancestorTitles":["projectSlice - Elite Coverage Max"],"fullName":"projectSlice - Elite Coverage Max startRealExecution: handles abort during stream","status":"passed","title":"startRealExecution: handles abort during stream","duration":2.4012000000002445,"failureMessages":[],"meta":{},"tags":[]},{"ancestorTitles":["projectSlice - Elite Coverage Max"],"fullName":"projectSlice - Elite Coverage Max fetchProjects: updates savedProjects on success","status":"passed","title":"fetchProjects: updates savedProjects on success","duration":1.8662999999996828,"failureMessages":[],"meta":{},"tags":[]},{"ancestorTitles":["projectSlice - Elite Coverage Max"],"fullName":"projectSlice - Elite Coverage Max saveProject: handles creation of new project","status":"passed","title":"saveProject: handles creation of new project","duration":2.3078999999997905,"failureMessages":[],"meta":{},"tags":[]},{"ancestorTitles":["projectSlice - Elite Coverage Max"],"fullName":"projectSlice - Elite Coverage Max deleteProject: removes project and resets if current","status":"passed","title":"deleteProject: removes project and resets if current","duration":2.496399999999994,"failureMessages":[],"meta":{},"tags":[]},{"ancestorTitles":["projectSlice - Elite Coverage Max"],"fullName":"projectSlice - Elite Coverage Max fetchProjects: handles network error","status":"passed","title":"fetchProjects: handles network error","duration":2.820799999999508,"failureMessages":[],"meta":{},"tags":[]},{"ancestorTitles":["projectSlice - Elite Coverage Max"],"fullName":"projectSlice - Elite Coverage Max saveProject: blocks save if graph is invalid","status":"passed","title":"saveProject: blocks save if graph is invalid","duration":2.387799999998606,"failureMessages":[],"meta":{},"tags":[]},{"ancestorTitles":["projectSlice - Elite Coverage Max"],"fullName":"projectSlice - Elite Coverage Max updateProjectWorkspaceId: handles null workspace","status":"passed","title":"updateProjectWorkspaceId: handles null workspace","duration":2.037899999999354,"failureMessages":[],"meta":{},"tags":[]},{"ancestorTitles":["projectSlice - Elite Coverage Max"],"fullName":"projectSlice - Elite Coverage Max saveProject: handles server error","status":"passed","title":"saveProject: handles server error","duration":7.420300000001589,"failureMessages":[],"meta":{},"tags":[]},{"ancestorTitles":["projectSlice - Elite Coverage Max"],"fullName":"projectSlice - Elite Coverage Max loadProjectJson: handles valid data","status":"passed","title":"loadProjectJson: handles valid data","duration":2.683899999999994,"failureMessages":[],"meta":{},"tags":[]},{"ancestorTitles":["projectSlice - Elite Coverage Max"],"fullName":"projectSlice - Elite Coverage Max startRealExecution: handles final_result event","status":"passed","title":"startRealExecution: handles final_result event","duration":2.3043999999990774,"failureMessages":[],"meta":{},"tags":[]},{"ancestorTitles":["projectSlice - Elite Coverage Max"],"fullName":"projectSlice - Elite Coverage Max saveProject: updates existing project via PATCH","status":"passed","title":"saveProject: updates existing project via PATCH","duration":2.904500000000553,"failureMessages":[],"meta":{},"tags":[]},{"ancestorTitles":["projectSlice - Elite Coverage Max"],"fullName":"projectSlice - Elite Coverage Max exportPythonProject: fails if no project ID","status":"passed","title":"exportPythonProject: fails if no project ID","duration":2.828700000000026,"failureMessages":[],"meta":{},"tags":[]},{"ancestorTitles":["projectSlice - Elite Coverage Max"],"fullName":"projectSlice - Elite Coverage Max loadProjectJson: handles invalid format","status":"passed","title":"loadProjectJson: handles invalid format","duration":2.896600000000035,"failureMessages":[],"meta":{},"tags":[]},{"ancestorTitles":["projectSlice - Elite Coverage Max"],"fullName":"projectSlice - Elite Coverage Max updateProjectMetadata: handles API error","status":"passed","title":"updateProjectMetadata: handles API error","duration":3.5187000000005355,"failureMessages":[],"meta":{},"tags":[]},{"ancestorTitles":["projectSlice - Elite Coverage Max"],"fullName":"projectSlice - Elite Coverage Max loadProject: merges project tools into state","status":"passed","title":"loadProject: merges project tools into state","duration":3.8346999999994296,"failureMessages":[],"meta":{},"tags":[]},{"ancestorTitles":["projectSlice - Elite Coverage Max"],"fullName":"projectSlice - Elite Coverage Max setDirty: updates flag","status":"passed","title":"setDirty: updates flag","duration":3.6761999999998807,"failureMessages":[],"meta":{},"tags":[]},{"ancestorTitles":["projectSlice - Elite Coverage Max"],"fullName":"projectSlice - Elite Coverage Max hydrateFromSnapshot: sets dirty flag, unwraps nodes/edges, clears chat, points to execution project","status":"passed","title":"hydrateFromSnapshot: sets dirty flag, unwraps nodes/edges, clears chat, points to execution project","duration":5.489000000001397,"failureMessages":[],"meta":{},"tags":[]},{"ancestorTitles":["projectSlice - Elite Coverage Max"],"fullName":"projectSlice - Elite Coverage Max hydrateFromSnapshot: falls back gracefully when workspace is missing or unknown","status":"passed","title":"hydrateFromSnapshot: falls back gracefully when workspace is missing or unknown","duration":4.097100000000864,"failureMessages":[],"meta":{},"tags":[]},{"ancestorTitles":["projectSlice - Elite Coverage Max"],"fullName":"projectSlice - Elite Coverage Max loadProjectJson: merges NEW mcp servers and tools (lines 407, 413)","status":"passed","title":"loadProjectJson: merges NEW mcp servers and tools (lines 407, 413)","duration":4.162899999999354,"failureMessages":[],"meta":{},"tags":[]},{"ancestorTitles":["projectSlice - Elite Coverage Max"],"fullName":"projectSlice - Elite Coverage Max loadProjectJson: catch block reached on invalid data (lines 455-456)","status":"passed","title":"loadProjectJson: catch block reached on invalid data (lines 455-456)","duration":8.706700000000637,"failureMessages":[],"meta":{},"tags":[]},{"ancestorTitles":["projectSlice - Elite Coverage Max"],"fullName":"projectSlice - Elite Coverage Max importProjectJsonAndSave: catch block (lines 496-497)","status":"passed","title":"importProjectJsonAndSave: catch block (lines 496-497)","duration":3.180099999999584,"failureMessages":[],"meta":{},"tags":[]},{"ancestorTitles":["projectSlice - Elite Coverage Max"],"fullName":"projectSlice - Elite Coverage Max startRealExecution: strips ANSI and accumulates logs (lines 573-576)","status":"passed","title":"startRealExecution: strips ANSI and accumulates logs (lines 573-576)","duration":3.4556999999986147,"failureMessages":[],"meta":{},"tags":[]},{"ancestorTitles":["projectSlice - Elite Coverage Max"],"fullName":"projectSlice - Elite Coverage Max startRealExecution: handles complex serializing in final_result (lines 583-587)","status":"passed","title":"startRealExecution: handles complex serializing in final_result (lines 583-587)","duration":3.2242000000005646,"failureMessages":[],"meta":{},"tags":[]},{"ancestorTitles":["projectSlice - Elite Coverage Max"],"fullName":"projectSlice - Elite Coverage Max startRealExecution: handles malformed API error response (lines 538-545)","status":"passed","title":"startRealExecution: handles malformed API error response (lines 538-545)","duration":4.328800000001138,"failureMessages":[],"meta":{},"tags":[]},{"ancestorTitles":["projectSlice - Elite Coverage Max"],"fullName":"projectSlice - Elite Coverage Max startRealExecution: handles explicit error event (lines 601-606)","status":"passed","title":"startRealExecution: handles explicit error event (lines 601-606)","duration":5.373999999999796,"failureMessages":[],"meta":{},"tags":[]},{"ancestorTitles":["projectSlice - Elite Coverage Max"],"fullName":"projectSlice - Elite Coverage Max loadProject: merges new MCP servers (line 165)","status":"passed","title":"loadProject: merges new MCP servers (line 165)","duration":3.7203000000008615,"failureMessages":[],"meta":{},"tags":[]},{"ancestorTitles":["projectSlice - Elite Coverage Max"],"fullName":"projectSlice - Elite Coverage Max loadProject: handles catch block (line 208)","status":"passed","title":"loadProject: handles catch block (line 208)","duration":4.553299999999581,"failureMessages":[],"meta":{},"tags":[]},{"ancestorTitles":["projectSlice - Elite Coverage Max"],"fullName":"projectSlice - Elite Coverage Max deleteProject: handles catch block (line 226)","status":"passed","title":"deleteProject: handles catch block (line 226)","duration":6.623499999999694,"failureMessages":[],"meta":{},"tags":[]},{"ancestorTitles":["projectSlice - Elite Coverage Max"],"fullName":"projectSlice - Elite Coverage Max exportPythonProject: handles JSON error with detail (line 368)","status":"passed","title":"exportPythonProject: handles JSON error with detail (line 368)","duration":4.676199999999881,"failureMessages":[],"meta":{},"tags":[]},{"ancestorTitles":["projectSlice - Elite Coverage Max"],"fullName":"projectSlice - Elite Coverage Max loadProjectJson: warns if workspace not found locally (line 432)","status":"passed","title":"loadProjectJson: warns if workspace not found locally (line 432)","duration":7.796800000000076,"failureMessages":[],"meta":{},"tags":[]},{"ancestorTitles":["projectSlice - Elite Coverage Max"],"fullName":"projectSlice - Elite Coverage Max createNewProject: handles catch block (lines 263-264)","status":"passed","title":"createNewProject: handles catch block (lines 263-264)","duration":3.5143000000007305,"failureMessages":[],"meta":{},"tags":[]},{"ancestorTitles":["projectSlice - Elite Coverage Max"],"fullName":"projectSlice - Elite Coverage Max duplicateProject: handles catch block (lines 287-288)","status":"passed","title":"duplicateProject: handles catch block (lines 287-288)","duration":5.055500000000393,"failureMessages":[],"meta":{},"tags":[]},{"ancestorTitles":["projectSlice - Elite Coverage Max"],"fullName":"projectSlice - Elite Coverage Max exportProjectJson: handles validation failure (lines 295-296)","status":"passed","title":"exportProjectJson: handles validation failure (lines 295-296)","duration":3.3730999999988853,"failureMessages":[],"meta":{},"tags":[]},{"ancestorTitles":["projectSlice - Elite Coverage Max"],"fullName":"projectSlice - Elite Coverage Max exportPythonProject: handles validation failure (lines 357-358)","status":"passed","title":"exportPythonProject: handles validation failure (lines 357-358)","duration":3.1304000000000087,"failureMessages":[],"meta":{},"tags":[]},{"ancestorTitles":["projectSlice - Elite Coverage Max"],"fullName":"projectSlice - Elite Coverage Max exportProjectJson: slim export filters unused tools and strips secrets (lines 306-328)","status":"passed","title":"exportProjectJson: slim export filters unused tools and strips secrets (lines 306-328)","duration":5.2533000000003085,"failureMessages":[],"meta":{},"tags":[]}],"startTime":1776013383972,"endTime":1776013384193.2534,"status":"passed","message":"","name":"C:/projetos/Agents/SimpleCrew/simple-crew-front/src/store/slices/__tests__/project.slice.test.ts"},{"assertionResults":[{"ancestorTitles":["workspaceSlice"],"fullName":"workspaceSlice fetchWorkspaces: handle success","status":"passed","title":"fetchWorkspaces: handle success","duration":5.716499999999542,"failureMessages":[],"meta":{},"tags":[]},{"ancestorTitles":["workspaceSlice"],"fullName":"workspaceSlice fetchWorkspaces: handle network exception","status":"passed","title":"fetchWorkspaces: handle network exception","duration":3.742099999999482,"failureMessages":[],"meta":{},"tags":[]},{"ancestorTitles":["workspaceSlice"],"fullName":"workspaceSlice fetchWorkspaces: handle response not ok","status":"passed","title":"fetchWorkspaces: handle response not ok","duration":0.9067999999997483,"failureMessages":[],"meta":{},"tags":[]},{"ancestorTitles":["workspaceSlice"],"fullName":"workspaceSlice addWorkspace: handle success","status":"passed","title":"addWorkspace: handle success","duration":1.3432000000002517,"failureMessages":[],"meta":{},"tags":[]},{"ancestorTitles":["workspaceSlice"],"fullName":"workspaceSlice addWorkspace: handle network exception","status":"passed","title":"addWorkspace: handle network exception","duration":0.7354999999997744,"failureMessages":[],"meta":{},"tags":[]},{"ancestorTitles":["workspaceSlice"],"fullName":"workspaceSlice addWorkspace: handle error without detail","status":"passed","title":"addWorkspace: handle error without detail","duration":0.6581000000005588,"failureMessages":[],"meta":{},"tags":[]},{"ancestorTitles":["workspaceSlice"],"fullName":"workspaceSlice openWorkspace: handle success","status":"passed","title":"openWorkspace: handle success","duration":0.6415999999999258,"failureMessages":[],"meta":{},"tags":[]},{"ancestorTitles":["workspaceSlice"],"fullName":"workspaceSlice openWorkspace: handle network exception","status":"passed","title":"openWorkspace: handle network exception","duration":0.508600000000115,"failureMessages":[],"meta":{},"tags":[]},{"ancestorTitles":["workspaceSlice"],"fullName":"workspaceSlice openWorkspace: handle response not ok","status":"passed","title":"openWorkspace: handle response not ok","duration":1.1313000000000102,"failureMessages":[],"meta":{},"tags":[]},{"ancestorTitles":["workspaceSlice"],"fullName":"workspaceSlice uploadWorkspaceFiles: handle success","status":"passed","title":"uploadWorkspaceFiles: handle success","duration":0.9191000000000713,"failureMessages":[],"meta":{},"tags":[]},{"ancestorTitles":["workspaceSlice"],"fullName":"workspaceSlice uploadWorkspaceFiles: handle network exception","status":"passed","title":"uploadWorkspaceFiles: handle network exception","duration":2.240099999999984,"failureMessages":[],"meta":{},"tags":[]},{"ancestorTitles":["workspaceSlice"],"fullName":"workspaceSlice fetchWorkspaceFiles: handle error","status":"passed","title":"fetchWorkspaceFiles: handle error","duration":0.7950000000000728,"failureMessages":[],"meta":{},"tags":[]},{"ancestorTitles":["workspaceSlice"],"fullName":"workspaceSlice deleteWorkspaceFile: handle status 500","status":"passed","title":"deleteWorkspaceFile: handle status 500","duration":0.7608000000000175,"failureMessages":[],"meta":{},"tags":[]},{"ancestorTitles":["workspaceSlice"],"fullName":"workspaceSlice updateWorkspace: handle success","status":"passed","title":"updateWorkspace: handle success","duration":0.5780000000004293,"failureMessages":[],"meta":{},"tags":[]},{"ancestorTitles":["workspaceSlice"],"fullName":"workspaceSlice updateWorkspace: handle error","status":"passed","title":"updateWorkspace: handle error","duration":0.41309999999975844,"failureMessages":[],"meta":{},"tags":[]},{"ancestorTitles":["workspaceSlice"],"fullName":"workspaceSlice deleteWorkspace: handle success and resets active workspace","status":"passed","title":"deleteWorkspace: handle success and resets active workspace","duration":0.6260000000002037,"failureMessages":[],"meta":{},"tags":[]},{"ancestorTitles":["workspaceSlice"],"fullName":"workspaceSlice deleteWorkspace: handle error with detail","status":"passed","title":"deleteWorkspace: handle error with detail","duration":0.4412000000002081,"failureMessages":[],"meta":{},"tags":[]},{"ancestorTitles":["workspaceSlice"],"fullName":"workspaceSlice deleteWorkspace: handle error without detail","status":"passed","title":"deleteWorkspace: handle error without detail","duration":0.42119999999977153,"failureMessages":[],"meta":{},"tags":[]},{"ancestorTitles":["workspaceSlice"],"fullName":"workspaceSlice deleteWorkspace: resets currentProjectWorkspaceId if deleted","status":"passed","title":"deleteWorkspace: resets currentProjectWorkspaceId if deleted","duration":0.3941999999997279,"failureMessages":[],"meta":{},"tags":[]},{"ancestorTitles":["workspaceSlice"],"fullName":"workspaceSlice fetchWorkspaceFiles: handle catch block","status":"passed","title":"fetchWorkspaceFiles: handle catch block","duration":0.6198000000003958,"failureMessages":[],"meta":{},"tags":[]},{"ancestorTitles":["workspaceSlice"],"fullName":"workspaceSlice fetchFileContent: handle success","status":"passed","title":"fetchFileContent: handle success","duration":0.5114000000003216,"failureMessages":[],"meta":{},"tags":[]},{"ancestorTitles":["workspaceSlice"],"fullName":"workspaceSlice fetchFileContent: handle error","status":"passed","title":"fetchFileContent: handle error","duration":0.43249999999989086,"failureMessages":[],"meta":{},"tags":[]},{"ancestorTitles":["workspaceSlice"],"fullName":"workspaceSlice uploadWorkspaceFiles: handles json parse error on error data","status":"passed","title":"uploadWorkspaceFiles: handles json parse error on error data","duration":0.6580999999996493,"failureMessages":[],"meta":{},"tags":[]},{"ancestorTitles":["workspaceSlice"],"fullName":"workspaceSlice downloadWorkspaceZip: handle success and verify link attributes","status":"passed","title":"downloadWorkspaceZip: handle success and verify link attributes","duration":0.8400999999994383,"failureMessages":[],"meta":{},"tags":[]},{"ancestorTitles":["workspaceSlice"],"fullName":"workspaceSlice setActiveWorkspaceId: updates state","status":"passed","title":"setActiveWorkspaceId: updates state","duration":0.4713000000001557,"failureMessages":[],"meta":{},"tags":[]},{"ancestorTitles":["workspaceSlice"],"fullName":"workspaceSlice setIsExplorerOpen: updates state","status":"passed","title":"setIsExplorerOpen: updates state","duration":0.403400000000147,"failureMessages":[],"meta":{},"tags":[]},{"ancestorTitles":["workspaceSlice"],"fullName":"workspaceSlice setCurrentExplorerWsId: updates state","status":"passed","title":"setCurrentExplorerWsId: updates state","duration":0.46680000000014843,"failureMessages":[],"meta":{},"tags":[]},{"ancestorTitles":["workspaceSlice"],"fullName":"workspaceSlice fetchWorkspaceFiles: handle successful return","status":"passed","title":"fetchWorkspaceFiles: handle successful return","duration":0.5464000000001761,"failureMessages":[],"meta":{},"tags":[]},{"ancestorTitles":["workspaceSlice"],"fullName":"workspaceSlice deleteWorkspaceFile: handle success","status":"passed","title":"deleteWorkspaceFile: handle success","duration":0.49139999999988504,"failureMessages":[],"meta":{},"tags":[]},{"ancestorTitles":["workspaceSlice"],"fullName":"workspaceSlice deleteWorkspaceFile: handle json parse error on error data","status":"passed","title":"deleteWorkspaceFile: handle json parse error on error data","duration":0.83429999999953,"failureMessages":[],"meta":{},"tags":[]},{"ancestorTitles":["workspaceSlice"],"fullName":"workspaceSlice downloadWorkspaceZip: handle catch block","status":"passed","title":"downloadWorkspaceZip: handle catch block","duration":0.5643000000000029,"failureMessages":[],"meta":{},"tags":[]},{"ancestorTitles":["workspaceSlice"],"fullName":"workspaceSlice fetchWorkspaces: syncs project workspace name if project loaded","status":"passed","title":"fetchWorkspaces: syncs project workspace name if project loaded","duration":0.5455000000001746,"failureMessages":[],"meta":{},"tags":[]},{"ancestorTitles":["workspaceSlice"],"fullName":"workspaceSlice addWorkspace: handle error payload with detail","status":"passed","title":"addWorkspace: handle error payload with detail","duration":0.49070000000028813,"failureMessages":[],"meta":{},"tags":[]},{"ancestorTitles":["workspaceSlice"],"fullName":"workspaceSlice fetchWorkspaces: does not sync if currentProjectWorkspaceId is not found","status":"passed","title":"fetchWorkspaces: does not sync if currentProjectWorkspaceId is not found","duration":0.46039999999993597,"failureMessages":[],"meta":{},"tags":[]}],"startTime":1776013393757,"endTime":1776013393788.4907,"status":"passed","message":"","name":"C:/projetos/Agents/SimpleCrew/simple-crew-front/src/store/slices/__tests__/workspace.slice.test.ts"}]}