{"C:\\projetos\\Agents\\SimpleCrew\\simple-crew-front\\src\\store\\helpers.ts": {"path":"C:\\projetos\\Agents\\SimpleCrew\\simple-crew-front\\src\\store\\helpers.ts","statementMap":{"0":{"start":{"line":4,"column":13},"end":{"line":64,"column":null}},"1":{"start":{"line":5,"column":2},"end":{"line":64,"column":null}},"2":{"start":{"line":6,"column":17},"end":{"line":6,"column":null}},"3":{"start":{"line":7,"column":17},"end":{"line":7,"column":32}},"4":{"start":{"line":9,"column":4},"end":{"line":25,"column":null}},"5":{"start":{"line":10,"column":39},"end":{"line":24,"column":null}},"6":{"start":{"line":20,"column":10},"end":{"line":20,"column":null}},"7":{"start":{"line":25,"column":6},"end":{"line":25,"column":null}},"8":{"start":{"line":28,"column":4},"end":{"line":37,"column":null}},"9":{"start":{"line":29,"column":37},"end":{"line":36,"column":null}},"10":{"start":{"line":37,"column":6},"end":{"line":37,"column":null}},"11":{"start":{"line":40,"column":4},"end":{"line":50,"column":null}},"12":{"start":{"line":41,"column":37},"end":{"line":49,"column":null}},"13":{"start":{"line":50,"column":6},"end":{"line":50,"column":null}},"14":{"start":{"line":53,"column":4},"end":{"line":60,"column":null}},"15":{"start":{"line":54,"column":37},"end":{"line":59,"column":null}},"16":{"start":{"line":60,"column":6},"end":{"line":60,"column":null}},"17":{"start":{"line":63,"column":4},"end":{"line":63,"column":null}},"18":{"start":{"line":67,"column":13},"end":{"line":77,"column":null}},"19":{"start":{"line":68,"column":2},"end":{"line":77,"column":null}},"20":{"start":{"line":68,"column":28},"end":{"line":77,"column":5}},"21":{"start":{"line":83,"column":13},"end":{"line":166,"column":null}},"22":{"start":{"line":92,"column":45},"end":{"line":92,"column":47}},"23":{"start":{"line":94,"column":24},"end":{"line":164,"column":null}},"24":{"start":{"line":95,"column":35},"end":{"line":95,"column":37}},"25":{"start":{"line":96,"column":17},"end":{"line":96,"column":null}},"26":{"start":{"line":99,"column":4},"end":{"line":111,"column":null}},"27":{"start":{"line":100,"column":6},"end":{"line":111,"column":null}},"28":{"start":{"line":101,"column":31},"end":{"line":105,"column":null}},"29":{"start":{"line":107,"column":8},"end":{"line":111,"column":null}},"30":{"start":{"line":108,"column":10},"end":{"line":111,"column":null}},"31":{"start":{"line":109,"column":12},"end":{"line":109,"column":null}},"32":{"start":{"line":111,"column":12},"end":{"line":111,"column":null}},"33":{"start":{"line":118,"column":4},"end":{"line":121,"column":null}},"34":{"start":{"line":119,"column":21},"end":{"line":119,"column":60}},"35":{"start":{"line":119,"column":38},"end":{"line":119,"column":60}},"36":{"start":{"line":120,"column":6},"end":{"line":121,"column":null}},"37":{"start":{"line":121,"column":8},"end":{"line":121,"column":null}},"38":{"start":{"line":125,"column":4},"end":{"line":127,"column":null}},"39":{"start":{"line":126,"column":7},"end":{"line":127,"column":null}},"40":{"start":{"line":126,"column":29},"end":{"line":126,"column":58}},"41":{"start":{"line":127,"column":9},"end":{"line":127,"column":null}},"42":{"start":{"line":132,"column":4},"end":{"line":138,"column":null}},"43":{"start":{"line":133,"column":6},"end":{"line":138,"column":null}},"44":{"start":{"line":134,"column":19},"end":{"line":134,"column":null}},"45":{"start":{"line":135,"column":8},"end":{"line":136,"column":null}},"46":{"start":{"line":135,"column":36},"end":{"line":135,"column":49}},"47":{"start":{"line":136,"column":10},"end":{"line":136,"column":null}},"48":{"start":{"line":142,"column":4},"end":{"line":147,"column":null}},"49":{"start":{"line":143,"column":6},"end":{"line":147,"column":null}},"50":{"start":{"line":144,"column":8},"end":{"line":145,"column":null}},"51":{"start":{"line":144,"column":36},"end":{"line":144,"column":49}},"52":{"start":{"line":145,"column":10},"end":{"line":145,"column":null}},"53":{"start":{"line":151,"column":4},"end":{"line":156,"column":null}},"54":{"start":{"line":152,"column":6},"end":{"line":156,"column":null}},"55":{"start":{"line":153,"column":8},"end":{"line":154,"column":null}},"56":{"start":{"line":153,"column":35},"end":{"line":153,"column":48}},"57":{"start":{"line":154,"column":10},"end":{"line":154,"column":null}},"58":{"start":{"line":159,"column":4},"end":{"line":160,"column":null}},"59":{"start":{"line":160,"column":6},"end":{"line":160,"column":null}},"60":{"start":{"line":163,"column":4},"end":{"line":163,"column":null}},"61":{"start":{"line":166,"column":2},"end":{"line":166,"column":null}}},"fnMap":{"0":{"name":"(anonymous_0)","decl":{"start":{"line":4,"column":13},"end":{"line":4,"column":29}},"loc":{"start":{"line":4,"column":57},"end":{"line":64,"column":null}},"line":4},"1":{"name":"(anonymous_1)","decl":{"start":{"line":5,"column":15},"end":{"line":5,"column":19}},"loc":{"start":{"line":5,"column":27},"end":{"line":64,"column":null}},"line":5},"2":{"name":"(anonymous_2)","decl":{"start":{"line":19,"column":50},"end":{"line":19,"column":55}},"loc":{"start":{"line":20,"column":10},"end":{"line":20,"column":null}},"line":20},"3":{"name":"(anonymous_3)","decl":{"start":{"line":67,"column":13},"end":{"line":67,"column":29}},"loc":{"start":{"line":67,"column":57},"end":{"line":77,"column":null}},"line":67},"4":{"name":"(anonymous_4)","decl":{"start":{"line":68,"column":15},"end":{"line":68,"column":19}},"loc":{"start":{"line":68,"column":28},"end":{"line":77,"column":5}},"line":68},"5":{"name":"(anonymous_5)","decl":{"start":{"line":83,"column":13},"end":{"line":83,"column":null}},"loc":{"start":{"line":91,"column":5},"end":{"line":166,"column":null}},"line":91},"6":{"name":"(anonymous_6)","decl":{"start":{"line":94,"column":30},"end":{"line":94,"column":34}},"loc":{"start":{"line":94,"column":42},"end":{"line":164,"column":null}},"line":94},"7":{"name":"(anonymous_7)","decl":{"start":{"line":119,"column":28},"end":{"line":119,"column":33}},"loc":{"start":{"line":119,"column":38},"end":{"line":119,"column":60}},"line":119},"8":{"name":"(anonymous_8)","decl":{"start":{"line":126,"column":19},"end":{"line":126,"column":24}},"loc":{"start":{"line":126,"column":29},"end":{"line":126,"column":58}},"line":126},"9":{"name":"(anonymous_9)","decl":{"start":{"line":133,"column":25},"end":{"line":133,"column":34}},"loc":{"start":{"line":133,"column":51},"end":{"line":138,"column":null}},"line":133},"10":{"name":"(anonymous_10)","decl":{"start":{"line":135,"column":25},"end":{"line":135,"column":30}},"loc":{"start":{"line":135,"column":36},"end":{"line":135,"column":49}},"line":135},"11":{"name":"(anonymous_11)","decl":{"start":{"line":143,"column":25},"end":{"line":143,"column":34}},"loc":{"start":{"line":143,"column":49},"end":{"line":147,"column":null}},"line":143},"12":{"name":"(anonymous_12)","decl":{"start":{"line":144,"column":25},"end":{"line":144,"column":30}},"loc":{"start":{"line":144,"column":36},"end":{"line":144,"column":49}},"line":144},"13":{"name":"(anonymous_13)","decl":{"start":{"line":152,"column":24},"end":{"line":152,"column":33}},"loc":{"start":{"line":152,"column":48},"end":{"line":156,"column":null}},"line":152},"14":{"name":"(anonymous_14)","decl":{"start":{"line":153,"column":24},"end":{"line":153,"column":29}},"loc":{"start":{"line":153,"column":35},"end":{"line":153,"column":48}},"line":153}},"branchMap":{"0":{"loc":{"start":{"line":7,"column":17},"end":{"line":7,"column":32}},"type":"binary-expr","locations":[{"start":{"line":7,"column":17},"end":{"line":7,"column":30}},{"start":{"line":7,"column":30},"end":{"line":7,"column":32}}],"line":7},"1":{"loc":{"start":{"line":9,"column":4},"end":{"line":25,"column":null}},"type":"if","locations":[{"start":{"line":9,"column":4},"end":{"line":25,"column":null}},{"start":{},"end":{}}],"line":9},"2":{"loc":{"start":{"line":11,"column":14},"end":{"line":11,"column":null}},"type":"binary-expr","locations":[{"start":{"line":11,"column":14},"end":{"line":11,"column":27}},{"start":{"line":11,"column":27},"end":{"line":11,"column":null}}],"line":11},"3":{"loc":{"start":{"line":12,"column":14},"end":{"line":12,"column":null}},"type":"binary-expr","locations":[{"start":{"line":12,"column":14},"end":{"line":12,"column":27}},{"start":{"line":12,"column":27},"end":{"line":12,"column":null}}],"line":12},"4":{"loc":{"start":{"line":13,"column":14},"end":{"line":13,"column":null}},"type":"binary-expr","locations":[{"start":{"line":13,"column":14},"end":{"line":13,"column":27}},{"start":{"line":13,"column":27},"end":{"line":13,"column":null}}],"line":13},"5":{"loc":{"start":{"line":14,"column":19},"end":{"line":14,"column":null}},"type":"binary-expr","locations":[{"start":{"line":14,"column":19},"end":{"line":14,"column":37}},{"start":{"line":14,"column":37},"end":{"line":14,"column":null}}],"line":14},"6":{"loc":{"start":{"line":15,"column":17},"end":{"line":15,"column":null}},"type":"binary-expr","locations":[{"start":{"line":15,"column":17},"end":{"line":15,"column":33}},{"start":{"line":15,"column":33},"end":{"line":15,"column":null}}],"line":15},"7":{"loc":{"start":{"line":16,"column":21},"end":{"line":16,"column":null}},"type":"cond-expr","locations":[{"start":{"line":16,"column":54},"end":{"line":16,"column":73}},{"start":{"line":16,"column":73},"end":{"line":16,"column":null}}],"line":16},"8":{"loc":{"start":{"line":17,"column":22},"end":{"line":17,"column":45}},"type":"binary-expr","locations":[{"start":{"line":17,"column":22},"end":{"line":17,"column":43}},{"start":{"line":17,"column":43},"end":{"line":17,"column":45}}],"line":17},"9":{"loc":{"start":{"line":18,"column":23},"end":{"line":18,"column":47}},"type":"binary-expr","locations":[{"start":{"line":18,"column":23},"end":{"line":18,"column":45}},{"start":{"line":18,"column":45},"end":{"line":18,"column":47}}],"line":18},"10":{"loc":{"start":{"line":19,"column":24},"end":{"line":19,"column":48}},"type":"binary-expr","locations":[{"start":{"line":19,"column":24},"end":{"line":19,"column":46}},{"start":{"line":19,"column":46},"end":{"line":19,"column":48}}],"line":19},"11":{"loc":{"start":{"line":20,"column":10},"end":{"line":20,"column":null}},"type":"cond-expr","locations":[{"start":{"line":20,"column":35},"end":{"line":20,"column":40}},{"start":{"line":20,"column":40},"end":{"line":20,"column":null}}],"line":20},"12":{"loc":{"start":{"line":22,"column":29},"end":{"line":22,"column":null}},"type":"binary-expr","locations":[{"start":{"line":22,"column":29},"end":{"line":22,"column":57}},{"start":{"line":22,"column":57},"end":{"line":22,"column":null}}],"line":22},"13":{"loc":{"start":{"line":28,"column":4},"end":{"line":37,"column":null}},"type":"if","locations":[{"start":{"line":28,"column":4},"end":{"line":37,"column":null}},{"start":{},"end":{}}],"line":28},"14":{"loc":{"start":{"line":30,"column":14},"end":{"line":30,"column":null}},"type":"binary-expr","locations":[{"start":{"line":30,"column":14},"end":{"line":30,"column":27}},{"start":{"line":30,"column":27},"end":{"line":30,"column":null}}],"line":30},"15":{"loc":{"start":{"line":31,"column":21},"end":{"line":31,"column":null}},"type":"binary-expr","locations":[{"start":{"line":31,"column":21},"end":{"line":31,"column":41}},{"start":{"line":31,"column":41},"end":{"line":31,"column":null}}],"line":31},"16":{"loc":{"start":{"line":32,"column":25},"end":{"line":32,"column":null}},"type":"binary-expr","locations":[{"start":{"line":32,"column":25},"end":{"line":32,"column":49}},{"start":{"line":32,"column":49},"end":{"line":32,"column":null}}],"line":32},"17":{"loc":{"start":{"line":33,"column":25},"end":{"line":33,"column":null}},"type":"binary-expr","locations":[{"start":{"line":33,"column":25},"end":{"line":33,"column":49}},{"start":{"line":33,"column":49},"end":{"line":33,"column":null}}],"line":33},"18":{"loc":{"start":{"line":34,"column":21},"end":{"line":34,"column":null}},"type":"binary-expr","locations":[{"start":{"line":34,"column":21},"end":{"line":34,"column":41}},{"start":{"line":34,"column":41},"end":{"line":34,"column":null}}],"line":34},"19":{"loc":{"start":{"line":40,"column":4},"end":{"line":50,"column":null}},"type":"if","locations":[{"start":{"line":40,"column":4},"end":{"line":50,"column":null}},{"start":{},"end":{}}],"line":40},"20":{"loc":{"start":{"line":42,"column":17},"end":{"line":42,"column":null}},"type":"binary-expr","locations":[{"start":{"line":42,"column":17},"end":{"line":42,"column":33}},{"start":{"line":42,"column":33},"end":{"line":42,"column":null}}],"line":42},"21":{"loc":{"start":{"line":43,"column":17},"end":{"line":43,"column":null}},"type":"cond-expr","locations":[{"start":{"line":43,"column":46},"end":{"line":43,"column":61}},{"start":{"line":43,"column":61},"end":{"line":43,"column":null}}],"line":43},"22":{"loc":{"start":{"line":44,"column":16},"end":{"line":44,"column":null}},"type":"cond-expr","locations":[{"start":{"line":44,"column":44},"end":{"line":44,"column":58}},{"start":{"line":44,"column":58},"end":{"line":44,"column":null}}],"line":44},"23":{"loc":{"start":{"line":45,"column":15},"end":{"line":45,"column":null}},"type":"cond-expr","locations":[{"start":{"line":45,"column":42},"end":{"line":45,"column":55}},{"start":{"line":45,"column":55},"end":{"line":45,"column":null}}],"line":45},"24":{"loc":{"start":{"line":46,"column":18},"end":{"line":46,"column":null}},"type":"binary-expr","locations":[{"start":{"line":46,"column":18},"end":{"line":46,"column":35}},{"start":{"line":46,"column":35},"end":{"line":46,"column":null}}],"line":46},"25":{"loc":{"start":{"line":47,"column":20},"end":{"line":47,"column":null}},"type":"binary-expr","locations":[{"start":{"line":47,"column":20},"end":{"line":47,"column":39}},{"start":{"line":47,"column":39},"end":{"line":47,"column":null}}],"line":47},"26":{"loc":{"start":{"line":53,"column":4},"end":{"line":60,"column":null}},"type":"if","locations":[{"start":{"line":53,"column":4},"end":{"line":60,"column":null}},{"start":{},"end":{}}],"line":53},"27":{"loc":{"start":{"line":55,"column":14},"end":{"line":55,"column":null}},"type":"binary-expr","locations":[{"start":{"line":55,"column":14},"end":{"line":55,"column":27}},{"start":{"line":55,"column":27},"end":{"line":55,"column":null}}],"line":55},"28":{"loc":{"start":{"line":56,"column":21},"end":{"line":56,"column":null}},"type":"binary-expr","locations":[{"start":{"line":56,"column":21},"end":{"line":56,"column":41}},{"start":{"line":56,"column":41},"end":{"line":56,"column":null}}],"line":56},"29":{"loc":{"start":{"line":57,"column":24},"end":{"line":57,"column":null}},"type":"cond-expr","locations":[{"start":{"line":57,"column":60},"end":{"line":57,"column":82}},{"start":{"line":57,"column":82},"end":{"line":57,"column":null}}],"line":57},"30":{"loc":{"start":{"line":70,"column":10},"end":{"line":70,"column":null}},"type":"binary-expr","locations":[{"start":{"line":70,"column":10},"end":{"line":70,"column":23}},{"start":{"line":70,"column":23},"end":{"line":70,"column":null}}],"line":70},"31":{"loc":{"start":{"line":71,"column":18},"end":{"line":73,"column":null}},"type":"cond-expr","locations":[{"start":{"line":72,"column":8},"end":{"line":72,"column":null}},{"start":{"line":73,"column":8},"end":{"line":73,"column":null}}],"line":71},"32":{"loc":{"start":{"line":73,"column":11},"end":{"line":73,"column":40}},"type":"binary-expr","locations":[{"start":{"line":73,"column":11},"end":{"line":73,"column":32}},{"start":{"line":73,"column":32},"end":{"line":73,"column":40}}],"line":73},"33":{"loc":{"start":{"line":74,"column":18},"end":{"line":76,"column":null}},"type":"cond-expr","locations":[{"start":{"line":75,"column":8},"end":{"line":75,"column":null}},{"start":{"line":76,"column":8},"end":{"line":76,"column":null}}],"line":74},"34":{"loc":{"start":{"line":76,"column":11},"end":{"line":76,"column":39}},"type":"binary-expr","locations":[{"start":{"line":76,"column":11},"end":{"line":76,"column":32}},{"start":{"line":76,"column":32},"end":{"line":76,"column":39}}],"line":76},"35":{"loc":{"start":{"line":99,"column":4},"end":{"line":111,"column":null}},"type":"if","locations":[{"start":{"line":99,"column":4},"end":{"line":111,"column":null}},{"start":{},"end":{}}],"line":99},"36":{"loc":{"start":{"line":100,"column":6},"end":{"line":111,"column":null}},"type":"if","locations":[{"start":{"line":100,"column":6},"end":{"line":111,"column":null}},{"start":{},"end":{}}],"line":100},"37":{"loc":{"start":{"line":100,"column":10},"end":{"line":100,"column":57}},"type":"binary-expr","locations":[{"start":{"line":100,"column":10},"end":{"line":100,"column":34}},{"start":{"line":100,"column":34},"end":{"line":100,"column":57}}],"line":100},"38":{"loc":{"start":{"line":101,"column":31},"end":{"line":105,"column":null}},"type":"binary-expr","locations":[{"start":{"line":101,"column":31},"end":{"line":101,"column":null}},{"start":{"line":102,"column":11},"end":{"line":102,"column":33}},{"start":{"line":102,"column":33},"end":{"line":105,"column":null}}],"line":101},"39":{"loc":{"start":{"line":107,"column":8},"end":{"line":111,"column":null}},"type":"if","locations":[{"start":{"line":107,"column":8},"end":{"line":111,"column":null}},{"start":{},"end":{}}],"line":107},"40":{"loc":{"start":{"line":108,"column":10},"end":{"line":111,"column":null}},"type":"if","locations":[{"start":{"line":108,"column":10},"end":{"line":111,"column":null}},{"start":{"line":110,"column":17},"end":{"line":111,"column":null}}],"line":108},"41":{"loc":{"start":{"line":118,"column":4},"end":{"line":121,"column":null}},"type":"if","locations":[{"start":{"line":118,"column":4},"end":{"line":121,"column":null}},{"start":{},"end":{}}],"line":118},"42":{"loc":{"start":{"line":120,"column":6},"end":{"line":121,"column":null}},"type":"if","locations":[{"start":{"line":120,"column":6},"end":{"line":121,"column":null}},{"start":{},"end":{}}],"line":120},"43":{"loc":{"start":{"line":125,"column":4},"end":{"line":127,"column":null}},"type":"if","locations":[{"start":{"line":125,"column":4},"end":{"line":127,"column":null}},{"start":{},"end":{}}],"line":125},"44":{"loc":{"start":{"line":126,"column":7},"end":{"line":127,"column":null}},"type":"if","locations":[{"start":{"line":126,"column":7},"end":{"line":127,"column":null}},{"start":{},"end":{}}],"line":126},"45":{"loc":{"start":{"line":132,"column":4},"end":{"line":138,"column":null}},"type":"if","locations":[{"start":{"line":132,"column":4},"end":{"line":138,"column":null}},{"start":{},"end":{}}],"line":132},"46":{"loc":{"start":{"line":134,"column":19},"end":{"line":134,"column":null}},"type":"cond-expr","locations":[{"start":{"line":134,"column":49},"end":{"line":134,"column":59}},{"start":{"line":134,"column":59},"end":{"line":134,"column":null}}],"line":134},"47":{"loc":{"start":{"line":135,"column":8},"end":{"line":136,"column":null}},"type":"if","locations":[{"start":{"line":135,"column":8},"end":{"line":136,"column":null}},{"start":{},"end":{}}],"line":135},"48":{"loc":{"start":{"line":142,"column":4},"end":{"line":147,"column":null}},"type":"if","locations":[{"start":{"line":142,"column":4},"end":{"line":147,"column":null}},{"start":{},"end":{}}],"line":142},"49":{"loc":{"start":{"line":144,"column":8},"end":{"line":145,"column":null}},"type":"if","locations":[{"start":{"line":144,"column":8},"end":{"line":145,"column":null}},{"start":{},"end":{}}],"line":144},"50":{"loc":{"start":{"line":151,"column":4},"end":{"line":156,"column":null}},"type":"if","locations":[{"start":{"line":151,"column":4},"end":{"line":156,"column":null}},{"start":{},"end":{}}],"line":151},"51":{"loc":{"start":{"line":153,"column":8},"end":{"line":154,"column":null}},"type":"if","locations":[{"start":{"line":153,"column":8},"end":{"line":154,"column":null}},{"start":{},"end":{}}],"line":153},"52":{"loc":{"start":{"line":159,"column":4},"end":{"line":160,"column":null}},"type":"if","locations":[{"start":{"line":159,"column":4},"end":{"line":160,"column":null}},{"start":{},"end":{}}],"line":159}},"s":{"0":1,"1":6,"2":1,"3":1,"4":1,"5":1,"6":0,"7":1,"8":0,"9":0,"10":0,"11":0,"12":0,"13":0,"14":0,"15":0,"16":0,"17":0,"18":1,"19":6,"20":1,"21":1,"22":4,"23":4,"24":0,"25":0,"26":0,"27":0,"28":0,"29":0,"30":0,"31":0,"32":0,"33":0,"34":0,"35":0,"36":0,"37":0,"38":0,"39":0,"40":0,"41":0,"42":0,"43":0,"44":0,"45":0,"46":0,"47":0,"48":0,"49":0,"50":0,"51":0,"52":0,"53":0,"54":0,"55":0,"56":0,"57":0,"58":0,"59":0,"60":0,"61":4},"f":{"0":6,"1":1,"2":0,"3":6,"4":1,"5":4,"6":0,"7":0,"8":0,"9":0,"10":0,"11":0,"12":0,"13":0,"14":0},"b":{"0":[1,0],"1":[1,0],"2":[1,1],"3":[1,1],"4":[1,1],"5":[1,1],"6":[1,1],"7":[0,1],"8":[1,1],"9":[1,1],"10":[1,1],"11":[0,0],"12":[1,1],"13":[0,0],"14":[0,0],"15":[0,0],"16":[0,0],"17":[0,0],"18":[0,0],"19":[0,0],"20":[0,0],"21":[0,0],"22":[0,0],"23":[0,0],"24":[0,0],"25":[0,0],"26":[0,0],"27":[0,0],"28":[0,0],"29":[0,0],"30":[1,1],"31":[0,1],"32":[1,1],"33":[0,1],"34":[1,1],"35":[0,0],"36":[0,0],"37":[0,0],"38":[0,0,0],"39":[0,0],"40":[0,0],"41":[0,0],"42":[0,0],"43":[0,0],"44":[0,0],"45":[0,0],"46":[0,0],"47":[0,0],"48":[0,0],"49":[0,0],"50":[0,0],"51":[0,0],"52":[0,0]},"meta":{"lastBranch":53,"lastFunction":15,"lastStatement":62,"seen":{"s:4:13:64:Infinity":0,"f:4:13:4:29":0,"s:5:2:64:Infinity":1,"f:5:15:5:19":1,"s:6:17:6:Infinity":2,"s:7:17:7:32":3,"b:7:17:7:30:7:30:7:32":0,"b:9:4:25:Infinity:undefined:undefined:undefined:undefined":1,"s:9:4:25:Infinity":4,"s:10:39:24:Infinity":5,"b:11:14:11:27:11:27:11:Infinity":2,"b:12:14:12:27:12:27:12:Infinity":3,"b:13:14:13:27:13:27:13:Infinity":4,"b:14:19:14:37:14:37:14:Infinity":5,"b:15:17:15:33:15:33:15:Infinity":6,"b:16:54:16:73:16:73:16:Infinity":7,"b:17:22:17:43:17:43:17:45":8,"b:18:23:18:45:18:45:18:47":9,"b:19:24:19:46:19:46:19:48":10,"f:19:50:19:55":2,"s:20:10:20:Infinity":6,"b:20:35:20:40:20:40:20:Infinity":11,"b:22:29:22:57:22:57:22:Infinity":12,"s:25:6:25:Infinity":7,"b:28:4:37:Infinity:undefined:undefined:undefined:undefined":13,"s:28:4:37:Infinity":8,"s:29:37:36:Infinity":9,"b:30:14:30:27:30:27:30:Infinity":14,"b:31:21:31:41:31:41:31:Infinity":15,"b:32:25:32:49:32:49:32:Infinity":16,"b:33:25:33:49:33:49:33:Infinity":17,"b:34:21:34:41:34:41:34:Infinity":18,"s:37:6:37:Infinity":10,"b:40:4:50:Infinity:undefined:undefined:undefined:undefined":19,"s:40:4:50:Infinity":11,"s:41:37:49:Infinity":12,"b:42:17:42:33:42:33:42:Infinity":20,"b:43:46:43:61:43:61:43:Infinity":21,"b:44:44:44:58:44:58:44:Infinity":22,"b:45:42:45:55:45:55:45:Infinity":23,"b:46:18:46:35:46:35:46:Infinity":24,"b:47:20:47:39:47:39:47:Infinity":25,"s:50:6:50:Infinity":13,"b:53:4:60:Infinity:undefined:undefined:undefined:undefined":26,"s:53:4:60:Infinity":14,"s:54:37:59:Infinity":15,"b:55:14:55:27:55:27:55:Infinity":27,"b:56:21:56:41:56:41:56:Infinity":28,"b:57:60:57:82:57:82:57:Infinity":29,"s:60:6:60:Infinity":16,"s:63:4:63:Infinity":17,"s:67:13:77:Infinity":18,"f:67:13:67:29":3,"s:68:2:77:Infinity":19,"f:68:15:68:19":4,"s:68:28:77:5":20,"b:70:10:70:23:70:23:70:Infinity":30,"b:72:8:72:Infinity:73:8:73:Infinity":31,"b:73:11:73:32:73:32:73:40":32,"b:75:8:75:Infinity:76:8:76:Infinity":33,"b:76:11:76:32:76:32:76:39":34,"s:83:13:166:Infinity":21,"f:83:13:83:Infinity":5,"s:92:45:92:47":22,"s:94:24:164:Infinity":23,"f:94:30:94:34":6,"s:95:35:95:37":24,"s:96:17:96:Infinity":25,"b:99:4:111:Infinity:undefined:undefined:undefined:undefined":35,"s:99:4:111:Infinity":26,"b:100:6:111:Infinity:undefined:undefined:undefined:undefined":36,"s:100:6:111:Infinity":27,"b:100:10:100:34:100:34:100:57":37,"s:101:31:105:Infinity":28,"b:101:31:101:Infinity:102:11:102:33:102:33:105:Infinity":38,"b:107:8:111:Infinity:undefined:undefined:undefined:undefined":39,"s:107:8:111:Infinity":29,"b:108:10:111:Infinity:110:17:111:Infinity":40,"s:108:10:111:Infinity":30,"s:109:12:109:Infinity":31,"s:111:12:111:Infinity":32,"b:118:4:121:Infinity:undefined:undefined:undefined:undefined":41,"s:118:4:121:Infinity":33,"s:119:21:119:60":34,"f:119:28:119:33":7,"s:119:38:119:60":35,"b:120:6:121:Infinity:undefined:undefined:undefined:undefined":42,"s:120:6:121:Infinity":36,"s:121:8:121:Infinity":37,"b:125:4:127:Infinity:undefined:undefined:undefined:undefined":43,"s:125:4:127:Infinity":38,"b:126:7:127:Infinity:undefined:undefined:undefined:undefined":44,"s:126:7:127:Infinity":39,"f:126:19:126:24":8,"s:126:29:126:58":40,"s:127:9:127:Infinity":41,"b:132:4:138:Infinity:undefined:undefined:undefined:undefined":45,"s:132:4:138:Infinity":42,"s:133:6:138:Infinity":43,"f:133:25:133:34":9,"s:134:19:134:Infinity":44,"b:134:49:134:59:134:59:134:Infinity":46,"b:135:8:136:Infinity:undefined:undefined:undefined:undefined":47,"s:135:8:136:Infinity":45,"f:135:25:135:30":10,"s:135:36:135:49":46,"s:136:10:136:Infinity":47,"b:142:4:147:Infinity:undefined:undefined:undefined:undefined":48,"s:142:4:147:Infinity":48,"s:143:6:147:Infinity":49,"f:143:25:143:34":11,"b:144:8:145:Infinity:undefined:undefined:undefined:undefined":49,"s:144:8:145:Infinity":50,"f:144:25:144:30":12,"s:144:36:144:49":51,"s:145:10:145:Infinity":52,"b:151:4:156:Infinity:undefined:undefined:undefined:undefined":50,"s:151:4:156:Infinity":53,"s:152:6:156:Infinity":54,"f:152:24:152:33":13,"b:153:8:154:Infinity:undefined:undefined:undefined:undefined":51,"s:153:8:154:Infinity":55,"f:153:24:153:29":14,"s:153:35:153:48":56,"s:154:10:154:Infinity":57,"b:159:4:160:Infinity:undefined:undefined:undefined:undefined":52,"s:159:4:160:Infinity":58,"s:160:6:160:Infinity":59,"s:163:4:163:Infinity":60,"s:166:2:166:Infinity":61}}}
,"C:\\projetos\\Agents\\SimpleCrew\\simple-crew-front\\src\\store\\slices\\graph.slice.ts": {"path":"C:\\projetos\\Agents\\SimpleCrew\\simple-crew-front\\src\\store\\slices\\graph.slice.ts","statementMap":{"0":{"start":{"line":15,"column":32},"end":{"line":15,"column":34}},"1":{"start":{"line":16,"column":16},"end":{"line":16,"column":24}},"2":{"start":{"line":17,"column":18},"end":{"line":17,"column":35}},"3":{"start":{"line":19,"column":2},"end":{"line":31,"column":null}},"4":{"start":{"line":20,"column":22},"end":{"line":20,"column":35}},"5":{"start":{"line":21,"column":4},"end":{"line":21,"column":null}},"6":{"start":{"line":21,"column":32},"end":{"line":21,"column":null}},"7":{"start":{"line":22,"column":4},"end":{"line":22,"column":null}},"8":{"start":{"line":24,"column":21},"end":{"line":26,"column":33}},"9":{"start":{"line":25,"column":24},"end":{"line":25,"column":50}},"10":{"start":{"line":26,"column":21},"end":{"line":26,"column":33}},"11":{"start":{"line":28,"column":4},"end":{"line":31,"column":null}},"12":{"start":{"line":29,"column":6},"end":{"line":31,"column":null}},"13":{"start":{"line":30,"column":8},"end":{"line":30,"column":null}},"14":{"start":{"line":31,"column":8},"end":{"line":31,"column":null}},"15":{"start":{"line":35,"column":2},"end":{"line":35,"column":null}},"16":{"start":{"line":39,"column":32},"end":{"line":39,"column":34}},"17":{"start":{"line":40,"column":16},"end":{"line":40,"column":24}},"18":{"start":{"line":41,"column":18},"end":{"line":41,"column":35}},"19":{"start":{"line":43,"column":2},"end":{"line":58,"column":null}},"20":{"start":{"line":44,"column":22},"end":{"line":44,"column":35}},"21":{"start":{"line":45,"column":4},"end":{"line":45,"column":null}},"22":{"start":{"line":45,"column":32},"end":{"line":45,"column":null}},"23":{"start":{"line":46,"column":4},"end":{"line":46,"column":null}},"24":{"start":{"line":48,"column":24},"end":{"line":50,"column":33}},"25":{"start":{"line":49,"column":24},"end":{"line":49,"column":50}},"26":{"start":{"line":50,"column":21},"end":{"line":50,"column":33}},"27":{"start":{"line":52,"column":4},"end":{"line":58,"column":null}},"28":{"start":{"line":53,"column":6},"end":{"line":58,"column":null}},"29":{"start":{"line":54,"column":8},"end":{"line":54,"column":null}},"30":{"start":{"line":55,"column":26},"end":{"line":55,"column":59}},"31":{"start":{"line":55,"column":42},"end":{"line":55,"column":59}},"32":{"start":{"line":56,"column":14},"end":{"line":56,"column":null}},"33":{"start":{"line":57,"column":8},"end":{"line":58,"column":null}},"34":{"start":{"line":58,"column":10},"end":{"line":58,"column":null}},"35":{"start":{"line":63,"column":2},"end":{"line":63,"column":null}},"36":{"start":{"line":66,"column":32},"end":{"line":95,"column":null}},"37":{"start":{"line":97,"column":32},"end":{"line":98,"column":null}},"38":{"start":{"line":101,"column":59},"end":{"line":106,"column":null}},"39":{"start":{"line":109,"column":13},"end":{"line":528,"column":null}},"40":{"start":{"line":109,"column":91},"end":{"line":528,"column":null}},"41":{"start":{"line":120,"column":22},"end":{"line":120,"column":27}},"42":{"start":{"line":121,"column":10},"end":{"line":121,"column":54}},"43":{"start":{"line":123,"column":27},"end":{"line":125,"column":28}},"44":{"start":{"line":124,"column":42},"end":{"line":124,"column":62}},"45":{"start":{"line":125,"column":23},"end":{"line":125,"column":28}},"46":{"start":{"line":127,"column":4},"end":{"line":141,"column":null}},"47":{"start":{"line":128,"column":6},"end":{"line":139,"column":null}},"48":{"start":{"line":130,"column":10},"end":{"line":134,"column":null}},"49":{"start":{"line":131,"column":31},"end":{"line":131,"column":64}},"50":{"start":{"line":132,"column":33},"end":{"line":132,"column":95}},"51":{"start":{"line":132,"column":66},"end":{"line":132,"column":94}},"52":{"start":{"line":133,"column":12},"end":{"line":134,"column":null}},"53":{"start":{"line":134,"column":16},"end":{"line":134,"column":null}},"54":{"start":{"line":137,"column":10},"end":{"line":137,"column":null}},"55":{"start":{"line":141,"column":6},"end":{"line":141,"column":null}},"56":{"start":{"line":146,"column":29},"end":{"line":146,"column":34}},"57":{"start":{"line":147,"column":10},"end":{"line":147,"column":54}},"58":{"start":{"line":149,"column":25},"end":{"line":149,"column":79}},"59":{"start":{"line":149,"column":59},"end":{"line":149,"column":79}},"60":{"start":{"line":150,"column":4},"end":{"line":172,"column":null}},"61":{"start":{"line":151,"column":25},"end":{"line":151,"column":35}},"62":{"start":{"line":152,"column":6},"end":{"line":169,"column":null}},"63":{"start":{"line":153,"column":8},"end":{"line":165,"column":null}},"64":{"start":{"line":154,"column":23},"end":{"line":154,"column":69}},"65":{"start":{"line":154,"column":50},"end":{"line":154,"column":69}},"66":{"start":{"line":155,"column":10},"end":{"line":165,"column":null}},"67":{"start":{"line":156,"column":31},"end":{"line":156,"column":79}},"68":{"start":{"line":156,"column":58},"end":{"line":156,"column":79}},"69":{"start":{"line":157,"column":31},"end":{"line":157,"column":79}},"70":{"start":{"line":157,"column":58},"end":{"line":157,"column":79}},"71":{"start":{"line":158,"column":12},"end":{"line":165,"column":null}},"72":{"start":{"line":159,"column":14},"end":{"line":165,"column":null}},"73":{"start":{"line":160,"column":16},"end":{"line":162,"column":null}},"74":{"start":{"line":161,"column":37},"end":{"line":161,"column":70}},"75":{"start":{"line":162,"column":18},"end":{"line":162,"column":null}},"76":{"start":{"line":162,"column":102},"end":{"line":162,"column":127}},"77":{"start":{"line":164,"column":16},"end":{"line":164,"column":null}},"78":{"start":{"line":170,"column":6},"end":{"line":170,"column":null}},"79":{"start":{"line":172,"column":6},"end":{"line":172,"column":null}},"80":{"start":{"line":177,"column":4},"end":{"line":246,"column":null}},"81":{"start":{"line":178,"column":6},"end":{"line":178,"column":null}},"82":{"start":{"line":178,"column":52},"end":{"line":178,"column":null}},"83":{"start":{"line":180,"column":25},"end":{"line":180,"column":76}},"84":{"start":{"line":180,"column":49},"end":{"line":180,"column":76}},"85":{"start":{"line":181,"column":25},"end":{"line":181,"column":76}},"86":{"start":{"line":181,"column":49},"end":{"line":181,"column":76}},"87":{"start":{"line":183,"column":6},"end":{"line":183,"column":null}},"88":{"start":{"line":183,"column":38},"end":{"line":183,"column":null}},"89":{"start":{"line":185,"column":28},"end":{"line":185,"column":null}},"90":{"start":{"line":186,"column":28},"end":{"line":186,"column":null}},"91":{"start":{"line":187,"column":27},"end":{"line":187,"column":null}},"92":{"start":{"line":188,"column":30},"end":{"line":188,"column":null}},"93":{"start":{"line":190,"column":6},"end":{"line":192,"column":null}},"94":{"start":{"line":191,"column":8},"end":{"line":191,"column":null}},"95":{"start":{"line":192,"column":8},"end":{"line":192,"column":null}},"96":{"start":{"line":195,"column":26},"end":{"line":196,"column":null}},"97":{"start":{"line":196,"column":18},"end":{"line":196,"column":null}},"98":{"start":{"line":198,"column":6},"end":{"line":198,"column":null}},"99":{"start":{"line":198,"column":23},"end":{"line":198,"column":null}},"100":{"start":{"line":200,"column":21},"end":{"line":200,"column":37}},"101":{"start":{"line":202,"column":6},"end":{"line":203,"column":null}},"102":{"start":{"line":203,"column":8},"end":{"line":203,"column":null}},"103":{"start":{"line":203,"column":45},"end":{"line":203,"column":79}},"104":{"start":{"line":206,"column":31},"end":{"line":206,"column":null}},"105":{"start":{"line":208,"column":6},"end":{"line":215,"column":null}},"106":{"start":{"line":209,"column":8},"end":{"line":213,"column":null}},"107":{"start":{"line":215,"column":8},"end":{"line":215,"column":null}},"108":{"start":{"line":215,"column":25},"end":{"line":215,"column":53}},"109":{"start":{"line":218,"column":6},"end":{"line":223,"column":null}},"110":{"start":{"line":219,"column":8},"end":{"line":223,"column":null}},"111":{"start":{"line":226,"column":22},"end":{"line":226,"column":null}},"112":{"start":{"line":227,"column":6},"end":{"line":239,"column":null}},"113":{"start":{"line":228,"column":8},"end":{"line":239,"column":null}},"114":{"start":{"line":229,"column":10},"end":{"line":235,"column":null}},"115":{"start":{"line":230,"column":31},"end":{"line":230,"column":64}},"116":{"start":{"line":231,"column":12},"end":{"line":235,"column":null}},"117":{"start":{"line":232,"column":15},"end":{"line":235,"column":null}},"118":{"start":{"line":238,"column":10},"end":{"line":238,"column":null}},"119":{"start":{"line":242,"column":6},"end":{"line":245,"column":null}},"120":{"start":{"line":250,"column":4},"end":{"line":272,"column":null}},"121":{"start":{"line":251,"column":19},"end":{"line":251,"column":68}},"122":{"start":{"line":251,"column":52},"end":{"line":251,"column":68}},"123":{"start":{"line":252,"column":25},"end":{"line":252,"column":null}},"124":{"start":{"line":254,"column":6},"end":{"line":264,"column":null}},"125":{"start":{"line":255,"column":27},"end":{"line":255,"column":81}},"126":{"start":{"line":255,"column":60},"end":{"line":255,"column":81}},"127":{"start":{"line":256,"column":27},"end":{"line":256,"column":81}},"128":{"start":{"line":256,"column":60},"end":{"line":256,"column":81}},"129":{"start":{"line":257,"column":8},"end":{"line":264,"column":null}},"130":{"start":{"line":258,"column":10},"end":{"line":264,"column":null}},"131":{"start":{"line":259,"column":12},"end":{"line":261,"column":null}},"132":{"start":{"line":260,"column":33},"end":{"line":260,"column":66}},"133":{"start":{"line":261,"column":14},"end":{"line":261,"column":null}},"134":{"start":{"line":261,"column":98},"end":{"line":261,"column":123}},"135":{"start":{"line":263,"column":12},"end":{"line":263,"column":null}},"136":{"start":{"line":268,"column":6},"end":{"line":271,"column":null}},"137":{"start":{"line":270,"column":50},"end":{"line":270,"column":null}},"138":{"start":{"line":276,"column":4},"end":{"line":295,"column":null}},"139":{"start":{"line":277,"column":27},"end":{"line":277,"column":76}},"140":{"start":{"line":277,"column":60},"end":{"line":277,"column":76}},"141":{"start":{"line":278,"column":25},"end":{"line":278,"column":82}},"142":{"start":{"line":278,"column":63},"end":{"line":278,"column":82}},"143":{"start":{"line":280,"column":6},"end":{"line":287,"column":null}},"144":{"start":{"line":281,"column":8},"end":{"line":287,"column":null}},"145":{"start":{"line":282,"column":10},"end":{"line":284,"column":null}},"146":{"start":{"line":283,"column":31},"end":{"line":283,"column":64}},"147":{"start":{"line":284,"column":12},"end":{"line":284,"column":null}},"148":{"start":{"line":284,"column":96},"end":{"line":284,"column":114}},"149":{"start":{"line":286,"column":10},"end":{"line":286,"column":null}},"150":{"start":{"line":290,"column":6},"end":{"line":294,"column":null}},"151":{"start":{"line":292,"column":53},"end":{"line":292,"column":102}},"152":{"start":{"line":299,"column":4},"end":{"line":306,"column":null}},"153":{"start":{"line":301,"column":8},"end":{"line":302,"column":null}},"154":{"start":{"line":302,"column":10},"end":{"line":302,"column":null}},"155":{"start":{"line":304,"column":8},"end":{"line":304,"column":null}},"156":{"start":{"line":310,"column":4},"end":{"line":312,"column":null}},"157":{"start":{"line":316,"column":26},"end":{"line":316,"column":null}},"158":{"start":{"line":317,"column":19},"end":{"line":317,"column":null}},"159":{"start":{"line":318,"column":19},"end":{"line":318,"column":null}},"160":{"start":{"line":319,"column":21},"end":{"line":319,"column":null}},"161":{"start":{"line":320,"column":21},"end":{"line":320,"column":null}},"162":{"start":{"line":321,"column":24},"end":{"line":321,"column":null}},"163":{"start":{"line":323,"column":22},"end":{"line":323,"column":null}},"164":{"start":{"line":324,"column":16},"end":{"line":324,"column":51}},"165":{"start":{"line":325,"column":16},"end":{"line":325,"column":null}},"166":{"start":{"line":327,"column":21},"end":{"line":330,"column":null}},"167":{"start":{"line":332,"column":29},"end":{"line":337,"column":null}},"168":{"start":{"line":339,"column":4},"end":{"line":341,"column":null}},"169":{"start":{"line":343,"column":4},"end":{"line":343,"column":null}},"170":{"start":{"line":348,"column":4},"end":{"line":375,"column":null}},"171":{"start":{"line":349,"column":26},"end":{"line":349,"column":null}},"172":{"start":{"line":350,"column":19},"end":{"line":350,"column":64}},"173":{"start":{"line":350,"column":52},"end":{"line":350,"column":64}},"174":{"start":{"line":352,"column":6},"end":{"line":369,"column":null}},"175":{"start":{"line":353,"column":27},"end":{"line":353,"column":76}},"176":{"start":{"line":353,"column":60},"end":{"line":353,"column":76}},"177":{"start":{"line":354,"column":8},"end":{"line":369,"column":null}},"178":{"start":{"line":355,"column":32},"end":{"line":355,"column":null}},"179":{"start":{"line":356,"column":10},"end":{"line":369,"column":null}},"180":{"start":{"line":357,"column":12},"end":{"line":357,"column":null}},"181":{"start":{"line":359,"column":19},"end":{"line":369,"column":null}},"182":{"start":{"line":360,"column":36},"end":{"line":362,"column":44}},"183":{"start":{"line":361,"column":38},"end":{"line":361,"column":65}},"184":{"start":{"line":362,"column":35},"end":{"line":362,"column":44}},"185":{"start":{"line":364,"column":31},"end":{"line":365,"column":null}},"186":{"start":{"line":365,"column":14},"end":{"line":365,"column":null}},"187":{"start":{"line":368,"column":12},"end":{"line":369,"column":null}},"188":{"start":{"line":369,"column":14},"end":{"line":369,"column":null}},"189":{"start":{"line":374,"column":6},"end":{"line":374,"column":null}},"190":{"start":{"line":379,"column":4},"end":{"line":379,"column":null}},"191":{"start":{"line":383,"column":4},"end":{"line":383,"column":null}},"192":{"start":{"line":387,"column":4},"end":{"line":423,"column":null}},"193":{"start":{"line":388,"column":19},"end":{"line":388,"column":68}},"194":{"start":{"line":388,"column":52},"end":{"line":388,"column":68}},"195":{"start":{"line":389,"column":6},"end":{"line":389,"column":null}},"196":{"start":{"line":389,"column":17},"end":{"line":389,"column":null}},"197":{"start":{"line":391,"column":34},"end":{"line":391,"column":null}},"198":{"start":{"line":392,"column":27},"end":{"line":392,"column":null}},"199":{"start":{"line":394,"column":36},"end":{"line":394,"column":38}},"200":{"start":{"line":396,"column":6},"end":{"line":399,"column":null}},"201":{"start":{"line":397,"column":8},"end":{"line":397,"column":null}},"202":{"start":{"line":399,"column":8},"end":{"line":399,"column":null}},"203":{"start":{"line":402,"column":28},"end":{"line":402,"column":50}},"204":{"start":{"line":404,"column":27},"end":{"line":412,"column":null}},"205":{"start":{"line":405,"column":8},"end":{"line":406,"column":null}},"206":{"start":{"line":406,"column":10},"end":{"line":406,"column":null}},"207":{"start":{"line":408,"column":8},"end":{"line":409,"column":null}},"208":{"start":{"line":409,"column":10},"end":{"line":409,"column":null}},"209":{"start":{"line":411,"column":8},"end":{"line":411,"column":null}},"210":{"start":{"line":414,"column":27},"end":{"line":420,"column":null}},"211":{"start":{"line":415,"column":31},"end":{"line":415,"column":121}},"212":{"start":{"line":416,"column":8},"end":{"line":417,"column":null}},"213":{"start":{"line":417,"column":10},"end":{"line":417,"column":null}},"214":{"start":{"line":419,"column":8},"end":{"line":419,"column":null}},"215":{"start":{"line":422,"column":6},"end":{"line":422,"column":null}},"216":{"start":{"line":427,"column":4},"end":{"line":434,"column":null}},"217":{"start":{"line":427,"column":30},"end":{"line":433,"column":null}},"218":{"start":{"line":429,"column":8},"end":{"line":430,"column":null}},"219":{"start":{"line":430,"column":10},"end":{"line":430,"column":null}},"220":{"start":{"line":432,"column":8},"end":{"line":432,"column":null}},"221":{"start":{"line":438,"column":4},"end":{"line":445,"column":null}},"222":{"start":{"line":438,"column":30},"end":{"line":444,"column":null}},"223":{"start":{"line":440,"column":8},"end":{"line":441,"column":null}},"224":{"start":{"line":441,"column":10},"end":{"line":441,"column":null}},"225":{"start":{"line":443,"column":8},"end":{"line":443,"column":null}},"226":{"start":{"line":449,"column":4},"end":{"line":456,"column":null}},"227":{"start":{"line":449,"column":30},"end":{"line":455,"column":null}},"228":{"start":{"line":451,"column":8},"end":{"line":452,"column":null}},"229":{"start":{"line":452,"column":10},"end":{"line":452,"column":null}},"230":{"start":{"line":454,"column":8},"end":{"line":454,"column":null}},"231":{"start":{"line":460,"column":18},"end":{"line":460,"column":23}},"232":{"start":{"line":461,"column":45},"end":{"line":461,"column":47}},"233":{"start":{"line":462,"column":18},"end":{"line":462,"column":null}},"234":{"start":{"line":464,"column":4},"end":{"line":488,"column":null}},"235":{"start":{"line":465,"column":38},"end":{"line":465,"column":40}},"236":{"start":{"line":466,"column":19},"end":{"line":466,"column":null}},"237":{"start":{"line":468,"column":6},"end":{"line":483,"column":null}},"238":{"start":{"line":469,"column":26},"end":{"line":469,"column":71}},"239":{"start":{"line":469,"column":50},"end":{"line":469,"column":71}},"240":{"start":{"line":470,"column":8},"end":{"line":470,"column":null}},"241":{"start":{"line":470,"column":24},"end":{"line":470,"column":null}},"242":{"start":{"line":471,"column":17},"end":{"line":483,"column":null}},"243":{"start":{"line":472,"column":8},"end":{"line":472,"column":null}},"244":{"start":{"line":472,"column":32},"end":{"line":472,"column":null}},"245":{"start":{"line":473,"column":8},"end":{"line":473,"column":null}},"246":{"start":{"line":473,"column":32},"end":{"line":473,"column":null}},"247":{"start":{"line":474,"column":8},"end":{"line":474,"column":null}},"248":{"start":{"line":474,"column":32},"end":{"line":474,"column":null}},"249":{"start":{"line":475,"column":8},"end":{"line":475,"column":null}},"250":{"start":{"line":475,"column":37},"end":{"line":475,"column":null}},"251":{"start":{"line":476,"column":25},"end":{"line":476,"column":70}},"252":{"start":{"line":476,"column":49},"end":{"line":476,"column":70}},"253":{"start":{"line":477,"column":8},"end":{"line":477,"column":null}},"254":{"start":{"line":477,"column":23},"end":{"line":477,"column":null}},"255":{"start":{"line":478,"column":17},"end":{"line":483,"column":null}},"256":{"start":{"line":479,"column":8},"end":{"line":479,"column":null}},"257":{"start":{"line":479,"column":32},"end":{"line":479,"column":null}},"258":{"start":{"line":480,"column":8},"end":{"line":480,"column":null}},"259":{"start":{"line":480,"column":39},"end":{"line":480,"column":null}},"260":{"start":{"line":481,"column":8},"end":{"line":481,"column":null}},"261":{"start":{"line":481,"column":43},"end":{"line":481,"column":null}},"262":{"start":{"line":482,"column":17},"end":{"line":483,"column":null}},"263":{"start":{"line":483,"column":8},"end":{"line":483,"column":null}},"264":{"start":{"line":483,"column":32},"end":{"line":483,"column":null}},"265":{"start":{"line":486,"column":6},"end":{"line":488,"column":null}},"266":{"start":{"line":487,"column":8},"end":{"line":487,"column":null}},"267":{"start":{"line":488,"column":8},"end":{"line":488,"column":null}},"268":{"start":{"line":492,"column":4},"end":{"line":492,"column":null}},"269":{"start":{"line":493,"column":4},"end":{"line":493,"column":null}},"270":{"start":{"line":496,"column":49},"end":{"line":496,"column":81}},"271":{"start":{"line":499,"column":4},"end":{"line":514,"column":null}},"272":{"start":{"line":518,"column":4},"end":{"line":521,"column":null}},"273":{"start":{"line":519,"column":6},"end":{"line":519,"column":null}},"274":{"start":{"line":519,"column":22},"end":{"line":519,"column":64}},"275":{"start":{"line":521,"column":6},"end":{"line":521,"column":null}},"276":{"start":{"line":526,"column":4},"end":{"line":526,"column":null}}},"fnMap":{"0":{"name":"getDescendantsToHide","decl":{"start":{"line":14,"column":9},"end":{"line":14,"column":30}},"loc":{"start":{"line":14,"column":74},"end":{"line":35,"column":null}},"line":14},"1":{"name":"(anonymous_1)","decl":{"start":{"line":25,"column":7},"end":{"line":25,"column":15}},"loc":{"start":{"line":25,"column":24},"end":{"line":25,"column":50}},"line":25},"2":{"name":"(anonymous_2)","decl":{"start":{"line":26,"column":7},"end":{"line":26,"column":12}},"loc":{"start":{"line":26,"column":21},"end":{"line":26,"column":33}},"line":26},"3":{"name":"getDescendantsToShow","decl":{"start":{"line":38,"column":9},"end":{"line":38,"column":30}},"loc":{"start":{"line":38,"column":92},"end":{"line":63,"column":null}},"line":38},"4":{"name":"(anonymous_4)","decl":{"start":{"line":49,"column":7},"end":{"line":49,"column":15}},"loc":{"start":{"line":49,"column":24},"end":{"line":49,"column":50}},"line":49},"5":{"name":"(anonymous_5)","decl":{"start":{"line":50,"column":7},"end":{"line":50,"column":12}},"loc":{"start":{"line":50,"column":21},"end":{"line":50,"column":33}},"line":50},"6":{"name":"(anonymous_6)","decl":{"start":{"line":55,"column":32},"end":{"line":55,"column":37}},"loc":{"start":{"line":55,"column":42},"end":{"line":55,"column":59}},"line":55},"7":{"name":"(anonymous_7)","decl":{"start":{"line":109,"column":13},"end":{"line":109,"column":77}},"loc":{"start":{"line":109,"column":91},"end":{"line":528,"column":null}},"line":109},"8":{"name":"(anonymous_8)","decl":{"start":{"line":119,"column":2},"end":{"line":119,"column":18}},"loc":{"start":{"line":119,"column":53},"end":{"line":141,"column":null}},"line":119},"9":{"name":"(anonymous_9)","decl":{"start":{"line":124,"column":7},"end":{"line":124,"column":15}},"loc":{"start":{"line":124,"column":42},"end":{"line":124,"column":62}},"line":124},"10":{"name":"(anonymous_10)","decl":{"start":{"line":125,"column":7},"end":{"line":125,"column":12}},"loc":{"start":{"line":125,"column":23},"end":{"line":125,"column":28}},"line":125},"11":{"name":"(anonymous_11)","decl":{"start":{"line":129,"column":25},"end":{"line":129,"column":30}},"loc":{"start":{"line":129,"column":48},"end":{"line":138,"column":null}},"line":129},"12":{"name":"(anonymous_12)","decl":{"start":{"line":132,"column":43},"end":{"line":132,"column":51}},"loc":{"start":{"line":132,"column":66},"end":{"line":132,"column":94}},"line":132},"13":{"name":"(anonymous_13)","decl":{"start":{"line":145,"column":2},"end":{"line":145,"column":18}},"loc":{"start":{"line":145,"column":44},"end":{"line":172,"column":null}},"line":145},"14":{"name":"(anonymous_14)","decl":{"start":{"line":149,"column":33},"end":{"line":149,"column":41}},"loc":{"start":{"line":149,"column":59},"end":{"line":149,"column":79}},"line":149},"15":{"name":"(anonymous_15)","decl":{"start":{"line":152,"column":19},"end":{"line":152,"column":28}},"loc":{"start":{"line":152,"column":51},"end":{"line":169,"column":null}},"line":152},"16":{"name":"(anonymous_16)","decl":{"start":{"line":154,"column":29},"end":{"line":154,"column":35}},"loc":{"start":{"line":154,"column":50},"end":{"line":154,"column":69}},"line":154},"17":{"name":"(anonymous_17)","decl":{"start":{"line":156,"column":37},"end":{"line":156,"column":43}},"loc":{"start":{"line":156,"column":58},"end":{"line":156,"column":79}},"line":156},"18":{"name":"(anonymous_18)","decl":{"start":{"line":157,"column":37},"end":{"line":157,"column":43}},"loc":{"start":{"line":157,"column":58},"end":{"line":157,"column":79}},"line":157},"19":{"name":"(anonymous_19)","decl":{"start":{"line":159,"column":42},"end":{"line":159,"column":47}},"loc":{"start":{"line":159,"column":65},"end":{"line":165,"column":null}},"line":159},"20":{"name":"(anonymous_20)","decl":{"start":{"line":162,"column":79},"end":{"line":162,"column":87}},"loc":{"start":{"line":162,"column":102},"end":{"line":162,"column":127}},"line":162},"21":{"name":"(anonymous_21)","decl":{"start":{"line":176,"column":2},"end":{"line":176,"column":14}},"loc":{"start":{"line":176,"column":41},"end":{"line":246,"column":null}},"line":176},"22":{"name":"(anonymous_22)","decl":{"start":{"line":177,"column":4},"end":{"line":177,"column":9}},"loc":{"start":{"line":177,"column":19},"end":{"line":246,"column":null}},"line":177},"23":{"name":"(anonymous_23)","decl":{"start":{"line":180,"column":37},"end":{"line":180,"column":43}},"loc":{"start":{"line":180,"column":49},"end":{"line":180,"column":76}},"line":180},"24":{"name":"(anonymous_24)","decl":{"start":{"line":181,"column":37},"end":{"line":181,"column":43}},"loc":{"start":{"line":181,"column":49},"end":{"line":181,"column":76}},"line":181},"25":{"name":"(anonymous_25)","decl":{"start":{"line":195,"column":38},"end":{"line":195,"column":null}},"loc":{"start":{"line":196,"column":18},"end":{"line":196,"column":null}},"line":196},"26":{"name":"(anonymous_26)","decl":{"start":{"line":203,"column":28},"end":{"line":203,"column":36}},"loc":{"start":{"line":203,"column":45},"end":{"line":203,"column":79}},"line":203},"27":{"name":"(anonymous_27)","decl":{"start":{"line":215,"column":8},"end":{"line":215,"column":25}},"loc":{"start":{"line":215,"column":25},"end":{"line":215,"column":53}},"line":215},"28":{"name":"(anonymous_28)","decl":{"start":{"line":228,"column":32},"end":{"line":228,"column":37}},"loc":{"start":{"line":228,"column":55},"end":{"line":239,"column":null}},"line":228},"29":{"name":"(anonymous_29)","decl":{"start":{"line":249,"column":2},"end":{"line":249,"column":15}},"loc":{"start":{"line":249,"column":34},"end":{"line":272,"column":null}},"line":249},"30":{"name":"(anonymous_30)","decl":{"start":{"line":250,"column":4},"end":{"line":250,"column":9}},"loc":{"start":{"line":250,"column":29},"end":{"line":272,"column":null}},"line":250},"31":{"name":"(anonymous_31)","decl":{"start":{"line":251,"column":31},"end":{"line":251,"column":37}},"loc":{"start":{"line":251,"column":52},"end":{"line":251,"column":68}},"line":251},"32":{"name":"(anonymous_32)","decl":{"start":{"line":255,"column":39},"end":{"line":255,"column":45}},"loc":{"start":{"line":255,"column":60},"end":{"line":255,"column":81}},"line":255},"33":{"name":"(anonymous_33)","decl":{"start":{"line":256,"column":39},"end":{"line":256,"column":45}},"loc":{"start":{"line":256,"column":60},"end":{"line":256,"column":81}},"line":256},"34":{"name":"(anonymous_34)","decl":{"start":{"line":258,"column":37},"end":{"line":258,"column":42}},"loc":{"start":{"line":258,"column":60},"end":{"line":264,"column":null}},"line":258},"35":{"name":"(anonymous_35)","decl":{"start":{"line":261,"column":75},"end":{"line":261,"column":83}},"loc":{"start":{"line":261,"column":98},"end":{"line":261,"column":123}},"line":261},"36":{"name":"(anonymous_36)","decl":{"start":{"line":270,"column":27},"end":{"line":270,"column":35}},"loc":{"start":{"line":270,"column":50},"end":{"line":270,"column":null}},"line":270},"37":{"name":"(anonymous_37)","decl":{"start":{"line":275,"column":2},"end":{"line":275,"column":15}},"loc":{"start":{"line":275,"column":34},"end":{"line":295,"column":null}},"line":275},"38":{"name":"(anonymous_38)","decl":{"start":{"line":276,"column":4},"end":{"line":276,"column":9}},"loc":{"start":{"line":276,"column":29},"end":{"line":295,"column":null}},"line":276},"39":{"name":"(anonymous_39)","decl":{"start":{"line":277,"column":39},"end":{"line":277,"column":45}},"loc":{"start":{"line":277,"column":60},"end":{"line":277,"column":76}},"line":277},"40":{"name":"(anonymous_40)","decl":{"start":{"line":278,"column":37},"end":{"line":278,"column":45}},"loc":{"start":{"line":278,"column":63},"end":{"line":278,"column":82}},"line":278},"41":{"name":"(anonymous_41)","decl":{"start":{"line":281,"column":36},"end":{"line":281,"column":41}},"loc":{"start":{"line":281,"column":59},"end":{"line":287,"column":null}},"line":281},"42":{"name":"(anonymous_42)","decl":{"start":{"line":284,"column":73},"end":{"line":284,"column":81}},"loc":{"start":{"line":284,"column":96},"end":{"line":284,"column":114}},"line":284},"43":{"name":"(anonymous_43)","decl":{"start":{"line":292,"column":27},"end":{"line":292,"column":35}},"loc":{"start":{"line":292,"column":53},"end":{"line":292,"column":102}},"line":292},"44":{"name":"(anonymous_44)","decl":{"start":{"line":298,"column":2},"end":{"line":298,"column":19}},"loc":{"start":{"line":298,"column":58},"end":{"line":306,"column":null}},"line":298},"45":{"name":"(anonymous_45)","decl":{"start":{"line":300,"column":25},"end":{"line":300,"column":30}},"loc":{"start":{"line":300,"column":48},"end":{"line":305,"column":null}},"line":300},"46":{"name":"(anonymous_46)","decl":{"start":{"line":309,"column":2},"end":{"line":309,"column":12}},"loc":{"start":{"line":309,"column":30},"end":{"line":312,"column":null}},"line":309},"47":{"name":"(anonymous_47)","decl":{"start":{"line":315,"column":2},"end":{"line":315,"column":28}},"loc":{"start":{"line":315,"column":96},"end":{"line":343,"column":null}},"line":315},"48":{"name":"(anonymous_48)","decl":{"start":{"line":346,"column":2},"end":{"line":346,"column":18}},"loc":{"start":{"line":346,"column":53},"end":{"line":375,"column":null}},"line":346},"49":{"name":"(anonymous_49)","decl":{"start":{"line":348,"column":4},"end":{"line":348,"column":9}},"loc":{"start":{"line":348,"column":29},"end":{"line":375,"column":null}},"line":348},"50":{"name":"(anonymous_50)","decl":{"start":{"line":350,"column":31},"end":{"line":350,"column":37}},"loc":{"start":{"line":350,"column":52},"end":{"line":350,"column":64}},"line":350},"51":{"name":"(anonymous_51)","decl":{"start":{"line":353,"column":39},"end":{"line":353,"column":45}},"loc":{"start":{"line":353,"column":60},"end":{"line":353,"column":76}},"line":353},"52":{"name":"(anonymous_52)","decl":{"start":{"line":361,"column":15},"end":{"line":361,"column":23}},"loc":{"start":{"line":361,"column":38},"end":{"line":361,"column":65}},"line":361},"53":{"name":"(anonymous_53)","decl":{"start":{"line":362,"column":15},"end":{"line":362,"column":20}},"loc":{"start":{"line":362,"column":35},"end":{"line":362,"column":44}},"line":362},"54":{"name":"(anonymous_54)","decl":{"start":{"line":364,"column":47},"end":{"line":364,"column":54}},"loc":{"start":{"line":365,"column":14},"end":{"line":365,"column":null}},"line":365},"55":{"name":"(anonymous_55)","decl":{"start":{"line":378,"column":2},"end":{"line":378,"column":20}},"loc":{"start":{"line":378,"column":59},"end":{"line":379,"column":null}},"line":378},"56":{"name":"(anonymous_56)","decl":{"start":{"line":382,"column":2},"end":{"line":382,"column":18}},"loc":{"start":{"line":382,"column":40},"end":{"line":383,"column":null}},"line":382},"57":{"name":"(anonymous_57)","decl":{"start":{"line":386,"column":2},"end":{"line":386,"column":19}},"loc":{"start":{"line":386,"column":38},"end":{"line":423,"column":null}},"line":386},"58":{"name":"(anonymous_58)","decl":{"start":{"line":387,"column":4},"end":{"line":387,"column":9}},"loc":{"start":{"line":387,"column":29},"end":{"line":423,"column":null}},"line":387},"59":{"name":"(anonymous_59)","decl":{"start":{"line":388,"column":31},"end":{"line":388,"column":37}},"loc":{"start":{"line":388,"column":52},"end":{"line":388,"column":68}},"line":388},"60":{"name":"(anonymous_60)","decl":{"start":{"line":404,"column":39},"end":{"line":404,"column":44}},"loc":{"start":{"line":404,"column":59},"end":{"line":412,"column":null}},"line":404},"61":{"name":"(anonymous_61)","decl":{"start":{"line":414,"column":39},"end":{"line":414,"column":44}},"loc":{"start":{"line":414,"column":62},"end":{"line":420,"column":null}},"line":414},"62":{"name":"(anonymous_62)","decl":{"start":{"line":426,"column":2},"end":{"line":426,"column":25}},"loc":{"start":{"line":426,"column":64},"end":{"line":434,"column":null}},"line":426},"63":{"name":"(anonymous_63)","decl":{"start":{"line":427,"column":4},"end":{"line":427,"column":9}},"loc":{"start":{"line":427,"column":30},"end":{"line":433,"column":null}},"line":427},"64":{"name":"(anonymous_64)","decl":{"start":{"line":428,"column":25},"end":{"line":428,"column":30}},"loc":{"start":{"line":428,"column":48},"end":{"line":433,"column":null}},"line":428},"65":{"name":"(anonymous_65)","decl":{"start":{"line":437,"column":2},"end":{"line":437,"column":24}},"loc":{"start":{"line":437,"column":63},"end":{"line":445,"column":null}},"line":437},"66":{"name":"(anonymous_66)","decl":{"start":{"line":438,"column":4},"end":{"line":438,"column":9}},"loc":{"start":{"line":438,"column":30},"end":{"line":444,"column":null}},"line":438},"67":{"name":"(anonymous_67)","decl":{"start":{"line":439,"column":25},"end":{"line":439,"column":30}},"loc":{"start":{"line":439,"column":48},"end":{"line":444,"column":null}},"line":439},"68":{"name":"(anonymous_68)","decl":{"start":{"line":448,"column":2},"end":{"line":448,"column":25}},"loc":{"start":{"line":448,"column":65},"end":{"line":456,"column":null}},"line":448},"69":{"name":"(anonymous_69)","decl":{"start":{"line":449,"column":4},"end":{"line":449,"column":9}},"loc":{"start":{"line":449,"column":30},"end":{"line":455,"column":null}},"line":449},"70":{"name":"(anonymous_70)","decl":{"start":{"line":450,"column":25},"end":{"line":450,"column":30}},"loc":{"start":{"line":450,"column":48},"end":{"line":455,"column":null}},"line":450},"71":{"name":"(anonymous_71)","decl":{"start":{"line":459,"column":2},"end":{"line":459,"column":23}},"loc":{"start":{"line":459,"column":23},"end":{"line":493,"column":null}},"line":459},"72":{"name":"(anonymous_72)","decl":{"start":{"line":469,"column":38},"end":{"line":469,"column":44}},"loc":{"start":{"line":469,"column":50},"end":{"line":469,"column":71}},"line":469},"73":{"name":"(anonymous_73)","decl":{"start":{"line":476,"column":37},"end":{"line":476,"column":43}},"loc":{"start":{"line":476,"column":49},"end":{"line":476,"column":70}},"line":476},"74":{"name":"(anonymous_74)","decl":{"start":{"line":496,"column":2},"end":{"line":496,"column":23}},"loc":{"start":{"line":496,"column":49},"end":{"line":496,"column":81}},"line":496},"75":{"name":"(anonymous_75)","decl":{"start":{"line":498,"column":2},"end":{"line":498,"column":22}},"loc":{"start":{"line":498,"column":22},"end":{"line":514,"column":null}},"line":498},"76":{"name":"(anonymous_76)","decl":{"start":{"line":517,"column":2},"end":{"line":517,"column":16}},"loc":{"start":{"line":517,"column":33},"end":{"line":521,"column":null}},"line":517},"77":{"name":"(anonymous_77)","decl":{"start":{"line":519,"column":6},"end":{"line":519,"column":11}},"loc":{"start":{"line":519,"column":22},"end":{"line":519,"column":64}},"line":519},"78":{"name":"(anonymous_78)","decl":{"start":{"line":525,"column":2},"end":{"line":525,"column":19}},"loc":{"start":{"line":525,"column":19},"end":{"line":526,"column":null}},"line":525}},"branchMap":{"0":{"loc":{"start":{"line":21,"column":4},"end":{"line":21,"column":null}},"type":"if","locations":[{"start":{"line":21,"column":4},"end":{"line":21,"column":null}},{"start":{},"end":{}}],"line":21},"1":{"loc":{"start":{"line":29,"column":6},"end":{"line":31,"column":null}},"type":"if","locations":[{"start":{"line":29,"column":6},"end":{"line":31,"column":null}},{"start":{},"end":{}}],"line":29},"2":{"loc":{"start":{"line":45,"column":4},"end":{"line":45,"column":null}},"type":"if","locations":[{"start":{"line":45,"column":4},"end":{"line":45,"column":null}},{"start":{},"end":{}}],"line":45},"3":{"loc":{"start":{"line":53,"column":6},"end":{"line":58,"column":null}},"type":"if","locations":[{"start":{"line":53,"column":6},"end":{"line":58,"column":null}},{"start":{},"end":{}}],"line":53},"4":{"loc":{"start":{"line":56,"column":14},"end":{"line":56,"column":null}},"type":"binary-expr","locations":[{"start":{"line":56,"column":14},"end":{"line":56,"column":74}},{"start":{"line":56,"column":74},"end":{"line":56,"column":null}}],"line":56},"5":{"loc":{"start":{"line":57,"column":8},"end":{"line":58,"column":null}},"type":"if","locations":[{"start":{"line":57,"column":8},"end":{"line":58,"column":null}},{"start":{},"end":{}}],"line":57},"6":{"loc":{"start":{"line":127,"column":4},"end":{"line":141,"column":null}},"type":"if","locations":[{"start":{"line":127,"column":4},"end":{"line":141,"column":null}},{"start":{"line":140,"column":11},"end":{"line":141,"column":null}}],"line":127},"7":{"loc":{"start":{"line":130,"column":10},"end":{"line":134,"column":null}},"type":"if","locations":[{"start":{"line":130,"column":10},"end":{"line":134,"column":null}},{"start":{},"end":{}}],"line":130},"8":{"loc":{"start":{"line":131,"column":31},"end":{"line":131,"column":64}},"type":"binary-expr","locations":[{"start":{"line":131,"column":31},"end":{"line":131,"column":62}},{"start":{"line":131,"column":62},"end":{"line":131,"column":64}}],"line":131},"9":{"loc":{"start":{"line":133,"column":12},"end":{"line":134,"column":null}},"type":"if","locations":[{"start":{"line":133,"column":12},"end":{"line":134,"column":null}},{"start":{},"end":{}}],"line":133},"10":{"loc":{"start":{"line":150,"column":4},"end":{"line":172,"column":null}},"type":"if","locations":[{"start":{"line":150,"column":4},"end":{"line":172,"column":null}},{"start":{"line":171,"column":11},"end":{"line":172,"column":null}}],"line":150},"11":{"loc":{"start":{"line":153,"column":8},"end":{"line":165,"column":null}},"type":"if","locations":[{"start":{"line":153,"column":8},"end":{"line":165,"column":null}},{"start":{},"end":{}}],"line":153},"12":{"loc":{"start":{"line":155,"column":10},"end":{"line":165,"column":null}},"type":"if","locations":[{"start":{"line":155,"column":10},"end":{"line":165,"column":null}},{"start":{},"end":{}}],"line":155},"13":{"loc":{"start":{"line":158,"column":12},"end":{"line":165,"column":null}},"type":"if","locations":[{"start":{"line":158,"column":12},"end":{"line":165,"column":null}},{"start":{},"end":{}}],"line":158},"14":{"loc":{"start":{"line":158,"column":16},"end":{"line":158,"column":77}},"type":"binary-expr","locations":[{"start":{"line":158,"column":16},"end":{"line":158,"column":48}},{"start":{"line":158,"column":48},"end":{"line":158,"column":77}}],"line":158},"15":{"loc":{"start":{"line":160,"column":16},"end":{"line":162,"column":null}},"type":"if","locations":[{"start":{"line":160,"column":16},"end":{"line":162,"column":null}},{"start":{},"end":{}}],"line":160},"16":{"loc":{"start":{"line":161,"column":37},"end":{"line":161,"column":70}},"type":"binary-expr","locations":[{"start":{"line":161,"column":37},"end":{"line":161,"column":68}},{"start":{"line":161,"column":68},"end":{"line":161,"column":70}}],"line":161},"17":{"loc":{"start":{"line":178,"column":6},"end":{"line":178,"column":null}},"type":"if","locations":[{"start":{"line":178,"column":6},"end":{"line":178,"column":null}},{"start":{},"end":{}}],"line":178},"18":{"loc":{"start":{"line":178,"column":10},"end":{"line":178,"column":52}},"type":"binary-expr","locations":[{"start":{"line":178,"column":10},"end":{"line":178,"column":32}},{"start":{"line":178,"column":32},"end":{"line":178,"column":52}}],"line":178},"19":{"loc":{"start":{"line":183,"column":6},"end":{"line":183,"column":null}},"type":"if","locations":[{"start":{"line":183,"column":6},"end":{"line":183,"column":null}},{"start":{},"end":{}}],"line":183},"20":{"loc":{"start":{"line":183,"column":10},"end":{"line":183,"column":38}},"type":"binary-expr","locations":[{"start":{"line":183,"column":10},"end":{"line":183,"column":25}},{"start":{"line":183,"column":25},"end":{"line":183,"column":38}}],"line":183},"21":{"loc":{"start":{"line":185,"column":28},"end":{"line":185,"column":null}},"type":"binary-expr","locations":[{"start":{"line":185,"column":28},"end":{"line":185,"column":58}},{"start":{"line":185,"column":58},"end":{"line":185,"column":null}}],"line":185},"22":{"loc":{"start":{"line":186,"column":28},"end":{"line":186,"column":null}},"type":"binary-expr","locations":[{"start":{"line":186,"column":28},"end":{"line":186,"column":59}},{"start":{"line":186,"column":59},"end":{"line":186,"column":null}}],"line":186},"23":{"loc":{"start":{"line":187,"column":27},"end":{"line":187,"column":null}},"type":"binary-expr","locations":[{"start":{"line":187,"column":27},"end":{"line":187,"column":57}},{"start":{"line":187,"column":57},"end":{"line":187,"column":null}}],"line":187},"24":{"loc":{"start":{"line":188,"column":30},"end":{"line":188,"column":null}},"type":"binary-expr","locations":[{"start":{"line":188,"column":30},"end":{"line":188,"column":63}},{"start":{"line":188,"column":63},"end":{"line":188,"column":null}}],"line":188},"25":{"loc":{"start":{"line":190,"column":6},"end":{"line":192,"column":null}},"type":"if","locations":[{"start":{"line":190,"column":6},"end":{"line":192,"column":null}},{"start":{},"end":{}}],"line":190},"26":{"loc":{"start":{"line":190,"column":10},"end":{"line":190,"column":81}},"type":"binary-expr","locations":[{"start":{"line":190,"column":10},"end":{"line":190,"column":28}},{"start":{"line":190,"column":28},"end":{"line":190,"column":46}},{"start":{"line":190,"column":46},"end":{"line":190,"column":63}},{"start":{"line":190,"column":63},"end":{"line":190,"column":81}}],"line":190},"27":{"loc":{"start":{"line":196,"column":18},"end":{"line":196,"column":null}},"type":"binary-expr","locations":[{"start":{"line":196,"column":18},"end":{"line":196,"column":55}},{"start":{"line":196,"column":55},"end":{"line":196,"column":null}}],"line":196},"28":{"loc":{"start":{"line":198,"column":6},"end":{"line":198,"column":null}},"type":"if","locations":[{"start":{"line":198,"column":6},"end":{"line":198,"column":null}},{"start":{},"end":{}}],"line":198},"29":{"loc":{"start":{"line":202,"column":6},"end":{"line":203,"column":null}},"type":"if","locations":[{"start":{"line":202,"column":6},"end":{"line":203,"column":null}},{"start":{},"end":{}}],"line":202},"30":{"loc":{"start":{"line":202,"column":10},"end":{"line":202,"column":99}},"type":"binary-expr","locations":[{"start":{"line":202,"column":10},"end":{"line":202,"column":40}},{"start":{"line":202,"column":40},"end":{"line":202,"column":71}},{"start":{"line":202,"column":71},"end":{"line":202,"column":99}}],"line":202},"31":{"loc":{"start":{"line":208,"column":6},"end":{"line":215,"column":null}},"type":"if","locations":[{"start":{"line":208,"column":6},"end":{"line":215,"column":null}},{"start":{},"end":{}}],"line":208},"32":{"loc":{"start":{"line":218,"column":6},"end":{"line":223,"column":null}},"type":"if","locations":[{"start":{"line":218,"column":6},"end":{"line":223,"column":null}},{"start":{},"end":{}}],"line":218},"33":{"loc":{"start":{"line":227,"column":6},"end":{"line":239,"column":null}},"type":"if","locations":[{"start":{"line":227,"column":6},"end":{"line":239,"column":null}},{"start":{},"end":{}}],"line":227},"34":{"loc":{"start":{"line":229,"column":10},"end":{"line":235,"column":null}},"type":"if","locations":[{"start":{"line":229,"column":10},"end":{"line":235,"column":null}},{"start":{},"end":{}}],"line":229},"35":{"loc":{"start":{"line":230,"column":31},"end":{"line":230,"column":64}},"type":"binary-expr","locations":[{"start":{"line":230,"column":31},"end":{"line":230,"column":62}},{"start":{"line":230,"column":62},"end":{"line":230,"column":64}}],"line":230},"36":{"loc":{"start":{"line":231,"column":12},"end":{"line":235,"column":null}},"type":"if","locations":[{"start":{"line":231,"column":12},"end":{"line":235,"column":null}},{"start":{},"end":{}}],"line":231},"37":{"loc":{"start":{"line":254,"column":6},"end":{"line":264,"column":null}},"type":"if","locations":[{"start":{"line":254,"column":6},"end":{"line":264,"column":null}},{"start":{},"end":{}}],"line":254},"38":{"loc":{"start":{"line":257,"column":8},"end":{"line":264,"column":null}},"type":"if","locations":[{"start":{"line":257,"column":8},"end":{"line":264,"column":null}},{"start":{},"end":{}}],"line":257},"39":{"loc":{"start":{"line":257,"column":12},"end":{"line":257,"column":73}},"type":"binary-expr","locations":[{"start":{"line":257,"column":12},"end":{"line":257,"column":44}},{"start":{"line":257,"column":44},"end":{"line":257,"column":73}}],"line":257},"40":{"loc":{"start":{"line":259,"column":12},"end":{"line":261,"column":null}},"type":"if","locations":[{"start":{"line":259,"column":12},"end":{"line":261,"column":null}},{"start":{},"end":{}}],"line":259},"41":{"loc":{"start":{"line":260,"column":33},"end":{"line":260,"column":66}},"type":"binary-expr","locations":[{"start":{"line":260,"column":33},"end":{"line":260,"column":64}},{"start":{"line":260,"column":64},"end":{"line":260,"column":66}}],"line":260},"42":{"loc":{"start":{"line":280,"column":6},"end":{"line":287,"column":null}},"type":"if","locations":[{"start":{"line":280,"column":6},"end":{"line":287,"column":null}},{"start":{},"end":{}}],"line":280},"43":{"loc":{"start":{"line":282,"column":10},"end":{"line":284,"column":null}},"type":"if","locations":[{"start":{"line":282,"column":10},"end":{"line":284,"column":null}},{"start":{},"end":{}}],"line":282},"44":{"loc":{"start":{"line":283,"column":31},"end":{"line":283,"column":64}},"type":"binary-expr","locations":[{"start":{"line":283,"column":31},"end":{"line":283,"column":62}},{"start":{"line":283,"column":62},"end":{"line":283,"column":64}}],"line":283},"45":{"loc":{"start":{"line":292,"column":53},"end":{"line":292,"column":102}},"type":"binary-expr","locations":[{"start":{"line":292,"column":53},"end":{"line":292,"column":79}},{"start":{"line":292,"column":79},"end":{"line":292,"column":102}}],"line":292},"46":{"loc":{"start":{"line":293,"column":22},"end":{"line":293,"column":null}},"type":"cond-expr","locations":[{"start":{"line":293,"column":54},"end":{"line":293,"column":61}},{"start":{"line":293,"column":61},"end":{"line":293,"column":null}}],"line":293},"47":{"loc":{"start":{"line":301,"column":8},"end":{"line":302,"column":null}},"type":"if","locations":[{"start":{"line":301,"column":8},"end":{"line":302,"column":null}},{"start":{},"end":{}}],"line":301},"48":{"loc":{"start":{"line":352,"column":6},"end":{"line":369,"column":null}},"type":"if","locations":[{"start":{"line":352,"column":6},"end":{"line":369,"column":null}},{"start":{},"end":{}}],"line":352},"49":{"loc":{"start":{"line":354,"column":8},"end":{"line":369,"column":null}},"type":"if","locations":[{"start":{"line":354,"column":8},"end":{"line":369,"column":null}},{"start":{},"end":{}}],"line":354},"50":{"loc":{"start":{"line":356,"column":10},"end":{"line":369,"column":null}},"type":"if","locations":[{"start":{"line":356,"column":10},"end":{"line":369,"column":null}},{"start":{"line":359,"column":19},"end":{"line":369,"column":null}}],"line":356},"51":{"loc":{"start":{"line":359,"column":19},"end":{"line":369,"column":null}},"type":"if","locations":[{"start":{"line":359,"column":19},"end":{"line":369,"column":null}},{"start":{},"end":{}}],"line":359},"52":{"loc":{"start":{"line":365,"column":14},"end":{"line":365,"column":null}},"type":"cond-expr","locations":[{"start":{"line":365,"column":30},"end":{"line":365,"column":37}},{"start":{"line":365,"column":37},"end":{"line":365,"column":null}}],"line":365},"53":{"loc":{"start":{"line":368,"column":12},"end":{"line":369,"column":null}},"type":"if","locations":[{"start":{"line":368,"column":12},"end":{"line":369,"column":null}},{"start":{},"end":{}}],"line":368},"54":{"loc":{"start":{"line":389,"column":6},"end":{"line":389,"column":null}},"type":"if","locations":[{"start":{"line":389,"column":6},"end":{"line":389,"column":null}},{"start":{},"end":{}}],"line":389},"55":{"loc":{"start":{"line":391,"column":34},"end":{"line":391,"column":null}},"type":"binary-expr","locations":[{"start":{"line":391,"column":34},"end":{"line":391,"column":67}},{"start":{"line":391,"column":67},"end":{"line":391,"column":null}}],"line":391},"56":{"loc":{"start":{"line":396,"column":6},"end":{"line":399,"column":null}},"type":"if","locations":[{"start":{"line":396,"column":6},"end":{"line":399,"column":null}},{"start":{"line":398,"column":13},"end":{"line":399,"column":null}}],"line":396},"57":{"loc":{"start":{"line":405,"column":8},"end":{"line":406,"column":null}},"type":"if","locations":[{"start":{"line":405,"column":8},"end":{"line":406,"column":null}},{"start":{},"end":{}}],"line":405},"58":{"loc":{"start":{"line":408,"column":8},"end":{"line":409,"column":null}},"type":"if","locations":[{"start":{"line":408,"column":8},"end":{"line":409,"column":null}},{"start":{},"end":{}}],"line":408},"59":{"loc":{"start":{"line":415,"column":31},"end":{"line":415,"column":121}},"type":"binary-expr","locations":[{"start":{"line":415,"column":31},"end":{"line":415,"column":57}},{"start":{"line":415,"column":57},"end":{"line":415,"column":87}},{"start":{"line":415,"column":91},"end":{"line":415,"column":121}}],"line":415},"60":{"loc":{"start":{"line":416,"column":8},"end":{"line":417,"column":null}},"type":"if","locations":[{"start":{"line":416,"column":8},"end":{"line":417,"column":null}},{"start":{},"end":{}}],"line":416},"61":{"loc":{"start":{"line":429,"column":8},"end":{"line":430,"column":null}},"type":"if","locations":[{"start":{"line":429,"column":8},"end":{"line":430,"column":null}},{"start":{},"end":{}}],"line":429},"62":{"loc":{"start":{"line":429,"column":12},"end":{"line":429,"column":56}},"type":"binary-expr","locations":[{"start":{"line":429,"column":12},"end":{"line":429,"column":34}},{"start":{"line":429,"column":34},"end":{"line":429,"column":56}}],"line":429},"63":{"loc":{"start":{"line":440,"column":8},"end":{"line":441,"column":null}},"type":"if","locations":[{"start":{"line":440,"column":8},"end":{"line":441,"column":null}},{"start":{},"end":{}}],"line":440},"64":{"loc":{"start":{"line":440,"column":12},"end":{"line":440,"column":56}},"type":"binary-expr","locations":[{"start":{"line":440,"column":12},"end":{"line":440,"column":34}},{"start":{"line":440,"column":34},"end":{"line":440,"column":56}}],"line":440},"65":{"loc":{"start":{"line":451,"column":8},"end":{"line":452,"column":null}},"type":"if","locations":[{"start":{"line":451,"column":8},"end":{"line":452,"column":null}},{"start":{},"end":{}}],"line":451},"66":{"loc":{"start":{"line":451,"column":12},"end":{"line":451,"column":58}},"type":"binary-expr","locations":[{"start":{"line":451,"column":12},"end":{"line":451,"column":35}},{"start":{"line":451,"column":35},"end":{"line":451,"column":58}}],"line":451},"67":{"loc":{"start":{"line":468,"column":6},"end":{"line":483,"column":null}},"type":"if","locations":[{"start":{"line":468,"column":6},"end":{"line":483,"column":null}},{"start":{"line":471,"column":17},"end":{"line":483,"column":null}}],"line":468},"68":{"loc":{"start":{"line":470,"column":8},"end":{"line":470,"column":null}},"type":"if","locations":[{"start":{"line":470,"column":8},"end":{"line":470,"column":null}},{"start":{},"end":{}}],"line":470},"69":{"loc":{"start":{"line":471,"column":17},"end":{"line":483,"column":null}},"type":"if","locations":[{"start":{"line":471,"column":17},"end":{"line":483,"column":null}},{"start":{"line":478,"column":17},"end":{"line":483,"column":null}}],"line":471},"70":{"loc":{"start":{"line":472,"column":8},"end":{"line":472,"column":null}},"type":"if","locations":[{"start":{"line":472,"column":8},"end":{"line":472,"column":null}},{"start":{},"end":{}}],"line":472},"71":{"loc":{"start":{"line":473,"column":8},"end":{"line":473,"column":null}},"type":"if","locations":[{"start":{"line":473,"column":8},"end":{"line":473,"column":null}},{"start":{},"end":{}}],"line":473},"72":{"loc":{"start":{"line":474,"column":8},"end":{"line":474,"column":null}},"type":"if","locations":[{"start":{"line":474,"column":8},"end":{"line":474,"column":null}},{"start":{},"end":{}}],"line":474},"73":{"loc":{"start":{"line":475,"column":8},"end":{"line":475,"column":null}},"type":"if","locations":[{"start":{"line":475,"column":8},"end":{"line":475,"column":null}},{"start":{},"end":{}}],"line":475},"74":{"loc":{"start":{"line":477,"column":8},"end":{"line":477,"column":null}},"type":"if","locations":[{"start":{"line":477,"column":8},"end":{"line":477,"column":null}},{"start":{},"end":{}}],"line":477},"75":{"loc":{"start":{"line":478,"column":17},"end":{"line":483,"column":null}},"type":"if","locations":[{"start":{"line":478,"column":17},"end":{"line":483,"column":null}},{"start":{"line":482,"column":17},"end":{"line":483,"column":null}}],"line":478},"76":{"loc":{"start":{"line":479,"column":8},"end":{"line":479,"column":null}},"type":"if","locations":[{"start":{"line":479,"column":8},"end":{"line":479,"column":null}},{"start":{},"end":{}}],"line":479},"77":{"loc":{"start":{"line":480,"column":8},"end":{"line":480,"column":null}},"type":"if","locations":[{"start":{"line":480,"column":8},"end":{"line":480,"column":null}},{"start":{},"end":{}}],"line":480},"78":{"loc":{"start":{"line":481,"column":8},"end":{"line":481,"column":null}},"type":"if","locations":[{"start":{"line":481,"column":8},"end":{"line":481,"column":null}},{"start":{},"end":{}}],"line":481},"79":{"loc":{"start":{"line":482,"column":17},"end":{"line":483,"column":null}},"type":"if","locations":[{"start":{"line":482,"column":17},"end":{"line":483,"column":null}},{"start":{},"end":{}}],"line":482},"80":{"loc":{"start":{"line":483,"column":8},"end":{"line":483,"column":null}},"type":"if","locations":[{"start":{"line":483,"column":8},"end":{"line":483,"column":null}},{"start":{},"end":{}}],"line":483},"81":{"loc":{"start":{"line":486,"column":6},"end":{"line":488,"column":null}},"type":"if","locations":[{"start":{"line":486,"column":6},"end":{"line":488,"column":null}},{"start":{},"end":{}}],"line":486},"82":{"loc":{"start":{"line":518,"column":4},"end":{"line":521,"column":null}},"type":"if","locations":[{"start":{"line":518,"column":4},"end":{"line":521,"column":null}},{"start":{"line":520,"column":11},"end":{"line":521,"column":null}}],"line":518}},"s":{"0":0,"1":0,"2":0,"3":0,"4":0,"5":0,"6":0,"7":0,"8":0,"9":0,"10":0,"11":0,"12":0,"13":0,"14":0,"15":0,"16":0,"17":0,"18":0,"19":0,"20":0,"21":0,"22":0,"23":0,"24":0,"25":0,"26":0,"27":0,"28":0,"29":0,"30":0,"31":0,"32":0,"33":0,"34":0,"35":0,"36":1,"37":1,"38":1,"39":1,"40":0,"41":0,"42":0,"43":0,"44":0,"45":0,"46":0,"47":0,"48":0,"49":0,"50":0,"51":0,"52":0,"53":0,"54":0,"55":0,"56":0,"57":0,"58":0,"59":0,"60":0,"61":0,"62":0,"63":0,"64":0,"65":0,"66":0,"67":0,"68":0,"
[...]
nd":{}}],"line":580},"98":{"loc":{"start":{"line":583,"column":41},"end":{"line":583,"column":109}},"type":"if","locations":[{"start":{"line":583,"column":41},"end":{"line":583,"column":109}},{"start":{},"end":{}}],"line":583},"99":{"loc":{"start":{"line":588,"column":12},"end":{"line":588,"column":null}},"type":"if","locations":[{"start":{"line":588,"column":12},"end":{"line":588,"column":null}},{"start":{},"end":{}}],"line":588},"100":{"loc":{"start":{"line":588,"column":16},"end":{"line":588,"column":39}},"type":"binary-expr","locations":[{"start":{"line":588,"column":16},"end":{"line":588,"column":29}},{"start":{"line":588,"column":29},"end":{"line":588,"column":39}}],"line":588},"101":{"loc":{"start":{"line":597,"column":6},"end":{"line":601,"column":null}},"type":"if","locations":[{"start":{"line":597,"column":6},"end":{"line":601,"column":null}},{"start":{"line":599,"column":13},"end":{"line":601,"column":null}}],"line":597},"102":{"loc":{"start":{"line":611,"column":4},"end":{"line":612,"column":null}},"type":"if","locations":[{"start":{"line":611,"column":4},"end":{"line":612,"column":null}},{"start":{},"end":{}}],"line":611},"103":{"loc":{"start":{"line":621,"column":35},"end":{"line":621,"column":null}},"type":"binary-expr","locations":[{"start":{"line":621,"column":35},"end":{"line":621,"column":54}},{"start":{"line":621,"column":54},"end":{"line":621,"column":null}}],"line":621}},"s":{"0":1,"1":1,"2":38,"3":2,"4":2,"5":2,"6":2,"7":2,"8":2,"9":2,"10":2,"11":2,"12":1,"13":1,"14":1,"15":1,"16":1,"17":5,"18":5,"19":1,"20":1,"21":4,"22":4,"23":4,"24":4,"25":5,"26":1,"27":3,"28":4,"29":4,"30":3,"31":3,"32":5,"33":3,"34":1,"35":4,"36":2,"37":2,"38":2,"39":1,"40":1,"41":1,"42":1,"43":1,"44":1,"45":1,"46":0,"47":1,"48":1,"49":1,"50":1,"51":0,"52":1,"53":1,"54":1,"55":1,"56":1,"57":1,"58":0,"59":0,"60":0,"61":1,"62":1,"63":1,"64":1,"65":1,"66":1,"67":1,"68":1,"69":1,"70":1,"71":1,"72":1,"73":1,"74":0,"75":2,"76":2,"77":2,"78":0,"79":2,"80":2,"81":2,"82":2,"83":0,"84":1,"85":1,"86":1,"87":1,"88":0,"89":1,"90":1,"91":1,"92":1,"93":0,"94":0,"95":1,"96":1,"97":1,"98":0,"99":1,"100":1,"101":1,"102":1,"103":0,"104":1,"105":1,"106":0,"107":0,"108":1,"109":1,"110":0,"111":0,"112":1,"113":1,"114":1,"115":1,"116":1,"117":0,"118":0,"119":0,"120":0,"121":0,"122":0,"123":0,"124":0,"125":0,"126":0,"127":1,"128":0,"129":0,"130":0,"131":1,"132":1,"133":1,"134":1,"135":1,"136":1,"137":1,"138":1,"139":1,"140":1,"141":1,"142":3,"143":3,"144":1,"145":1,"146":2,"147":0,"148":0,"149":2,"150":2,"151":2,"152":2,"153":1,"154":1,"155":1,"156":0,"157":1,"158":1,"159":1,"160":1,"161":1,"162":1,"163":1,"164":1,"165":1,"166":1,"167":0,"168":1,"169":3,"170":3,"171":3,"172":3,"173":3,"174":3,"175":1,"176":1,"177":3,"178":3,"179":1,"180":2,"181":2,"182":3,"183":3,"184":1,"185":0,"186":1,"187":3,"188":3,"189":3,"190":3,"191":0,"192":0,"193":0,"194":3,"195":3,"196":4,"197":3,"198":3,"199":3,"200":0,"201":2,"202":3,"203":3,"204":1,"205":1,"206":2,"207":2,"208":1,"209":1,"210":2,"211":1,"212":1,"213":1,"214":1,"215":1,"216":2,"217":2,"218":1,"219":2,"220":2,"221":1,"222":1,"223":14,"224":14,"225":14,"226":9,"227":9,"228":14,"229":14,"230":14,"231":14,"232":14,"233":14,"234":9,"235":14,"236":0,"237":14,"238":14,"239":0,"240":14,"241":14,"242":1,"243":1,"244":1,"245":1,"246":1,"247":13,"248":14,"249":1,"250":12,"251":12,"252":12,"253":25,"254":23,"255":8,"256":7,"257":7,"258":7,"259":1,"260":7,"261":1,"262":8,"263":15,"264":15,"265":16,"266":15,"267":16,"268":16,"269":16,"270":0,"271":15,"272":6,"273":9,"274":0,"275":9,"276":1,"277":1,"278":1,"279":1,"280":1,"281":8,"282":5,"283":5,"284":5,"285":5,"286":5,"287":5,"288":3,"289":5,"290":5,"291":3,"292":1,"293":1,"294":1,"295":1,"296":1,"297":1,"298":0,"299":2,"300":2,"301":2,"302":2,"303":1,"304":1,"305":2,"306":2,"307":3,"308":2,"309":1,"310":1,"311":8,"312":6,"313":1,"314":5,"315":5,"316":6,"317":14,"318":1,"319":1,"320":1,"321":1,"322":1,"323":2,"324":1,"325":1,"326":1,"327":1},"f":{"0":38,"1":2,"2":2,"3":2,"4":2,"5":5,"6":2,"7":1,"8":0,"9":0,"10":1,"11":1,"12":1,"13":2,"14":1,"15":1,"16":1,"17":1,"18":0,"19":0,"20":0,"21":0,"22":0,"23":0,"24":0,"25":3,"26":0,"27":3,"28":1,"29":0,"30":0,"31":0,"32":4,"33":2,"34":1,"35":1,"36":14,"37":9,"38":9,"39":7,"40":16,"41":1,"42":5,"43":1,"44":1,"45":1,"46":1,"47":2},"b":{"0":[1,1],"1":[1,1],"2":[1,1],"3":[2,1],"4":[2,0],"5":[2,1],"6":[2,0],"7":[0,1],"8":[1,4],"9":[4,0],"10":[1,3],"11":[1,3],"12":[3,3],"13":[1,2],"14":[1,1],"15":[0,1],"16":[0,1],"17":[1,1],"18":[0,0],"19":[1,0],"20":[1,0],"21":[1,0],"22":[1,0],"23":[1,0],"24":[1,1],"25":[1,0],"26":[1,0],"27":[1,0],"28":[0,2],"29":[2,0],"30":[0,1],"31":[1,1],"32":[0,1],"33":[0,1],"34":[0,1],"35":[0,0],"36":[0,0],"37":[0,0],"38":[0,0],"39":[0,1],"40":[1,2],"41":[0,2],"42":[1,1],"43":[0,0],"44":[1,0],"45":[0,1],"46":[1,2],"47":[3,2,2],"48":[2,1],"49":[1,0],"50":[3,2],"51":[0,0],"52":[3,0],"53":[0,2],"54":[0,3],"55":[3,0],"56":[0,0],"57":[2,0],"58":[3,1],"59":[3,2],"60":[3,2],"61":[1,1],"62":[2,2,1],"63":[1,0],"64":[2,1],"65":[2,0],"66":[2,0],"67":[2,0],"68":[2,0],"69":[2,0],"70":[2,1],"71":[0,1],"72":[1,0],"73":[1,0],"74":[9,0],"75":[9,0],"76":[0,14],"77":[0,14],"78":[1,13],"79":[1,0],"80":[1,13],"81":[8,15],"82":[7,1],"83":[8,7],"84":[1,6],"85":[0,15],"86":[6,9],"87":[0,9],"88":[1,8],"89":[1,1],"90":[5,3],"91":[5,0],"92":[5,2,1],"93":[3,2],"94":[1,2],"95":[1,0],"96":[1,0],"97":[2,0],"98":[1,0],"99":[2,1],"100":[3,3],"101":[1,5],"102":[1,0],"103":[1,1]},"meta":{"lastBranch":104,"lastFunction":48,"lastStatement":328,"seen":{"s:8:16:8:Infinity":0,"b:8:16:8:48:8:48:8:Infinity":0,"s:10:13:628:Infinity":1,"f:10:13:10:81":0,"s:10:95:628:Infinity":2,"f:22:2:22:13":1,"s:22:23:22:46":3,"f:24:2:24:24":2,"s:26:27:28:Infinity":4,"b:27:8:27:66:28:8:28:Infinity":1,"f:27:26:27:31":3,"s:27:36:27:66":5,"s:29:30:29:Infinity":6,"b:29:47:29:67:29:67:29:Infinity":2,"s:31:4:31:Infinity":7,"b:31:35:31:61:31:61:31:64":3,"s:33:10:33:60":8,"b:33:39:33:57:33:57:33:59":4,"s:35:4:49:Infinity":9,"b:38:35:38:59:38:59:38:Infinity":5,"b:41:26:41:44:41:44:41:46":6,"f:52:17:52:29":4,"s:53:4:59:Infinity":10,"s:54:23:54:64":11,"b:55:6:55:Infinity:undefined:undefined:undefined:undefined":7,"s:55:6:55:Infinity":12,"s:55:24:55:Infinity":13,"s:56:23:56:44":14,"s:57:6:57:Infinity":15,"s:59:6:59:Infinity":16,"f:63:15:63:22":5,"s:64:18:64:23":17,"b:65:4:67:Infinity:undefined:undefined:undefined:undefined":8,"s:65:4:67:Infinity":18,"s:66:6:66:Infinity":19,"s:67:6:67:Infinity":20,"s:70:21:70:Infinity":21,"s:71:4:71:Infinity":22,"s:72:4:116:Infinity":23,"s:73:22:84:Infinity":24,"b:75:21:75:36:75:36:75:Infinity":9,"b:87:6:98:Infinity:93:13:98:Infinity":10,"s:87:6:98:Infinity":25,"s:88:8:92:Infinity":26,"s:94:8:98:Infinity":27,"b:101:6:101:Infinity:undefined:undefined:undefined:undefined":11,"s:101:6:101:Infinity":28,"s:101:24:101:Infinity":29,"s:102:20:102:41":30,"s:104:6:110:Infinity":31,"b:108:35:108:57:108:57:108:Infinity":12,"s:111:6:111:Infinity":32,"s:112:6:112:Infinity":33,"b:112:31:112:52:112:52:112:84":13,"s:114:6:114:Infinity":34,"s:116:6:116:Infinity":35,"f:120:25:120:32":6,"s:121:4:135:Infinity":36,"s:122:23:126:8":37,"b:128:6:128:Infinity:undefined:undefined:undefined:undefined":14,"s:128:6:128:Infinity":38,"s:128:24:128:Infinity":39,"s:130:6:130:Infinity":40,"s:131:6:131:Infinity":41,"s:132:6:132:Infinity":42,"s:134:6:134:Infinity":43,"s:135:6:135:Infinity":44,"f:139:15:139:22":7,"b:140:4:140:Infinity:undefined:undefined:undefined:undefined":15,"s:140:4:140:Infinity":45,"s:140:46:140:Infinity":46,"s:141:4:204:Infinity":47,"s:142:6:149:Infinity":48,"s:151:23:151:77":49,"b:152:6:152:Infinity:undefined:undefined:undefined:undefined":16,"s:152:6:152:Infinity":50,"s:152:24:152:Infinity":51,"s:153:22:153:43":52,"s:155:26:155:Infinity":53,"s:157:24:157:Infinity":54,"s:158:25:158:53":55,"b:158:25:158:51:158:51:158:53":17,"s:159:24:159:38":56,"s:160:6:162:Infinity":57,"f:160:17:160:26":8,"b:161:8:161:Infinity:undefined:undefined:undefined:undefined":18,"s:161:8:161:Infinity":58,"f:161:23:161:29":9,"s:161:40:161:54":59,"s:161:56:161:Infinity":60,"s:164:26:164:Infinity":61,"s:165:27:165:56":62,"b:165:27:165:54:165:54:165:56":19,"s:166:26:166:42":63,"s:167:6:169:Infinity":64,"f:167:19:167:28":10,"b:168:8:168:Infinity:undefined:undefined:undefined:undefined":20,"s:168:8:168:Infinity":65,"f:168:25:168:30":11,"s:168:35:168:49":66,"s:168:51:168:Infinity":67,"s:171:12:171:65":68,"b:171:41:171:62:171:62:171:64":21,"s:172:24:172:82":69,"f:172:42:172:47":12,"s:172:52:172:82":70,"s:173:14:179:Infinity":71,"b:179:8:179:32:179:32:179:Infinity":22,"s:182:6:201:Infinity":72,"b:184:28:184:49:184:49:184:51":23,"b:189:35:189:58:189:58:189:Infinity":24,"b:190:35:190:59:190:59:190:Infinity":25,"b:191:37:191:56:191:56:191:Infinity":26,"b:192:27:192:51:192:51:192:Infinity":27,"s:202:6:202:Infinity":73,"s:204:6:204:Infinity":74,"f:208:17:208:24":13,"s:209:4:222:Infinity":75,"s:210:23:212:8":76,"b:213:6:213:Infinity:undefined:undefined:undefined:undefined":28,"s:213:6:213:Infinity":77,"s:213:24:213:Infinity":78,"b:215:6:216:Infinity:undefined:undefined:undefined:undefined":29,"s:215:6:216:Infinity":79,"s:216:8:216:Infinity":80,"s:219:6:219:Infinity":81,"s:220:6:220:Infinity":82,"s:222:6:222:Infinity":83,"f:226:20:226:27":14,"s:227:20:235:Infinity":84,"s:237:4:260:Infinity":85,"s:238:23:242:8":86,"b:244:6:244:Infinity:undefined:undefined:undefined:undefined":30,"s:244:6:244:Infinity":87,"s:244:24:244:Infinity":88,"s:245:20:245:41":89,"s:247:6:255:Infinity":90,"f:247:6:247:11":15,"s:247:32:255:9":91,"b:252:35:252:57:252:57:252:Infinity":31,"s:257:6:257:Infinity":92,"s:259:6:259:Infinity":93,"s:260:6:260:Infinity":94,"f:264:20:264:27":16,"s:265:4:284:Infinity":95,"s:266:23:266:70":96,"b:267:6:267:Infinity:undefined:undefined:undefined:undefined":32,"s:267:6:267:Infinity":97,"s:267:24:267:Infinity":98,"s:268:22:268:43":99,"s:269:32:273:Infinity":100,"s:274:27:278:8":101,"b:279:6:279:Infinity:undefined:undefined:undefined:undefined":33,"s:279:6:279:Infinity":102,"s:279:28:279:Infinity":103,"s:280:6:280:Infinity":104,"s:281:6:281:Infinity":105,"s:283:6:283:Infinity":106,"s:284:6:284:Infinity":107,"f:288:2:288:27":17,"s:289:18:289:23":108,"b:290:4:292:Infinity:undefined:undefined:undefined:undefined":34,"s:290:4:292:Infinity":109,"s:291:6:291:Infinity":110,"s:292:6:292:Infinity":111,"s:294:18:294:Infinity":112,"s:297:30:297:47":113,"s:298:30:298:47":114,"s:299:29:299:46":115,"s:301:4:312:Infinity":116,"f:301:10:301:19":18,"s:302:19:302:Infinity":117,"b:303:6:304:Infinity:undefined:undefined:undefined:undefined":35,"s:303:6:304:Infinity":118,"s:304:8:304:Infinity":119,"f:304:27:304:36":19,"s:304:48:304:106":120,"b:304:95:304:100:304:100:304:106":36,"b:306:6:307:Infinity:undefined:undefined:undefined:undefined":37,"s:306:6:307:Infinity":121,"s:307:8:307:Infinity":122,"f:307:27:307:36":20,"s:307:51:307:76":123,"b:309:6:310:Infinity:undefined:undefined:undefined:undefined":38,"s:309:6:310:Infinity":124,"s:310:8:310:Infinity":125,"f:310:26:310:35":21,"s:310:50:310:74":126,"s:314:20:325:Infinity":127,"f:318:37:318:44":22,"s:318:50:318:78":128,"f:319:37:319:44":23,"s:319:50:319:78":129,"f:320:35:320:42":24,"s:320:48:320:75":130,"s:326:17:326:91":131,"s:327:16:327:41":132,"s:328:14:328:41":133,"s:329:4:329:Infinity":134,"s:330:21:332:Infinity":135,"b:331:8:331:Infinity:332:8:332:Infinity":39,"s:333:4:333:Infinity":136,"s:334:4:334:Infinity":137,"s:335:4:335:Infinity":138,"s:336:4:336:Infinity":139,"s:337:4:337:Infinity":140,"s:338:4:338:Infinity":141,"f:341:23:341:35":25,"s:342:18:342:23":142,"b:343:4:345:Infinity:undefined:undefined:undefined:undefined":40,"s:343:4:345:Infinity":143,"s:344:6:344:Infinity":144,"s:345:6:345:Infinity":145,"b:347:4:349:Infinity:undefined:undefined:undefined:undefined":41,"s:347:4:349:Infinity":146,"s:348:6:348:Infinity":147,"s:349:6:349:Infinity":148,"s:351:4:384:Infinity":149,"s:352:6:352:Infinity":150,"s:353:23:353:104":151,"b:355:6:367:Infinity:undefined:undefined:undefined:undefined":42,"s:355:6:367:Infinity":152,"s:356:23:356:Infinity":153,"s:357:8:365:Infinity":154,"s:358:28:358:49":155,"s:359:10:359:Infinity":156,"b:359:21:359:41:359:41:359:Infinity":43,"s:362:10:365:Infinity":157,"s:363:29:363:50":158,"b:364:12:364:Infinity:undefined:undefined:undefined:undefined":44,"s:364:12:364:Infinity":159,"s:364:26:364:Infinity":160,"s:367:8:367:Infinity":161,"s:370:19:370:40":162,"s:371:18:371:50":163,"s:372:16:372:43":164,"s:373:6:373:Infinity":165,"s:374:22:374:84":166,"f:374:42:374:47":26,"s:374:52:374:84":167,"s:375:23:375:Infinity":168,"b:375:33:375:95:375:95:375:Infinity":45,"s:376:6:376:Infinity":169,"s:377:6:377:Infinity":170,"s:378:6:378:Infinity":171,"s:379:6:379:Infinity":172,"s:380:6:380:Infinity":173,"s:381:6:381:Infinity":174,"s:383:6:383:Infinity":175,"s:384:6:384:Infinity":176,"f:388:2:388:20":27,"s:389:4:444:Infinity":177,"b:390:6:390:Infinity:undefined:undefined:undefined:undefined":46,"s:390:6:390:Infinity":178,"b:390:10:390:19:390:19:390:45:390:49:390:75":47,"s:390:77:390:Infinity":179,"s:391:24:391:Infinity":180,"s:392:25:392:46":181,"b:392:25:392:44:392:44:392:46":48,"s:393:24:393:38":182,"s:394:6:396:Infinity":183,"f:394:17:394:26":28,"b:395:8:395:Infinity:undefined:undefined:undefined:undefined":49,"s:395:8:395:Infinity":184,"f:395:23:395:28":29,"s:395:33:395:47":185,"s:395:49:395:Infinity":186,"s:397:26:397:Infinity":187,"s:398:27:398:49":188,"b:398:27:398:47:398:47:398:49":50,"s:399:26:399:42":189,"s:400:6:402:Infinity":190,"f:400:19:400:28":30,"b:401:8:401:Infinity:undefined:undefined:undefined:undefined":51,"s:401:8:401:Infinity":191,"f:401:25:401:30":31,"s:401:35:401:49":192,"s:401:51:401:Infinity":193,"s:403:12:403:58":194,"b:403:41:403:55:403:55:403:57":52,"s:406:29:406:83":195,"f:406:47:406:52":32,"s:406:57:406:83":196,"s:407:32:407:Infinity":197,"b:407:49:407:69:407:69:407:Infinity":53,"s:409:14:416:Infinity":198,"b:419:6:420:Infinity:undefined:undefined:undefined:undefined":54,"s:419:6:420:Infinity":199,"b:419:10:419:30:419:30:419:47":55,"s:420:8:420:Infinity":200,"b:420:34:420:56:420:56:420:73":56,"s:423:6:439:Infinity":201,"b:425:28:425:42:425:42:425:44":57,"b:428:28:428:41:428:41:428:Infinity":58,"b:429:35:429:55:429:55:429:Infinity":59,"b:431:37:431:61:431:61:431:Infinity":60,"s:440:6:440:Infinity":202,"s:441:6:441:Infinity":203,"s:443:6:443:Infinity":204,"s:444:6:444:Infinity":205,"f:448:28:448:35":33,"s:449:4:484:Infinity":206,"b:450:6:450:Infinity:undefined:undefined:undefined:undefined":61,"s:450:6:450:Infinity":207,"b:450:10:450:19:450:19:450:45:450:49:450:75":62,"s:450:77:450:Infinity":208,"s:451:22:462:Infinity":209,"b:452:14:452:27:452:27:452:Infinity":63,"b:453:21:453:41:453:41:453:Infinity":64,"b:454:22:454:42:454:42:454:Infinity":65,"b:456:30:456:44:456:44:456:46":66,"b:457:30:457:44:457:44:457:46":67,"b:458:23:458:43:458:43:458:45":68,"b:459:22:459:41:459:41:459:43":69,"b:460:19:460:35:460:35:460:Infinity":70,"s:463:23:467:8":210,"b:468:6:468:Infinity:undefined:undefined:undefined:undefined":71,"s:468:6:468:Infinity":211,"s:468:24:468:Infinity":212,"s:469:20:469:41":213,"s:471:29:471:83":214,"f:471:47:471:52":34,"s:471:57:471:83":215,"s:472:32:472:Infinity":216,"b:472:49:472:69:472:69:472:Infinity":72,"s:474:6:479:Infinity":217,"f:474:6:474:11":35,"s:474:22:479:9":218,"b:478:37:478:61:478:61:478:Infinity":73,"s:480:6:480:Infinity":219,"s:481:6:481:Infinity":220,"s:483:6:483:Infinity":221,"s:484:6:484:Infinity":222,"f:488:22:488:34":36,"s:489:18:489:23":223,"s:490:56:490:58":224,"s:491:4:493:Infinity":225,"f:491:16:491:25":37,"b:492:6:492:Infinity:undefined:undefined:undefined:undefined":74,"s:492:6:492:Infinity":226,"b:492:10:492:35:492:35:492:57":75,"s:492:57:492:Infinity":227,"s:494:23:494:44":228,"s:495:4:502:Infinity":229,"s:503:20:509:Infinity":230,"s:511:40:511:Infinity":231,"s:513:4:605:Infinity":232,"s:514:23:514:63":233,"f:514:35:514:40":38,"s:514:45:514:63":234,"b:515:6:515:Infinity:undefined:undefined:undefined:undefined":76,"s:515:6:515:Infinity":235,"s:515:20:515:Infinity":236,"s:516:46:516:84":237,"b:517:6:517:Infinity:undefined:undefined:undefined:undefined":77,"s:517:6:517:Infinity":238,"s:517:34:517:Infinity":239,"s:518:23:523:8":240,"b:524:6:530:Infinity:undefined:undefined:undefined:undefined":78,"s:524:6:530:Infinity":241,"s:525:23:525:Infinity":242,"s:526:8:529:Infinity":243,"s:527:28:527:49":244,"s:528:10:528:Infinity":245,"b:528:21:528:41:528:41:528:Infinity":79,"s:530:8:530:Infinity":246,"s:532:21:532:47":247,"b:533:6:533:Infinity:undefined:undefined:undefined:undefined":80,"s:533:6:533:Infinity":248,"s:533:19:533:Infinity":249,"s:534:22:534:46":250,"s:535:21:535:Infinity":251,"s:536:6:591:Infinity":252,"s:537:32:537:51":253,"b:538:8:546:Infinity:undefined:undefined:undefined:undefined":81,"s:538:8:546:Infinity":254,"b:539:10:544:Infinity:543:17:544:Infinity":82,"s:539:10:544:Infinity":255,"b:539:14:539:35:539:35:539:46":83,"s:540:60:540:85":256,"s:541:12:541:Infinity":257,"f:541:24:541:32":39,"b:541:39:541:109:undefined:undefined:undefined:undefined":84,"s:541:39:541:109":258,"s:541:76:541:109":259,"s:542:12:542:Infinity":260,"s:544:12:544:Infinity":261,"s:546:10:546:Infinity":262,"s:548:26:548:65":263,"s:549:22:549:82":264,"f:549:44:549:51":40,"s:549:59:549:82":265,"s:550:8:591:Infinity":266,"s:551:10:591:Infinity":267,"s:552:26:552:42":268,"b:553:12:585:Infinity:554:21:585:Infinity":85,"s:553:12:585:Infinity":269,"s:553:44:553:Infinity":270,"b:554:21:585:Infinity:555:21:585:Infinity":86,"s:554:21:585:Infinity":271,"s:554:46:554:Infinity":272,"b:555:21:585:Infinity:556:21:585:Infinity":87,"s:555:21:585:Infinity":273,"s:555:54:555:Infinity":274,"b:556:21:585:Infinity:561:23:585:Infinity":88,"s:556:21:585:Infinity":275,"s:557:20:557:106":276,"f:557:20:557:33":41,"s:557:49:557:106":277,"s:558:31:558:52":278,"s:559:33:559:Infinity":279,"b:559:33:559:58:559:58:559:Infinity":89,"s:560:14:560:Infinity":280,"b:561:23:585:Infinity:572:23:585:Infinity":90,"s:561:23:585:Infinity":281,"b:562:14:570:Infinity:undefined:undefined:undefined:undefined":91,"s:562:14:570:Infinity":282,"s:564:31:564:Infinity":283,"b:564:31:564:47:564:47:564:69:564:69:564:Infinity":92,"s:565:16:565:Infinity":284,"s:567:64:567:89":285,"s:568:16:568:Infinity":286,"f:568:28:568:36":42,"b:568:43:568:113:undefined:undefined:undefined:undefined":93,"s:568:43:568:113":287,"s:568:80:568:113":288,"s:569:16:569:Infinity":289,"s:570:16:570:Infinity":290,"b:572:23:585:Infinity:580:23:585:Infinity":94,"s:572:23:585:Infinity":291,"b:573:14:578:Infinity:577:21:578:Infinity":95,"s:573:14:578:Infinity":292,"s:574:64:574:89":293,"s:575:16:575:Infinity":294,"f:575:28:575:36":43,"b:575:43:575:113:undefined:undefined:undefined:undefined":96,"s:575:43:575:113":295,"s:575:80:575:113":296,"s:576:16:576:Infinity":297,"s:578:16:578:Infinity":298,"b:580:23:585:Infinity:undefined:undefined:undefined:undefined":97,"s:580:23:585:Infinity":299,"s:581:14:581:Infinity":300,"s:582:62:582:87":301,"s:583:14:583:Infinity":302,"f:583:26:583:34":44,"b:583:41:583:109:undefined:undefined:undefined:undefined":98,"s:583:41:583:109":303,"s:583:78:583:109":304,"s:584:14:584:Infinity":305,"s:585:14:585:Infinity":306,"b:588:12:588:Infinity:undefined:undefined:undefined:undefined":99,"s:588:12:588:Infinity":307,"b:588:16:588:29:588:29:588:39":100,"s:588:39:588:Infinity":308,"s:590:12:590:Infinity":309,"s:591:12:591:Infinity":310,"s:595:6:595:Infinity":311,"b:597:6:601:Infinity:599:13:601:Infinity":101,"s:597:6:601:Infinity":312,"s:598:8:598:Infinity":313,"s:600:8:600:Infinity":314,"s:601:8:601:Infinity":315,"s:603:6:603:Infinity":316,"s:605:6:605:Infinity":317,"f:609:2:609:23":45,"s:610:32:610:37":318,"b:611:4:612:Infinity:undefined:undefined:undefined:undefined":102,"s:611:4:612:Infinity":319,"s:612:6:612:Infinity":320,"s:614:4:614:Infinity":321,"f:617:2:617:29":46,"s:618:22:618:71":322,"f:618:40:618:45":47,"s:618:50:618:71":323,"s:619:4:622:Infinity":324,"b:621:35:621:54:621:54:621:Infinity":103,"s:624:68:624:73":325,"s:625:12:625:111":326,"s:626:4:626:Infinity":327}}}
}
