{"C:\\projetos\\Agents\\SimpleCrew\\simple-crew-front\\src\\components\\ChatInput.tsx": {"path":"C:\\projetos\\Agents\\SimpleCrew\\simple-crew-front\\src\\components\\ChatInput.tsx","statementMap":{"0":{"start":{"line":10,"column":13},"end":{"line":88,"column":null}},"1":{"start":{"line":11,"column":20},"end":{"line":11,"column":48}},"2":{"start":{"line":12,"column":8},"end":{"line":12,"column":64}},"3":{"start":{"line":12,"column":44},"end":{"line":12,"column":64}},"4":{"start":{"line":13,"column":8},"end":{"line":13,"column":52}},"5":{"start":{"line":15,"column":2},"end":{"line":23,"column":null}},"6":{"start":{"line":16,"column":4},"end":{"line":21,"column":null}},"7":{"start":{"line":18,"column":24},"end":{"line":20,"column":11}},"8":{"start":{"line":19,"column":8},"end":{"line":19,"column":null}},"9":{"start":{"line":21,"column":6},"end":{"line":21,"column":null}},"10":{"start":{"line":21,"column":19},"end":{"line":21,"column":42}},"11":{"start":{"line":26,"column":2},"end":{"line":39,"column":null}},"12":{"start":{"line":27,"column":4},"end":{"line":36,"column":null}},"13":{"start":{"line":28,"column":6},"end":{"line":28,"column":null}},"14":{"start":{"line":29,"column":27},"end":{"line":29,"column":null}},"15":{"start":{"line":30,"column":24},"end":{"line":30,"column":null}},"16":{"start":{"line":31,"column":6},"end":{"line":31,"column":null}},"17":{"start":{"line":33,"column":6},"end":{"line":36,"column":null}},"18":{"start":{"line":34,"column":8},"end":{"line":34,"column":null}},"19":{"start":{"line":36,"column":8},"end":{"line":36,"column":null}},"20":{"start":{"line":41,"column":8},"end":{"line":44,"column":null}},"21":{"start":{"line":42,"column":4},"end":{"line":42,"column":null}},"22":{"start":{"line":42,"column":40},"end":{"line":42,"column":null}},"23":{"start":{"line":43,"column":4},"end":{"line":43,"column":null}},"24":{"start":{"line":44,"column":4},"end":{"line":44,"column":null}},"25":{"start":{"line":47,"column":8},"end":{"line":50,"column":null}},"26":{"start":{"line":48,"column":4},"end":{"line":50,"column":null}},"27":{"start":{"line":49,"column":6},"end":{"line":49,"column":null}},"28":{"start":{"line":50,"column":6},"end":{"line":50,"column":null}},"29":{"start":{"line":54,"column":2},"end":{"line":88,"column":null}},"30":{"start":{"line":61,"column":27},"end":{"line":61,"column":55}},"31":{"start":{"line":71,"column":29},"end":{"line":71,"column":44}}},"fnMap":{"0":{"name":"(anonymous_0)","decl":{"start":{"line":10,"column":13},"end":{"line":10,"column":52}},"loc":{"start":{"line":10,"column":85},"end":{"line":88,"column":null}},"line":10},"1":{"name":"(anonymous_1)","decl":{"start":{"line":12,"column":24},"end":{"line":12,"column":34}},"loc":{"start":{"line":12,"column":44},"end":{"line":12,"column":64}},"line":12},"2":{"name":"(anonymous_2)","decl":{"start":{"line":15,"column":2},"end":{"line":15,"column":18}},"loc":{"start":{"line":15,"column":18},"end":{"line":23,"column":6}},"line":15},"3":{"name":"(anonymous_3)","decl":{"start":{"line":18,"column":24},"end":{"line":18,"column":41}},"loc":{"start":{"line":18,"column":41},"end":{"line":20,"column":11}},"line":18},"4":{"name":"(anonymous_4)","decl":{"start":{"line":21,"column":6},"end":{"line":21,"column":19}},"loc":{"start":{"line":21,"column":19},"end":{"line":21,"column":42}},"line":21},"5":{"name":"(anonymous_5)","decl":{"start":{"line":26,"column":2},"end":{"line":26,"column":18}},"loc":{"start":{"line":26,"column":18},"end":{"line":39,"column":6}},"line":26},"6":{"name":"(anonymous_6)","decl":{"start":{"line":41,"column":8},"end":{"line":41,"column":29}},"loc":{"start":{"line":41,"column":29},"end":{"line":44,"column":null}},"line":41},"7":{"name":"(anonymous_7)","decl":{"start":{"line":47,"column":8},"end":{"line":47,"column":25}},"loc":{"start":{"line":47,"column":73},"end":{"line":50,"column":null}},"line":47},"8":{"name":"(anonymous_8)","decl":{"start":{"line":61,"column":10},"end":{"line":61,"column":21}},"loc":{"start":{"line":61,"column":27},"end":{"line":61,"column":55}},"line":61},"9":{"name":"(anonymous_9)","decl":{"start":{"line":71,"column":14},"end":{"line":71,"column":29}},"loc":{"start":{"line":71,"column":29},"end":{"line":71,"column":44}},"line":71}},"branchMap":{"0":{"loc":{"start":{"line":16,"column":4},"end":{"line":21,"column":null}},"type":"if","locations":[{"start":{"line":16,"column":4},"end":{"line":21,"column":null}},{"start":{},"end":{}}],"line":16},"1":{"loc":{"start":{"line":27,"column":4},"end":{"line":36,"column":null}},"type":"if","locations":[{"start":{"line":27,"column":4},"end":{"line":36,"column":null}},{"start":{},"end":{}}],"line":27},"2":{"loc":{"start":{"line":33,"column":6},"end":{"line":36,"column":null}},"type":"if","locations":[{"start":{"line":33,"column":6},"end":{"line":36,"column":null}},{"start":{"line":35,"column":13},"end":{"line":36,"column":null}}],"line":33},"3":{"loc":{"start":{"line":42,"column":4},"end":{"line":42,"column":null}},"type":"if","locations":[{"start":{"line":42,"column":4},"end":{"line":42,"column":null}},{"start":{},"end":{}}],"line":42},"4":{"loc":{"start":{"line":42,"column":8},"end":{"line":42,"column":40}},"type":"binary-expr","locations":[{"start":{"line":42,"column":8},"end":{"line":42,"column":25}},{"start":{"line":42,"column":29},"end":{"line":42,"column":40}}],"line":42},"5":{"loc":{"start":{"line":48,"column":4},"end":{"line":50,"column":null}},"type":"if","locations":[{"start":{"line":48,"column":4},"end":{"line":50,"column":null}},{"start":{},"end":{}}],"line":48},"6":{"loc":{"start":{"line":48,"column":8},"end":{"line":48,"column":42}},"type":"binary-expr","locations":[{"start":{"line":48,"column":8},"end":{"line":48,"column":29}},{"start":{"line":48,"column":29},"end":{"line":48,"column":42}}],"line":48},"7":{"loc":{"start":{"line":68,"column":11},"end":{"line":78,"column":11}},"type":"binary-expr","locations":[{"start":{"line":68,"column":11},"end":{"line":68,"column":null}},{"start":{"line":69,"column":12},"end":{"line":78,"column":11}}],"line":68},"8":{"loc":{"start":{"line":81,"column":22},"end":{"line":81,"column":null}},"type":"binary-expr","locations":[{"start":{"line":81,"column":22},"end":{"line":81,"column":39}},{"start":{"line":81,"column":43},"end":{"line":81,"column":null}}],"line":81}},"s":{"0":1,"1":11,"2":11,"3":11,"4":11,"5":11,"6":8,"7":5,"8":1,"9":5,"10":5,"11":11,"12":10,"13":10,"14":10,"15":10,"16":10,"17":10,"18":1,"19":9,"20":11,"21":1,"22":0,"23":1,"24":1,"25":11,"26":1,"27":1,"28":1,"29":11,"30":2,"31":1},"f":{"0":11,"1":11,"2":8,"3":1,"4":5,"5":10,"6":1,"7":1,"8":2,"9":1},"b":{"0":[5,3],"1":[10,0],"2":[1,9],"3":[0,1],"4":[1,1],"5":[1,0],"6":[1,1],"7":[11,3],"8":[11,2]},"meta":{"lastBranch":9,"lastFunction":10,"lastStatement":32,"seen":{"s:10:13:88:Infinity":0,"f:10:13:10:52":0,"s:11:20:11:48":1,"s:12:8:12:64":2,"f:12:24:12:34":1,"s:12:44:12:64":3,"s:13:8:13:52":4,"s:15:2:23:Infinity":5,"f:15:2:15:18":2,"b:16:4:21:Infinity:undefined:undefined:undefined:undefined":0,"s:16:4:21:Infinity":6,"s:18:24:20:11":7,"f:18:24:18:41":3,"s:19:8:19:Infinity":8,"s:21:6:21:Infinity":9,"f:21:6:21:19":4,"s:21:19:21:42":10,"s:26:2:39:Infinity":11,"f:26:2:26:18":5,"b:27:4:36:Infinity:undefined:undefined:undefined:undefined":1,"s:27:4:36:Infinity":12,"s:28:6:28:Infinity":13,"s:29:27:29:Infinity":14,"s:30:24:30:Infinity":15,"s:31:6:31:Infinity":16,"b:33:6:36:Infinity:35:13:36:Infinity":2,"s:33:6:36:Infinity":17,"s:34:8:34:Infinity":18,"s:36:8:36:Infinity":19,"s:41:8:44:Infinity":20,"f:41:8:41:29":6,"b:42:4:42:Infinity:undefined:undefined:undefined:undefined":3,"s:42:4:42:Infinity":21,"b:42:8:42:25:42:29:42:40":4,"s:42:40:42:Infinity":22,"s:43:4:43:Infinity":23,"s:44:4:44:Infinity":24,"s:47:8:50:Infinity":25,"f:47:8:47:25":7,"b:48:4:50:Infinity:undefined:undefined:undefined:undefined":5,"s:48:4:50:Infinity":26,"b:48:8:48:29:48:29:48:42":6,"s:49:6:49:Infinity":27,"s:50:6:50:Infinity":28,"s:54:2:88:Infinity":29,"f:61:10:61:21":8,"s:61:27:61:55":30,"b:68:11:68:Infinity:69:12:78:11":7,"f:71:14:71:29":9,"s:71:29:71:44":31,"b:81:22:81:39:81:43:81:Infinity":8}}}
,"C:\\projetos\\Agents\\SimpleCrew\\simple-crew-front\\src\\components\\ConfirmationModal.tsx": {"path":"C:\\projetos\\Agents\\SimpleCrew\\simple-crew-front\\src\\components\\ConfirmationModal.tsx","statementMap":{"0":{"start":{"line":21,"column":13},"end":{"line":105,"column":null}},"1":{"start":{"line":32,"column":2},"end":{"line":32,"column":null}},"2":{"start":{"line":32,"column":15},"end":{"line":32,"column":null}},"3":{"start":{"line":34,"column":24},"end":{"line":53,"column":null}},"4":{"start":{"line":55,"column":16},"end":{"line":55,"column":null}},"5":{"start":{"line":57,"column":2},"end":{"line":105,"column":null}},"6":{"start":{"line":99,"column":14},"end":{"line":99,"column":null}},"7":{"start":{"line":100,"column":14},"end":{"line":100,"column":null}}},"fnMap":{"0":{"name":"(anonymous_0)","decl":{"start":{"line":21,"column":13},"end":{"line":21,"column":68}},"loc":{"start":{"line":31,"column":6},"end":{"line":105,"column":null}},"line":31},"1":{"name":"(anonymous_1)","decl":{"start":{"line":98,"column":12},"end":{"line":98,"column":27}},"loc":{"start":{"line":98,"column":27},"end":{"line":100,"column":null}},"line":98}},"branchMap":{"0":{"loc":{"start":{"line":27,"column":2},"end":{"line":27,"column":null}},"type":"default-arg","locations":[{"start":{"line":27,"column":16},"end":{"line":27,"column":null}}],"line":27},"1":{"loc":{"start":{"line":28,"column":2},"end":{"line":28,"column":null}},"type":"default-arg","locations":[{"start":{"line":28,"column":15},"end":{"line":28,"column":null}}],"line":28},"2":{"loc":{"start":{"line":29,"column":2},"end":{"line":29,"column":null}},"type":"default-arg","locations":[{"start":{"line":29,"column":12},"end":{"line":29,"column":null}}],"line":29},"3":{"loc":{"start":{"line":32,"column":2},"end":{"line":32,"column":null}},"type":"if","locations":[{"start":{"line":32,"column":2},"end":{"line":32,"column":null}},{"start":{},"end":{}}],"line":32},"4":{"loc":{"start":{"line":70,"column":15},"end":{"line":70,"column":null}},"type":"binary-expr","locations":[{"start":{"line":70,"column":15},"end":{"line":70,"column":23}},{"start":{"line":70,"column":23},"end":{"line":70,"column":null}}],"line":70}},"s":{"0":1,"1":5,"2":1,"3":4,"4":4,"5":4,"6":1,"7":1},"f":{"0":5,"1":1},"b":{"0":[5],"1":[5],"2":[5],"3":[1,4],"4":[4,4]},"meta":{"lastBranch":5,"lastFunction":2,"lastStatement":8,"seen":{"s:21:13:105:Infinity":0,"f:21:13:21:68":0,"b:27:16:27:Infinity":0,"b:28:15:28:Infinity":1,"b:29:12:29:Infinity":2,"b:32:2:32:Infinity:undefined:undefined:undefined:undefined":3,"s:32:2:32:Infinity":1,"s:32:15:32:Infinity":2,"s:34:24:53:Infinity":3,"s:55:16:55:Infinity":4,"s:57:2:105:Infinity":5,"b:70:15:70:23:70:23:70:Infinity":4,"f:98:12:98:27":1,"s:99:14:99:Infinity":6,"s:100:14:100:Infinity":7}}}
,"C:\\projetos\\Agents\\SimpleCrew\\simple-crew-front\\src\\components\\ConsoleDrawer.tsx": {"path":"C:\\projetos\\Agents\\SimpleCrew\\simple-crew-front\\src\\components\\ConsoleDrawer.tsx","statementMap":{"0":{"start":{"line":6,"column":8},"end":{"line":6,"column":60}},"1":{"start":{"line":6,"column":42},"end":{"line":6,"column":60}},"2":{"start":{"line":7,"column":8},"end":{"line":7,"column":64}},"3":{"start":{"line":7,"column":44},"end":{"line":7,"column":64}},"4":{"start":{"line":8,"column":8},"end":{"line":8,"column":72}},"5":{"start":{"line":8,"column":48},"end":{"line":8,"column":72}},"6":{"start":{"line":9,"column":8},"end":{"line":9,"column":68}},"7":{"start":{"line":9,"column":46},"end":{"line":9,"column":68}},"8":{"start":{"line":11,"column":8},"end":{"line":11,"column":70}},"9":{"start":{"line":11,"column":47},"end":{"line":11,"column":70}},"10":{"start":{"line":12,"column":8},"end":{"line":12,"column":78}},"11":{"start":{"line":12,"column":51},"end":{"line":12,"column":78}},"12":{"start":{"line":14,"column":8},"end":{"line":14,"column":48}},"13":{"start":{"line":17,"column":2},"end":{"line":21,"column":null}},"14":{"start":{"line":18,"column":4},"end":{"line":19,"column":null}},"15":{"start":{"line":19,"column":6},"end":{"line":19,"column":null}},"16":{"start":{"line":23,"column":2},"end":{"line":23,"column":null}},"17":{"start":{"line":23,"column":22},"end":{"line":23,"column":null}},"18":{"start":{"line":25,"column":2},"end":{"line":90,"column":null}},"19":{"start":{"line":30,"column":8},"end":{"line":30,"column":null}},"20":{"start":{"line":30,"column":32},"end":{"line":30,"column":null}},"21":{"start":{"line":53,"column":65},"end":{"line":53,"column":84}},"22":{"start":{"line":56,"column":27},"end":{"line":56,"column":67}},"23":{"start":{"line":65,"column":14},"end":{"line":65,"column":null}},"24":{"start":{"line":66,"column":14},"end":{"line":66,"column":null}}},"fnMap":{"0":{"name":"ConsoleDrawer","decl":{"start":{"line":5,"column":16},"end":{"line":5,"column":32}},"loc":{"start":{"line":5,"column":32},"end":{"line":90,"column":null}},"line":5},"1":{"name":"(anonymous_1)","decl":{"start":{"line":6,"column":22},"end":{"line":6,"column":32}},"loc":{"start":{"line":6,"column":42},"end":{"line":6,"column":60}},"line":6},"2":{"name":"(anonymous_2)","decl":{"start":{"line":7,"column":24},"end":{"line":7,"column":34}},"loc":{"start":{"line":7,"column":44},"end":{"line":7,"column":64}},"line":7},"3":{"name":"(anonymous_3)","decl":{"start":{"line":8,"column":28},"end":{"line":8,"column":38}},"loc":{"start":{"line":8,"column":48},"end":{"line":8,"column":72}},"line":8},"4":{"name":"(anonymous_4)","decl":{"start":{"line":9,"column":26},"end":{"line":9,"column":36}},"loc":{"start":{"line":9,"column":46},"end":{"line":9,"column":68}},"line":9},"5":{"name":"(anonymous_5)","decl":{"start":{"line":11,"column":27},"end":{"line":11,"column":37}},"loc":{"start":{"line":11,"column":47},"end":{"line":11,"column":70}},"line":11},"6":{"name":"(anonymous_6)","decl":{"start":{"line":12,"column":31},"end":{"line":12,"column":41}},"loc":{"start":{"line":12,"column":51},"end":{"line":12,"column":78}},"line":12},"7":{"name":"(anonymous_7)","decl":{"start":{"line":17,"column":2},"end":{"line":17,"column":18}},"loc":{"start":{"line":17,"column":18},"end":{"line":21,"column":6}},"line":17},"8":{"name":"(anonymous_8)","decl":{"start":{"line":29,"column":6},"end":{"line":29,"column":21}},"loc":{"start":{"line":29,"column":21},"end":{"line":30,"column":null}},"line":29},"9":{"name":"(anonymous_9)","decl":{"start":{"line":53,"column":49},"end":{"line":53,"column":59}},"loc":{"start":{"line":53,"column":65},"end":{"line":53,"column":84}},"line":53},"10":{"name":"(anonymous_10)","decl":{"start":{"line":56,"column":12},"end":{"line":56,"column":27}},"loc":{"start":{"line":56,"column":27},"end":{"line":56,"column":67}},"line":56},"11":{"name":"(anonymous_11)","decl":{"start":{"line":64,"column":12},"end":{"line":64,"column":27}},"loc":{"start":{"line":64,"column":27},"end":{"line":66,"column":null}},"line":64}},"branchMap":{"0":{"loc":{"start":{"line":18,"column":4},"end":{"line":19,"column":null}},"type":"if","locations":[{"start":{"line":18,"column":4},"end":{"line":19,"column":null}},{"start":{},"end":{}}],"line":18},"1":{"loc":{"start":{"line":18,"column":8},"end":{"line":18,"column":48}},"type":"binary-expr","locations":[{"start":{"line":18,"column":8},"end":{"line":18,"column":29}},{"start":{"line":18,"column":29},"end":{"line":18,"column":48}}],"line":18},"2":{"loc":{"start":{"line":23,"column":2},"end":{"line":23,"column":null}},"type":"if","locations":[{"start":{"line":23,"column":2},"end":{"line":23,"column":null}},{"start":{},"end":{}}],"line":23},"3":{"loc":{"start":{"line":27,"column":177},"end":{"line":27,"column":null}},"type":"cond-expr","locations":[{"start":{"line":27,"column":197},"end":{"line":27,"column":206}},{"start":{"line":27,"column":206},"end":{"line":27,"column":null}}],"line":27},"4":{"loc":{"start":{"line":30,"column":8},"end":{"line":30,"column":null}},"type":"if","locations":[{"start":{"line":30,"column":8},"end":{"line":30,"column":null}},{"start":{},"end":{}}],"line":30},"5":{"loc":{"start":{"line":39,"column":13},"end":{"line":43,"column":null}},"type":"cond-expr","locations":[{"start":{"line":40,"column":14},"end":{"line":41,"column":null}},{"start":{"line":41,"column":16},"end":{"line":43,"column":null}}],"line":39},"6":{"loc":{"start":{"line":41,"column":16},"end":{"line":43,"column":null}},"type":"cond-expr","locations":[{"start":{"line":42,"column":14},"end":{"line":43,"column":null}},{"start":{"line":43,"column":16},"end":{"line":43,"column":null}}],"line":41},"7":{"loc":{"start":{"line":45,"column":11},"end":{"line":47,"column":null}},"type":"binary-expr","locations":[{"start":{"line":45,"column":11},"end":{"line":45,"column":33}},{"start":{"line":45,"column":33},"end":{"line":45,"column":null}},{"start":{"line":46,"column":12},"end":{"line":47,"column":null}}],"line":45},"8":{"loc":{"start":{"line":57,"column":19},"end":{"line":57,"column":null}},"type":"cond-expr","locations":[{"start":{"line":57,"column":39},"end":{"line":57,"column":52}},{"start":{"line":57,"column":52},"end":{"line":57,"column":null}}],"line":57},"9":{"loc":{"start":{"line":59,"column":13},"end":{"line":59,"column":null}},"type":"cond-expr","locations":[{"start":{"line":59,"column":33},"end":{"line":59,"column":70}},{"start":{"line":59,"column":69},"end":{"line":59,"column":null}}],"line":59},"10":{"loc":{"start":{"line":79,"column":63},"end":{"line":79,"column":null}},"type":"cond-expr","locations":[{"start":{"line":79,"column":83},"end":{"line":79,"column":93}},{"start":{"line":79,"column":93},"end":{"line":79,"column":null}}],"line":79},"11":{"loc":{"start":{"line":81,"column":9},"end":{"line":88,"column":null}},"type":"cond-expr","locations":[{"start":{"line":82,"column":10},"end":{"line":86,"column":11}},{"start":{"line":86,"column":10},"end":{"line":88,"column":null}}],"line":81}},"s":{"0":11,"1":11,"2":11,"3":11,"4":11,"5":11,"6":11,"7":11,"8":11,"9":11,"10":11,"11":11,"12":11,"13":11,"14":11,"15":6,"16":11,"17":1,"18":10,"19":2,"20":1,"21":3,"22":2,"23":1,"24":1},"f":{"0":11,"1":11,"2":11,"3":11,"4":11,"5":11,"6":11,"7":11,"8":2,"9":3,"10":2,"11":1},"b":{"0":[6,5],"1":[11,10],"2":[1,10],"3":[6,4],"4":[1,1],"5":[3,7],"6":[1,6],"7":[11,4,1],"8":[6,4],"9":[6,4],"10":[6,4],"11":[3,7]},"meta":{"lastBranch":12,"lastFunction":12,"lastStatement":25,"seen":{"f:5:16:5:32":0,"s:6:8:6:60":0,"f:6:22:6:32":1,"s:6:42:6:60":1,"s:7:8:7:64":2,"f:7:24:7:34":2,"s:7:44:7:64":3,"s:8:8:8:72":4,"f:8:28:8:38":3,"s:8:48:8:72":5,"s:9:8:9:68":6,"f:9:26:9:36":4,"s:9:46:9:68":7,"s:11:8:11:70":8,"f:11:27:11:37":5,"s:11:47:11:70":9,"s:12:8:12:78":10,"f:12:31:12:41":6,"s:12:51:12:78":11,"s:14:8:14:48":12,"s:17:2:21:Infinity":13,"f:17:2:17:18":7,"b:18:4:19:Infinity:undefined:undefined:undefined:undefined":0,"s:18:4:19:Infinity":14,"b:18:8:18:29:18:29:18:48":1,"s:19:6:19:Infinity":15,"b:23:2:23:Infinity:undefined:undefined:undefined:undefined":2,"s:23:2:23:Infinity":16,"s:23:22:23:Infinity":17,"s:25:2:90:Infinity":18,"b:27:197:27:206:27:206:27:Infinity":3,"f:29:6:29:21":8,"b:30:8:30:Infinity:undefined:undefined:undefined:undefined":4,"s:30:8:30:Infinity":19,"s:30:32:30:Infinity":20,"b:40:14:41:Infinity:41:16:43:Infinity":5,"b:42:14:43:Infinity:43:16:43:Infinity":6,"b:45:11:45:33:45:33:45:Infinity:46:12:47:Infinity":7,"f:53:49:53:59":9,"s:53:65:53:84":21,"f:56:12:56:27":10,"s:56:27:56:67":22,"b:57:39:57:52:57:52:57:Infinity":8,"b:59:33:59:70:59:69:59:Infinity":9,"f:64:12:64:27":11,"s:65:14:65:Infinity":23,"s:66:14:66:Infinity":24,"b:79:83:79:93:79:93:79:Infinity":10,"b:82:10:86:11:86:10:88:Infinity":11}}}
,"C:\\projetos\\Agents\\SimpleCrew\\simple-crew-front\\src\\components\\SnapshotFlow.tsx": {"path":"C:\\projetos\\Agents\\SimpleCrew\\simple-crew-front\\src\\components\\SnapshotFlow.tsx","statementMap":{"0":{"start":{"line":23,"column":6},"end":{"line":43,"column":null}},"1":{"start":{"line":24,"column":2},"end":{"line":43,"column":null}},"2":{"start":{"line":25,"column":17},"end":{"line":25,"column":null}},"3":{"start":{"line":26,"column":19},"end":{"line":26,"column":null}},"4":{"start":{"line":30,"column":4},"end":{"line":43,"column":null}},"5":{"start":{"line":48,"column":18},"end":{"line":54,"column":null}},"6":{"start":{"line":56,"column":18},"end":{"line":57,"column":null}},"7":{"start":{"line":67,"column":13},"end":{"line":193,"column":null}},"8":{"start":{"line":68,"column":8},"end":{"line":68,"column":48}},"9":{"start":{"line":68,"column":36},"end":{"line":68,"column":48}},"10":{"start":{"line":72,"column":8},"end":{"line":110,"column":44}},"11":{"start":{"line":73,"column":4},"end":{"line":109,"column":null}},"12":{"start":{"line":74,"column":22},"end":{"line":74,"column":null}},"13":{"start":{"line":76,"column":6},"end":{"line":84,"column":null}},"14":{"start":{"line":77,"column":8},"end":{"line":84,"column":null}},"15":{"start":{"line":78,"column":10},"end":{"line":78,"column":null}},"16":{"start":{"line":79,"column":19},"end":{"line":84,"column":null}},"17":{"start":{"line":80,"column":10},"end":{"line":80,"column":null}},"18":{"start":{"line":81,"column":19},"end":{"line":84,"column":null}},"19":{"start":{"line":82,"column":10},"end":{"line":82,"column":null}},"20":{"start":{"line":84,"column":10},"end":{"line":84,"column":null}},"21":{"start":{"line":88,"column":24},"end":{"line":88,"column":null}},"22":{"start":{"line":89,"column":22},"end":{"line":89,"column":null}},"23":{"start":{"line":90,"column":27},"end":{"line":96,"column":null}},"24":{"start":{"line":98,"column":6},"end":{"line":108,"column":null}},"25":{"start":{"line":112,"column":8},"end":{"line":142,"column":58}},"26":{"start":{"line":113,"column":4},"end":{"line":141,"column":null}},"27":{"start":{"line":114,"column":26},"end":{"line":114,"column":null}},"28":{"start":{"line":116,"column":6},"end":{"line":126,"column":null}},"29":{"start":{"line":117,"column":29},"end":{"line":117,"column":null}},"30":{"start":{"line":118,"column":8},"end":{"line":126,"column":null}},"31":{"start":{"line":119,"column":10},"end":{"line":119,"column":null}},"32":{"start":{"line":122,"column":29},"end":{"line":122,"column":66}},"33":{"start":{"line":122,"column":45},"end":{"line":122,"column":66}},"34":{"start":{"line":123,"column":10},"end":{"line":126,"column":null}},"35":{"start":{"line":124,"column":12},"end":{"line":124,"column":null}},"36":{"start":{"line":126,"column":12},"end":{"line":126,"column":null}},"37":{"start":{"line":131,"column":6},"end":{"line":140,"column":null}},"38":{"start":{"line":144,"column":2},"end":{"line":193,"column":null}},"39":{"start":{"line":186,"column":12},"end":{"line":186,"column":null}},"40":{"start":{"line":186,"column":39},"end":{"line":186,"column":null}},"41":{"start":{"line":187,"column":12},"end":{"line":187,"column":null}},"42":{"start":{"line":187,"column":38},"end":{"line":187,"column":null}},"43":{"start":{"line":188,"column":12},"end":{"line":188,"column":null}},"44":{"start":{"line":188,"column":38},"end":{"line":188,"column":null}},"45":{"start":{"line":189,"column":12},"end":{"line":189,"column":null}},"46":{"start":{"line":189,"column":41},"end":{"line":189,"column":null}},"47":{"start":{"line":190,"column":12},"end":{"line":190,"column":null}},"48":{"start":{"line":190,"column":38},"end":{"line":190,"column":null}},"49":{"start":{"line":191,"column":12},"end":{"line":191,"column":null}}},"fnMap":{"0":{"name":"(anonymous_0)","decl":{"start":{"line":23,"column":6},"end":{"line":23,"column":48}},"loc":{"start":{"line":23,"column":93},"end":{"line":43,"column":null}},"line":23},"1":{"name":"BadgeWrapper","decl":{"start":{"line":24,"column":18},"end":{"line":24,"column":31}},"loc":{"start":{"line":24,"column":41},"end":{"line":43,"column":null}},"line":24},"2":{"name":"(anonymous_2)","decl":{"start":{"line":67,"column":13},"end":{"line":67,"column":58}},"loc":{"start":{"line":67,"column":120},"end":{"line":193,"column":null}},"line":67},"3":{"name":"(anonymous_3)","decl":{"start":{"line":68,"column":16},"end":{"line":68,"column":26}},"loc":{"start":{"line":68,"column":36},"end":{"line":68,"column":48}},"line":68},"4":{"name":"(anonymous_4)","decl":{"start":{"line":72,"column":24},"end":{"line":72,"column":38}},"loc":{"start":{"line":72,"column":38},"end":{"line":110,"column":6}},"line":72},"5":{"name":"(anonymous_5)","decl":{"start":{"line":73,"column":17},"end":{"line":73,"column":22}},"loc":{"start":{"line":73,"column":31},"end":{"line":109,"column":null}},"line":73},"6":{"name":"(anonymous_6)","decl":{"start":{"line":112,"column":24},"end":{"line":112,"column":38}},"loc":{"start":{"line":112,"column":38},"end":{"line":142,"column":6}},"line":112},"7":{"name":"(anonymous_7)","decl":{"start":{"line":113,"column":17},"end":{"line":113,"column":22}},"loc":{"start":{"line":113,"column":31},"end":{"line":141,"column":null}},"line":113},"8":{"name":"(anonymous_8)","decl":{"start":{"line":122,"column":35},"end":{"line":122,"column":40}},"loc":{"start":{"line":122,"column":45},"end":{"line":122,"column":66}},"line":122},"9":{"name":"(anonymous_9)","decl":{"start":{"line":185,"column":10},"end":{"line":185,"column":22}},"loc":{"start":{"line":185,"column":31},"end":{"line":191,"column":null}},"line":185}},"branchMap":{"0":{"loc":{"start":{"line":33,"column":9},"end":{"line":36,"column":null}},"type":"binary-expr","locations":[{"start":{"line":33,"column":9},"end":{"line":33,"column":null}},{"start":{"line":34,"column":10},"end":{"line":36,"column":null}}],"line":33},"1":{"loc":{"start":{"line":38,"column":9},"end":{"line":41,"column":null}},"type":"binary-expr","locations":[{"start":{"line":38,"column":9},"end":{"line":38,"column":null}},{"start":{"line":39,"column":10},"end":{"line":41,"column":null}}],"line":38},"2":{"loc":{"start":{"line":67,"column":60},"end":{"line":67,"column":70}},"type":"default-arg","locations":[{"start":{"line":67,"column":68},"end":{"line":67,"column":70}}],"line":67},"3":{"loc":{"start":{"line":67,"column":72},"end":{"line":67,"column":82}},"type":"default-arg","locations":[{"start":{"line":67,"column":80},"end":{"line":67,"column":82}}],"line":67},"4":{"loc":{"start":{"line":76,"column":6},"end":{"line":84,"column":null}},"type":"if","locations":[{"start":{"line":76,"column":6},"end":{"line":84,"column":null}},{"start":{},"end":{}}],"line":76},"5":{"loc":{"start":{"line":77,"column":8},"end":{"line":84,"column":null}},"type":"if","locations":[{"start":{"line":77,"column":8},"end":{"line":84,"column":null}},{"start":{"line":79,"column":19},"end":{"line":84,"column":null}}],"line":77},"6":{"loc":{"start":{"line":79,"column":19},"end":{"line":84,"column":null}},"type":"if","locations":[{"start":{"line":79,"column":19},"end":{"line":84,"column":null}},{"start":{"line":81,"column":19},"end":{"line":84,"column":null}}],"line":79},"7":{"loc":{"start":{"line":79,"column":19},"end":{"line":79,"column":72}},"type":"binary-expr","locations":[{"start":{"line":79,"column":19},"end":{"line":79,"column":43}},{"start":{"line":79,"column":43},"end":{"line":79,"column":72}}],"line":79},"8":{"loc":{"start":{"line":81,"column":19},"end":{"line":84,"column":null}},"type":"if","locations":[{"start":{"line":81,"column":19},"end":{"line":84,"column":null}},{"start":{"line":83,"column":15},"end":{"line":84,"column":null}}],"line":81},"9":{"loc":{"start":{"line":81,"column":19},"end":{"line":81,"column":92}},"type":"binary-expr","locations":[{"start":{"line":81,"column":19},"end":{"line":81,"column":43}},{"start":{"line":81,"column":43},"end":{"line":81,"column":70}},{"start":{"line":81,"column":70},"end":{"line":81,"column":92}}],"line":81},"10":{"loc":{"start":{"line":92,"column":17},"end":{"line":92,"column":null}},"type":"cond-expr","locations":[{"start":{"line":92,"column":43},"end":{"line":92,"column":49}},{"start":{"line":92,"column":49},"end":{"line":92,"column":null}}],"line":92},"11":{"loc":{"start":{"line":93,"column":16},"end":{"line":93,"column":null}},"type":"cond-expr","locations":[{"start":{"line":93,"column":42},"end":{"line":93,"column":62}},{"start":{"line":93,"column":62},"end":{"line":93,"column":null}}],"line":93},"12":{"loc":{"start":{"line":94,"column":12},"end":{"line":94,"column":88}},"type":"cond-expr","locations":[{"start":{"line":94,"column":24},"end":{"line":94,"column":86}},{"start":{"line":94,"column":86},"end":{"line":94,"column":88}}],"line":94},"13":{"loc":{"start":{"line":95,"column":12},"end":{"line":95,"column":null}},"type":"cond-expr","locations":[{"start":{"line":95,"column":22},"end":{"line":95,"column":84}},{"start":{"line":95,"column":84},"end":{"line":95,"column":null}}],"line":95},"14":{"loc":{"start":{"line":116,"column":6},"end":{"line":126,"column":null}},"type":"if","locations":[{"start":{"line":116,"column":6},"end":{"line":126,"column":null}},{"start":{},"end":{}}],"line":116},"15":{"loc":{"start":{"line":118,"column":8},"end":{"line":126,"column":null}},"type":"if","locations":[{"start":{"line":118,"column":8},"end":{"line":126,"column":null}},{"start":{"line":120,"column":15},"end":{"line":126,"column":null}}],"line":118},"16":{"loc":{"start":{"line":123,"column":10},"end":{"line":126,"column":null}},"type":"if","locations":[{"start":{"line":123,"column":10},"end":{"line":126,"column":null}},{"start":{"line":125,"column":17},"end":{"line":126,"column":null}}],"line":123},"17":{"loc":{"start":{"line":123,"column":14},"end":{"line":123,"column":121}},"type":"binary-expr","locations":[{"start":{"line":123,"column":14},"end":{"line":123,"column":29}},{"start":{"line":123,"column":29},"end":{"line":123,"column":59}},{"start":{"line":123,"column":59},"end":{"line":123,"column":92}},{"start":{"line":123,"column":92},"end":{"line":123,"column":121}}],"line":123},"18":{"loc":{"start":{"line":135,"column":23},"end":{"line":135,"column":null}},"type":"cond-expr","locations":[{"start":{"line":135,"column":39},"end":{"line":135,"column":43}},{"start":{"line":135,"column":43},"end":{"line":135,"column":null}}],"line":135},"19":{"loc":{"start":{"line":136,"column":18},"end":{"line":136,"column":null}},"type":"cond-expr","locations":[{"start":{"line":136,"column":34},"end":{"line":136,"column":47}},{"start":{"line":136,"column":47},"end":{"line":136,"column":null}}],"line":136},"20":{"loc":{"start":{"line":136,"column":47},"end":{"line":136,"column":null}},"type":"cond-expr","locations":[{"start":{"line":136,"column":66},"end":{"line":136,"column":78}},{"start":{"line":136,"column":78},"end":{"line":136,"column":null}}],"line":136},"21":{"loc":{"start":{"line":137,"column":14},"end":{"line":137,"column":null}},"type":"cond-expr","locations":[{"start":{"line":137,"column":30},"end":{"line":137,"column":87}},{"start":{"line":137,"column":90},"end":{"line":137,"column":null}}],"line":137},"22":{"loc":{"start":{"line":186,"column":12},"end":{"line":186,"column":null}},"type":"if","locations":[{"start":{"line":186,"column":12},"end":{"line":186,"column":null}},{"start":{},"end":{}}],"line":186},"23":{"loc":{"start":{"line":187,"column":12},"end":{"line":187,"column":null}},"type":"if","locations":[{"start":{"line":187,"column":12},"end":{"line":187,"column":null}},{"start":{},"end":{}}],"line":187},"24":{"loc":{"start":{"line":188,"column":12},"end":{"line":188,"column":null}},"type":"if","locations":[{"start":{"line":188,"column":12},"end":{"line":188,"column":null}},{"start":{},"end":{}}],"line":188},"25":{"loc":{"start":{"line":189,"column":12},"end":{"line":189,"column":null}},"type":"if","locations":[{"start":{"line":189,"column":12},"end":{"line":189,"column":null}},{"start":{},"end":{}}],"line":189},"26":{"loc":{"start":{"line":190,"column":12},"end":{"line":190,"column":null}},"type":"if","locations":[{"start":{"line":190,"column":12},"end":{"line":190,"column":null}},{"start":{},"end":{}}],"line":190}},"s":{"0":1,"1":5,"2":24,"3":24,"4":24,"5":1,"6":1,"7":1,"8":6,"9":0,"10":6,"11":6,"12":24,"13":24,"14":16,"15":6,"16":10,"17":1,"18":9,"19":5,"20":4,"21":24,"22":24,"23":24,"24":24,"25":6,"26":6,"27":18,"28":18,"29":12,"30":12,"31":4,"32":8,"33":16,"34":8,"35":6,"36":2,"37":18,"38":6,"39":36,"40":6,"41":30,"42":6,"43":24,"44":6,"45":18,"46":6,"47":12,"48":12,"49":6},"f":{"0":5,"1":24,"2":6,"3":0,"4":6,"5":24,"6":6,"7":18,"8":16,"9":36},"b":{"0":[24,12],"1":[24,7],"2":[6],"3":[6],"4":[16,8],"5":[6,10],"6":[1,9],"7":[10,2],"8":[5,4],"9":[9,8,8],"10":[4,20],"11":[4,20],"12":[12,12],"13":[7,17],"14":[12,6],"15":[4,8],"16":[6,2],"17":[8,8,4,4],"18":[12,6],"19":[12,6],"20":[0,6],"21":[12,6],"22":[6,30],"23":[6,24],"24":[6,18],"25":[6,12],"26":[6,6]},"meta":{"lastBranch":27,"lastFunction":10,"lastStatement":50,"seen":{"s:23:6:43:Infinity":0,"f:23:6:23:48":0,"s:24:2:43:Infinity":1,"f:24:18:24:31":1,"s:25:17:25:Infinity":2,"s:26:19:26:Infinity":3,"s:30:4:43:Infinity":4,"b:33:9:33:Infinity:34:10:36:Infinity":0,"b:38:9:38:Infinity:39:10:41:Infinity":1,"s:48:18:54:Infinity":5,"s:56:18:57:Infinity":6,"s:67:13:193:Infinity":7,"f:67:13:67:58":2,"b:67:68:67:70":2,"b:67:80:67:82":3,"s:68:8:68:48":8,"f:68:16:68:26":3,"s:68:36:68:48":9,"s:72:8:110:44":10,"f:72:24:72:38":4,"s:73:4:109:Infinity":11,"f:73:17:73:22":5,"s:74:22:74:Infinity":12,"b:76:6:84:Infinity:undefined:undefined:undefined:undefined":4,"s:76:6:84:Infinity":13,"b:77:8:84:Infinity:79:19:84:Infinity":5,"s:77:8:84:Infinity":14,"s:78:10:78:Infinity":15,"b:79:19:84:Infinity:81:19:84:Infinity":6,"s:79:19:84:Infinity":16,"b:79:19:79:43:79:43:79:72":7,"s:80:10:80:Infinity":17,"b:81:19:84:Infinity:83:15:84:Infinity":8,"s:81:19:84:Infinity":18,"b:81:19:81:43:81:43:81:70:81:70:81:92":9,"s:82:10:82:Infinity":19,"s:84:10:84:Infinity":20,"s:88:24:88:Infinity":21,"s:89:22:89:Infinity":22,"s:90:27:96:Infinity":23,"b:92:43:92:49:92:49:92:Infinity":10,"b:93:42:93:62:93:62:93:Infinity":11,"b:94:24:94:86:94:86:94:88":12,"b:95:22:95:84:95:84:95:Infinity":13,"s:98:6:108:Infinity":24,"s:112:8:142:58":25,"f:112:24:112:38":6,"s:113:4:141:Infinity":26,"f:113:17:113:22":7,"s:114:26:114:Infinity":27,"b:116:6:126:Infinity:undefined:undefined:undefined:undefined":14,"s:116:6:126:Infinity":28,"s:117:29:117:Infinity":29,"b:118:8:126:Infinity:120:15:126:Infinity":15,"s:118:8:126:Infinity":30,"s:119:10:119:Infinity":31,"s:122:29:122:66":32,"f:122:35:122:40":8,"s:122:45:122:66":33,"b:123:10:126:Infinity:125:17:126:Infinity":16,"s:123:10:126:Infinity":34,"b:123:14:123:29:123:29:123:59:123:59:123:92:123:92:123:121":17,"s:124:12:124:Infinity":35,"s:126:12:126:Infinity":36,"s:131:6:140:Infinity":37,"b:135:39:135:43:135:43:135:Infinity":18,"b:136:34:136:47:136:47:136:Infinity":19,"b:136:66:136:78:136:78:136:Infinity":20,"b:137:30:137:87:137:90:137:Infinity":21,"s:144:2:193:Infinity":38,"f:185:10:185:22":9,"b:186:12:186:Infinity:undefined:undefined:undefined:undefined":22,"s:186:12:186:Infinity":39,"s:186:39:186:Infinity":40,"b:187:12:187:Infinity:undefined:undefined:undefined:undefined":23,"s:187:12:187:Infinity":41,"s:187:38:187:Infinity":42,"b:188:12:188:Infinity:undefined:undefined:undefined:undefined":24,"s:188:12:188:Infinity":43,"s:188:38:188:Infinity":44,"b:189:12:189:Infinity:undefined:undefined:undefined:undefined":25,"s:189:12:189:Infinity":45,"s:189:41:189:Infinity":46,"b:190:12:190:Infinity:undefined:undefined:undefined:undefined":26,"s:190:12:190:Infinity":47,"s:190:38:190:Infinity":48,"s:191:12:191:Infinity":49}}}
,"C:\\projetos\\Agents\\SimpleCrew\\simple-crew-front\\src\\components\\WorkspaceExplorer.tsx": {"path":"C:\\projetos\\Agents\\SimpleCrew\\simple-crew-front\\src\\components\\WorkspaceExplorer.tsx","statementMap":{"0":{"start":{"line":45,"column":4},"end":{"line":46,"column":20}},"1":{"start":{"line":48,"column":2},"end":{"line":48,"column":null}},"2":{"start":{"line":48,"column":23},"end":{"line":48,"column":null}},"3":{"start":{"line":50,"column":2},"end":{"line":196,"column":null}},"4":{"start":{"line":56,"column":23},"end":{"line":56,"column":null}},"5":{"start":{"line":85,"column":29},"end":{"line":85,"column":72}},"6":{"start":{"line":99,"column":29},"end":{"line":99,"column":53}},"7":{"start":{"line":113,"column":35},"end":{"line":113,"column":80}},"8":{"start":{"line":138,"column":23},"end":{"line":138,"column":50}},"9":{"start":{"line":151,"column":26},"end":{"line":151,"column":45}},"10":{"start":{"line":152,"column":32},"end":{"line":152,"column":51}},"11":{"start":{"line":157,"column":16},"end":{"line":157,"column":null}},"12":{"start":{"line":157,"column":33},"end":{"line":157,"column":null}},"13":{"start":{"line":158,"column":16},"end":{"line":158,"column":null}},"14":{"start":{"line":169,"column":16},"end":{"line":169,"column":null}},"15":{"start":{"line":170,"column":16},"end":{"line":170,"column":null}},"16":{"start":{"line":180,"column":14},"end":{"line":180,"column":null}},"17":{"start":{"line":181,"column":14},"end":{"line":181,"column":null}},"18":{"start":{"line":191,"column":14},"end":{"line":191,"column":null}},"19":{"start":{"line":192,"column":14},"end":{"line":192,"column":null}}},"fnMap":{"0":{"name":"WorkspaceExplorer","decl":{"start":{"line":15,"column":16},"end":{"line":15,"column":36}},"loc":{"start":{"line":15,"column":36},"end":{"line":196,"column":null}},"line":15},"1":{"name":"(anonymous_1)","decl":{"start":{"line":56,"column":8},"end":{"line":56,"column":23}},"loc":{"start":{"line":56,"column":23},"end":{"line":56,"column":null}},"line":56},"2":{"name":"(anonymous_2)","decl":{"start":{"line":85,"column":14},"end":{"line":85,"column":29}},"loc":{"start":{"line":85,"column":29},"end":{"line":85,"column":72}},"line":85},"3":{"name":"(anonymous_3)","decl":{"start":{"line":99,"column":14},"end":{"line":99,"column":29}},"loc":{"start":{"line":99,"column":29},"end":{"line":99,"column":53}},"line":99},"4":{"name":"(anonymous_4)","decl":{"start":{"line":113,"column":12},"end":{"line":113,"column":26}},"loc":{"start":{"line":113,"column":35},"end":{"line":113,"column":80}},"line":113},"5":{"name":"(anonymous_5)","decl":{"start":{"line":138,"column":8},"end":{"line":138,"column":23}},"loc":{"start":{"line":138,"column":23},"end":{"line":138,"column":50}},"line":138},"6":{"name":"(anonymous_6)","decl":{"start":{"line":151,"column":10},"end":{"line":151,"column":20}},"loc":{"start":{"line":151,"column":26},"end":{"line":151,"column":45}},"line":151},"7":{"name":"(anonymous_7)","decl":{"start":{"line":152,"column":10},"end":{"line":152,"column":26}},"loc":{"start":{"line":152,"column":32},"end":{"line":152,"column":51}},"line":152},"8":{"name":"(anonymous_8)","decl":{"start":{"line":156,"column":14},"end":{"line":156,"column":29}},"loc":{"start":{"line":156,"column":29},"end":{"line":158,"column":null}},"line":156},"9":{"name":"(anonymous_9)","decl":{"start":{"line":168,"column":14},"end":{"line":168,"column":29}},"loc":{"start":{"line":168,"column":29},"end":{"line":170,"column":null}},"line":168},"10":{"name":"(anonymous_10)","decl":{"start":{"line":179,"column":12},"end":{"line":179,"column":27}},"loc":{"start":{"line":179,"column":27},"end":{"line":181,"column":null}},"line":179},"11":{"name":"(anonymous_11)","decl":{"start":{"line":190,"column":12},"end":{"line":190,"column":27}},"loc":{"start":{"line":190,"column":27},"end":{"line":192,"column":null}},"line":190}},"branchMap":{"0":{"loc":{"start":{"line":48,"column":2},"end":{"line":48,"column":null}},"type":"if","locations":[{"start":{"line":48,"column":2},"end":{"line":48,"column":null}},{"start":{},"end":{}}],"line":48},"1":{"loc":{"start":{"line":71,"column":17},"end":{"line":74,"column":null}},"type":"binary-expr","locations":[{"start":{"line":71,"column":17},"end":{"line":71,"column":null}},{"start":{"line":72,"column":18},"end":{"line":74,"column":null}}],"line":71},"2":{"loc":{"start":{"line":78,"column":17},"end":{"line":78,"column":null}},"type":"binary-expr","locations":[{"start":{"line":78,"column":17},"end":{"line":78,"column":36}},{"start":{"line":78,"column":36},"end":{"line":78,"column":null}}],"line":78},"3":{"loc":{"start":{"line":85,"column":29},"end":{"line":85,"column":72}},"type":"binary-expr","locations":[{"start":{"line":85,"column":29},"end":{"line":85,"column":44}},{"start":{"line":85,"column":44},"end":{"line":85,"column":72}}],"line":85},"4":{"loc":{"start":{"line":96,"column":47},"end":{"line":96,"column":84}},"type":"cond-expr","locations":[{"start":{"line":96,"column":59},"end":{"line":96,"column":76}},{"start":{"line":96,"column":76},"end":{"line":96,"column":84}}],"line":96},"5":{"loc":{"start":{"line":113,"column":35},"end":{"line":113,"column":80}},"type":"binary-expr","locations":[{"start":{"line":113,"column":35},"end":{"line":113,"column":50}},{"start":{"line":113,"column":50},"end":{"line":113,"column":80}}],"line":113},"6":{"loc":{"start":{"line":147,"column":7},"end":{"line":196,"column":null}},"type":"binary-expr","locations":[{"start":{"line":147,"column":7},"end":{"line":147,"column":null}},{"start":{"line":148,"column":8},"end":{"line":196,"column":null}}],"line":147},"7":{"loc":{"start":{"line":154,"column":11},"end":{"line":162,"column":null}},"type":"binary-expr","locations":[{"start":{"line":154,"column":11},"end":{"line":154,"column":null}},{"start":{"line":155,"column":12},"end":{"line":162,"column":null}}],"line":154},"8":{"loc":{"start":{"line":157,"column":16},"end":{"line":157,"column":null}},"type":"if","locations":[{"start":{"line":157,"column":16},"end":{"line":157,"column":null}},{"start":{},"end":{}}],"line":157},"9":{"loc":{"start":{"line":166,"column":11},"end":{"line":174,"column":null}},"type":"binary-expr","locations":[{"start":{"line":166,"column":11},"end":{"line":166,"column":null}},{"start":{"line":167,"column":12},"end":{"line":174,"column":null}}],"line":166}},"s":{"0":13,"1":13,"2":1,"3":12,"4":1,"5":1,"6":1,"7":1,"8":1,"9":4,"10":1,"11":1,"12":1,"13":1,"14":1,"15":1,"16":1,"17":1,"18":1,"19":1},"f":{"0":13,"1":1,"2":1,"3":1,"4":1,"5":1,"6":4,"7":1,"8":1,"9":1,"10":1,"11":1},"b":{"0":[1,12],"1":[12,12],"2":[13,0],"3":[1,1],"4":[0,12],"5":[1,1],"6":[13,3],"7":[3,1],"8":[1,0],"9":[3,2]},"meta":{"lastBranch":10,"lastFunction":12,"lastStatement":20,"seen":{"f:15:16:15:36":0,"s:45:4:46:20":0,"b:48:2:48:Infinity:undefined:undefined:undefined:undefined":0,"s:48:2:48:Infinity":1,"s:48:23:48:Infinity":2,"s:50:2:196:Infinity":3,"f:56:8:56:23":1,"s:56:23:56:Infinity":4,"b:71:17:71:Infinity:72:18:74:Infinity":1,"b:78:17:78:36:78:36:78:Infinity":2,"f:85:14:85:29":2,"s:85:29:85:72":5,"b:85:29:85:44:85:44:85:72":3,"b:96:59:96:76:96:76:96:84":4,"f:99:14:99:29":3,"s:99:29:99:53":6,"f:113:12:113:26":4,"s:113:35:113:80":7,"b:113:35:113:50:113:50:113:80":5,"f:138:8:138:23":5,"s:138:23:138:50":8,"b:147:7:147:Infinity:148:8:196:Infinity":6,"f:151:10:151:20":6,"s:151:26:151:45":9,"f:152:10:152:26":7,"s:152:32:152:51":10,"b:154:11:154:Infinity:155:12:162:Infinity":7,"f:156:14:156:29":8,"b:157:16:157:Infinity:undefined:undefined:undefined:undefined":8,"s:157:16:157:Infinity":11,"s:157:33:157:Infinity":12,"s:158:16:158:Infinity":13,"b:166:11:166:Infinity:167:12:174:Infinity":9,"f:168:14:168:29":9,"s:169:16:169:Infinity":14,"s:170:16:170:Infinity":15,"f:179:12:179:27":10,"s:180:14:180:Infinity":16,"s:181:14:181:Infinity":17,"f:190:12:190:27":11,"s:191:14:191:Infinity":18,"s:192:14:192:Infinity":19}}}
,"C:\\projetos\\Agents\\SimpleCrew\\simple-crew-front\\src\\components\\node-config\\AgentForm.tsx": {"path":"C:\\projetos\\Agents\\SimpleCrew\\simple-crew-front\\src\\components\\node-config\\AgentForm.tsx","statementMap":{"0":{"start":{"line":43,"column":13},"end":{"line":505,"column":null}},"1":{"start":{"line":67,"column":20},"end":{"line":67,"column":108}},"2":{"start":{"line":68,"column":28},"end":{"line":68,"column":74}},"3":{"start":{"line":70,"column":8},"end":{"line":73,"column":null}},"4":{"start":{"line":71,"column":4},"end":{"line":73,"column":null}},"5":{"start":{"line":72,"column":6},"end":{"line":72,"column":86}},"6":{"start":{"line":72,"column":49},"end":{"line":72,"column":64}},"7":{"start":{"line":76,"column":8},"end":{"line":76,"column":90}},"8":{"start":{"line":76,"column":26},"end":{"line":76,"column":90}},"9":{"start":{"line":78,"column":8},"end":{"line":83,"column":null}},"10":{"start":{"line":79,"column":28},"end":{"line":79,"column":54}},"11":{"start":{"line":80,"column":24},"end":{"line":82,"column":36}},"12":{"start":{"line":81,"column":37},"end":{"line":81,"column":51}},"13":{"start":{"line":83,"column":4},"end":{"line":83,"column":null}},"14":{"start":{"line":86,"column":8},"end":{"line":94,"column":null}},"15":{"start":{"line":87,"column":4},"end":{"line":94,"column":null}},"16":{"start":{"line":89,"column":24},"end":{"line":89,"column":45}},"17":{"start":{"line":89,"column":45},"end":{"line":89,"column":null}},"18":{"start":{"line":97,"column":2},"end":{"line":500,"column":null}},"19":{"start":{"line":105,"column":29},"end":{"line":105,"column":48}},"20":{"start":{"line":117,"column":29},"end":{"line":117,"column":101}},"21":{"start":{"line":117,"column":63},"end":{"line":117,"column":100}},"22":{"start":{"line":126,"column":29},"end":{"line":126,"column":48}},"23":{"start":{"line":138,"column":29},"end":{"line":138,"column":101}},"24":{"start":{"line":138,"column":63},"end":{"line":138,"column":100}},"25":{"start":{"line":148,"column":29},"end":{"line":148,"column":53}},"26":{"start":{"line":160,"column":29},"end":{"line":160,"column":111}},"27":{"start":{"line":160,"column":68},"end":{"line":160,"column":110}},"28":{"start":{"line":175,"column":10},"end":{"line":186,"column":null}},"29":{"start":{"line":177,"column":27},"end":{"line":177,"column":94}},"30":{"start":{"line":197,"column":31},"end":{"line":197,"column":95}},"31":{"start":{"line":200,"column":58},"end":{"line":200,"column":70}},"32":{"start":{"line":202,"column":16},"end":{"line":204,"column":null}},"33":{"start":{"line":219,"column":33},"end":{"line":219,"column":129}},"34":{"start":{"line":227,"column":33},"end":{"line":227,"column":113}},"35":{"start":{"line":232,"column":18},"end":{"line":232,"column":null}},"36":{"start":{"line":249,"column":33},"end":{"line":249,"column":66}},"37":{"start":{"line":256,"column":73},"end":{"line":256,"column":111}},"38":{"start":{"line":260,"column":43},"end":{"line":260,"column":214}},"39":{"start":{"line":260,"column":67},"end":{"line":260,"column":213}},"40":{"start":{"line":260,"column":138},"end":{"line":260,"column":213}},"41":{"start":{"line":261,"column":26},"end":{"line":261,"column":null}},"42":{"start":{"line":261,"column":53},"end":{"line":261,"column":null}},"43":{"start":{"line":262,"column":26},"end":{"line":284,"column":null}},"44":{"start":{"line":266,"column":32},"end":{"line":282,"column":null}},"45":{"start":{"line":269,"column":36},"end":{"line":275,"column":null}},"46":{"start":{"line":270,"column":38},"end":{"line":270,"column":null}},"47":{"start":{"line":271,"column":38},"end":{"line":271,"column":null}},"48":{"start":{"line":272,"column":38},"end":{"line":272,"column":null}},"49":{"start":{"line":274,"column":38},"end":{"line":274,"column":null}},"50":{"start":{"line":275,"column":38},"end":{"line":275,"column":null}},"51":{"start":{"line":296,"column":31},"end":{"line":296,"column":null}},"52":{"start":{"line":297,"column":29},"end":{"line":297,"column":67}},"53":{"start":{"line":297,"column":51},"end":{"line":297,"column":67}},"54":{"start":{"line":298,"column":16},"end":{"line":298,"column":null}},"55":{"start":{"line":298,"column":27},"end":{"line":298,"column":null}},"56":{"start":{"line":299,"column":33},"end":{"line":299,"column":55}},"57":{"start":{"line":300,"column":16},"end":{"line":309,"column":null}},"58":{"start":{"line":307,"column":45},"end":{"line":307,"column":193}},"59":{"start":{"line":307,"column":113},"end":{"line":307,"column":190}},"60":{"start":{"line":320,"column":39},"end":{"line":320,"column":65}},"61":{"start":{"line":323,"column":73},"end":{"line":323,"column":104}},"62":{"start":{"line":326,"column":48},"end":{"line":326,"column":89}},"63":{"start":{"line":327,"column":26},"end":{"line":327,"column":null}},"64":{"start":{"line":327,"column":67},"end":{"line":327,"column":152}},"65":{"start":{"line":327,"column":152},"end":{"line":327,"column":184}},"66":{"start":{"line":337,"column":31},"end":{"line":337,"column":70}},"67":{"start":{"line":337,"column":52},"end":{"line":337,"column":70}},"68":{"start":{"line":338,"column":16},"end":{"line":338,"column":null}},"69":{"start":{"line":338,"column":29},"end":{"line":338,"column":null}},"70":{"start":{"line":339,"column":33},"end":{"line":339,"column":57}},"71":{"start":{"line":340,"column":16},"end":{"line":347,"column":null}},"72":{"start":{"line":346,"column":43},"end":{"line":346,"column":133}},"73":{"start":{"line":346,"column":114},"end":{"line":346,"column":130}},"74":{"start":{"line":358,"column":39},"end":{"line":358,"column":72}},"75":{"start":{"line":361,"column":73},"end":{"line":361,"column":111}},"76":{"start":{"line":363,"column":47},"end":{"line":363,"column":89}},"77":{"start":{"line":364,"column":24},"end":{"line":364,"column":null}},"78":{"start":{"line":364,"column":63},"end":{"line":364,"column":148}},"79":{"start":{"line":364,"column":148},"end":{"line":364,"column":187}},"80":{"start":{"line":373,"column":29},"end":{"line":373,"column":67}},"81":{"start":{"line":373,"column":51},"end":{"line":373,"column":67}},"82":{"start":{"line":374,"column":16},"end":{"line":374,"column":null}},"83":{"start":{"line":374,"column":27},"end":{"line":374,"column":null}},"84":{"start":{"line":375,"column":33},"end":{"line":375,"column":55}},"85":{"start":{"line":376,"column":16},"end":{"line":383,"column":null}},"86":{"start":{"line":382,"column":43},"end":{"line":382,"column":133}},"87":{"start":{"line":382,"column":116},"end":{"line":382,"column":130}},"88":{"start":{"line":396,"column":16},"end":{"line":409,"column":null}},"89":{"start":{"line":402,"column":39},"end":{"line":402,"column":null}},"90":{"start":{"line":415,"column":14},"end":{"line":423,"column":null}},"91":{"start":{"line":420,"column":35},"end":{"line":420,"column":125}},"92":{"start":{"line":429,"column":33},"end":{"line":429,"column":96}},"93":{"start":{"line":444,"column":65},"end":{"line":444,"column":70}},"94":{"start":{"line":447,"column":22},"end":{"line":447,"column":null}},"95":{"start":{"line":469,"column":31},"end":{"line":469,"column":86}},"96":{"start":{"line":479,"column":12},"end":{"line":499,"column":null}},"97":{"start":{"line":481,"column":31},"end":{"line":481,"column":53}},"98":{"start":{"line":493,"column":37},"end":{"line":493,"column":113}},"99":{"start":{"line":493,"column":71},"end":{"line":493,"column":112}}},"fnMap":{"0":{"name":"(anonymous_0)","decl":{"start":{"line":43,"column":51},"end":{"line":43,"column":57}},"loc":{"start":{"line":66,"column":6},"end":{"line":505,"column":null}},"line":66},"1":{"name":"(anonymous_1)","decl":{"start":{"line":70,"column":8},"end":{"line":70,"column":26}},"loc":{"start":{"line":70,"column":47},"end":{"line":73,"column":null}},"line":70},"2":{"name":"(anonymous_2)","decl":{"start":{"line":71,"column":4},"end":{"line":71,"column":25}},"loc":{"start":{"line":72,"column":6},"end":{"line":72,"column":86}},"line":72},"3":{"name":"(anonymous_3)","decl":{"start":{"line":72,"column":37},"end":{"line":72,"column":44}},"loc":{"start":{"line":72,"column":49},"end":{"line":72,"column":64}},"line":72},"4":{"name":"(anonymous_4)","decl":{"start":{"line":76,"column":8},"end":{"line":76,"column":26}},"loc":{"start":{"line":76,"column":26},"end":{"line":76,"column":90}},"line":76},"5":{"name":"(anonymous_5)","decl":{"start":{"line":78,"column":8},"end":{"line":78,"column":29}},"loc":{"start":{"line":78,"column":48},"end":{"line":83,"column":null}},"line":78},"6":{"name":"(anonymous_6)","decl":{"start":{"line":81,"column":24},"end":{"line":81,"column":31}},"loc":{"start":{"line":81,"column":37},"end":{"line":81,"column":51}},"line":81},"7":{"name":"(anonymous_7)","decl":{"start":{"line":86,"column":8},"end":{"line":86,"column":24}},"loc":{"start":{"line":87,"column":4},"end":{"line":94,"column":null}},"line":87},"8":{"name":"(anonymous_8)","decl":{"start":{"line":89,"column":6},"end":{"line":89,"column":16}},"loc":{"start":{"line":89,"column":22},"end":{"line":89,"column":null}},"line":89},"9":{"name":"(anonymous_9)","decl":{"start":{"line":105,"column":14},"end":{"line":105,"column":29}},"loc":{"start":{"line":105,"column":29},"end":{"line":105,"column":48}},"line":105},"10":{"name":"(anonymous_10)","decl":{"start":{"line":117,"column":12},"end":{"line":117,"column":23}},"loc":{"start":{"line":117,"column":29},"end":{"line":117,"column":101}},"line":117},"11":{"name":"(anonymous_11)","decl":{"start":{"line":117,"column":46},"end":{"line":117,"column":55}},"loc":{"start":{"line":117,"column":63},"end":{"line":117,"column":100}},"line":117},"12":{"name":"(anonymous_12)","decl":{"start":{"line":126,"column":14},"end":{"line":126,"column":29}},"loc":{"start":{"line":126,"column":29},"end":{"line":126,"column":48}},"line":126},"13":{"name":"(anonymous_13)","decl":{"start":{"line":138,"column":12},"end":{"line":138,"column":23}},"loc":{"start":{"line":138,"column":29},"end":{"line":138,"column":101}},"line":138},"14":{"name":"(anonymous_14)","decl":{"start":{"line":138,"column":46},"end":{"line":138,"column":55}},"loc":{"start":{"line":138,"column":63},"end":{"line":138,"column":100}},"line":138},"15":{"name":"(anonymous_15)","decl":{"start":{"line":148,"column":14},"end":{"line":148,"column":29}},"loc":{"start":{"line":148,"column":29},"end":{"line":148,"column":53}},"line":148},"16":{"name":"(anonymous_16)","decl":{"start":{"line":160,"column":12},"end":{"line":160,"column":23}},"loc":{"start":{"line":160,"column":29},"end":{"line":160,"column":111}},"line":160},"17":{"name":"(anonymous_17)","decl":{"start":{"line":160,"column":46},"end":{"line":160,"column":60}},"loc":{"start":{"line":160,"column":68},"end":{"line":160,"column":110}},"line":160},"18":{"name":"(anonymous_18)","decl":{"start":{"line":174,"column":10},"end":{"line":174,"column":14}},"loc":{"start":{"line":175,"column":10},"end":{"line":186,"column":null}},"line":175},"19":{"name":"(anonymous_19)","decl":{"start":{"line":177,"column":12},"end":{"line":177,"column":27}},"loc":{"start":{"line":177,"column":27},"end":{"line":177,"column":94}},"line":177},"20":{"name":"(anonymous_20)","decl":{"start":{"line":197,"column":14},"end":{"line":197,"column":25}},"loc":{"start":{"line":197,"column":31},"end":{"line":197,"column":95}},"line":197},"21":{"name":"(anonymous_21)","decl":{"start":{"line":200,"column":48},"end":{"line":200,"column":53}},"loc":{"start":{"line":200,"column":58},"end":{"line":200,"column":70}},"line":200},"22":{"name":"(anonymous_22)","decl":{"start":{"line":201,"column":22},"end":{"line":201,"column":26}},"loc":{"start":{"line":202,"column":16},"end":{"line":204,"column":null}},"line":202},"23":{"name":"(anonymous_23)","decl":{"start":{"line":219,"column":16},"end":{"line":219,"column":27}},"loc":{"start":{"line":219,"column":33},"end":{"line":219,"column":129}},"line":219},"24":{"name":"(anonymous_24)","decl":{"start":{"line":227,"column":16},"end":{"line":227,"column":27}},"loc":{"start":{"line":227,"column":33},"end":{"line":227,"column":113}},"line":227},"25":{"name":"(anonymous_25)","decl":{"start":{"line":231,"column":24},"end":{"line":231,"column":28}},"loc":{"start":{"line":232,"column":18},"end":{"line":232,"column":null}},"line":232},"26":{"name":"(anonymous_26)","decl":{"start":{"line":249,"column":18},"end":{"line":249,"column":33}},"loc":{"start":{"line":249,"column":33},"end":{"line":249,"column":66}},"line":249},"27":{"name":"(anonymous_27)","decl":{"start":{"line":256,"column":58},"end":{"line":256,"column":73}},"loc":{"start":{"line":256,"column":73},"end":{"line":256,"column":111}},"line":256},"28":{"name":"(anonymous_28)","decl":{"start":{"line":259,"column":82},"end":{"line":259,"column":86}},"loc":{"start":{"line":259,"column":93},"end":{"line":284,"column":null}},"line":259},"29":{"name":"(anonymous_29)","decl":{"start":{"line":260,"column":55},"end":{"line":260,"column":62}},"loc":{"start":{"line":260,"column":67},"end":{"line":260,"column":213}},"line":260},"30":{"name":"(anonymous_30)","decl":{"start":{"line":260,"column":132},"end":{"line":260,"column":138}},"loc":{"start":{"line":260,"column":138},"end":{"line":260,"column":213}},"line":260},"31":{"name":"(anonymous_31)","decl":{"start":{"line":265,"column":40},"end":{"line":265,"column":44}},"loc":{"start":{"line":266,"column":32},"end":{"line":282,"column":null}},"line":266},"32":{"name":"(anonymous_32)","decl":{"start":{"line":268,"column":34},"end":{"line":268,"column":49}},"loc":{"start":{"line":268,"column":49},"end":{"line":275,"column":null}},"line":268},"33":{"name":"(anonymous_33)","decl":{"start":{"line":295,"column":42},"end":{"line":295,"column":47}},"loc":{"start":{"line":295,"column":82},"end":{"line":309,"column":null}},"line":295},"34":{"name":"(anonymous_34)","decl":{"start":{"line":297,"column":41},"end":{"line":297,"column":46}},"loc":{"start":{"line":297,"column":51},"end":{"line":297,"column":67}},"line":297},"35":{"name":"(anonymous_35)","decl":{"start":{"line":307,"column":30},"end":{"line":307,"column":45}},"loc":{"start":{"line":307,"column":45},"end":{"line":307,"column":193}},"line":307},"36":{"name":"(anonymous_36)","decl":{"start":{"line":307,"column":105},"end":{"line":307,"column":113}},"loc":{"start":{"line":307,"column":113},"end":{"line":307,"column":190}},"line":307},"37":{"name":"(anonymous_37)","decl":{"start":{"line":320,"column":24},"end":{"line":320,"column":39}},"loc":{"start":{"line":320,"column":39},"end":{"line":320,"column":65}},"line":320},"38":{"name":"(anonymous_38)","decl":{"start":{"line":323,"column":58},"end":{"line":323,"column":73}},"loc":{"start":{"line":323,"column":73},"end":{"line":323,"column":104}},"line":323},"39":{"name":"(anonymous_39)","decl":{"start":{"line":326,"column":36},"end":{"line":326,"column":43}},"loc":{"start":{"line":326,"column":48},"end":{"line":326,"column":89}},"line":326},"40":{"name":"(anonymous_40)","decl":{"start":{"line":326,"column":91},"end":{"line":326,"column":95}},"loc":{"start":{"line":327,"column":26},"end":{"line":327,"column":null}},"line":327},"41":{"name":"(anonymous_41)","decl":{"start":{"line":327,"column":50},"end":{"line":327,"column":65}},"loc":{"start":{"line":327,"column":65},"end":{"line":327,"column":184}},"line":327},"42":{"name":"(anonymous_42)","decl":{"start":{"line":336,"column":41},"end":{"line":336,"column":46}},"loc":{"start":{"line":336,"column":67},"end":{"line":347,"column":null}},"line":336},"43":{"name":"(anonymous_43)","decl":{"start":{"line":337,"column":42},"end":{"line":337,"column":47}},"loc":{"start":{"line":337,"column":52},"end":{"line":337,"column":70}},"line":337},"44":{"name":"(anonymous_44)","decl":{"start":{"line":346,"column":28},"end":{"line":346,"column":43}},"loc":{"start":{"line":346,"column":43},"end":{"line":346,"column":133}},"line":346},"45":{"name":"(anonymous_45)","decl":{"start":{"line":346,"column":101},"end":{"line":346,"column":108}},"loc":{"start":{"line":346,"column":114},"end":{"line":346,"column":130}},"line":346},"46":{"name":"(anonymous_46)","decl":{"start":{"line":358,"column":24},"end":{"line":358,"column":39}},"loc":{"start":{"line":358,"column":39},"end":{"line":358,"column":72}},"line":358},"47":{"name":"(anonymous_47)","decl":{"start":{"line":361,"column":58},"end":{"line":361,"column":73}},"loc":{"start":{"line":361,"column":73},"end":{"line":361,"column":111}},"line":361},"48":{"name":"(anonymous_48)","decl":{"start":{"line":363,"column":35},"end":{"line":363,"column":42}},"loc":{"start":{"line":363,"column":47},"end":{"line":363,"column":89}},"line":363},"49":{"name":"(anonymous_49)","decl":{"start":{"line":363,"column":91},"end":{"line":363,"column":95}},"loc":{"start":{"line":364,"column":24},"end":{"line":364,"column":null}},"line":364},"50":{"name":"(anonymous_50)","decl":{"start":{"line":364,"column":46},"end":{"line":364,"column":61}},"loc":{"start":{"line":364,"column":61},"end":{"line":364,"column":187}},"line":364},"51":{"name":"(anonymous_51)","decl":{"start":{"line":372,"column":42},"end":{"line":372,"column":47}},"loc":{"start":{"line":372,"column":66},"end":{"line":383,"column":null}},"line":372},"52":{"name":"(anonymous_52)","decl":{"start":{"line":373,"column":41},"end":{"line":373,"column":46}},"loc":{"start":{"line":373,"column":51},"end":{"line":373,"column":67}},"line":373},"53":{"name":"(anonymous_53)","decl":{"start":{"line":382,"column":28},"end":{"line":382,"column":43}},"loc":{"start":{"line":382,"column":43},"end":{"line":382,"column":133}},"line":382},"54":{"name":"(anonymous_54)","decl":{"start":{"line":382,"column":103},"end":{"line":382,"column":110}},"loc":{"start":{"line":382,"column":116},"end":{"line":382,"column":130}},"line":382},"55":{"name":"(anonymous_55)","decl":{"start":{"line":395,"column":196},"end":{"line":395,"column":200}},"loc":{"start":{"line":396,"column":16},"end":{"line":409,"column":null}},"line":396},"56":{"name":"(anonymous_56)","decl":{"start":{"line":402,"column":22},"end":{"line":402,"column":33}},"loc":{"start":{"line":402,"column":39},"end":{"line":402,"column":null}},"line":402},"57":{"name":"(anonymous_57)","decl":{"start":{"line":414,"column":133},"end":{"line":414,"column":137}},"loc":{"start":{"line":415,"column":14},"end":{"line":423,"column":null}},"line":415},"58":{"name":"(anonymous_58)","decl":{"start":{"line":420,"column":18},"end":{"line":420,"column":29}},"loc":{"start":{"line":420,"column":35},"end":{"line":420,"column":125}},"line":420},"59":{"name":"(anonymous_59)","decl":{"start":{"line":429,"column":16},"end":{"line":429,"column":27}},"loc":{"start":{"line":429,"column":33},"end":{"line":429,"column":96}},"line":429},"60":{"name":"(anonymous_60)","decl":{"start":{"line":444,"column":56},"end":{"line":444,"column":60}},"loc":{"start":{"line":444,"column":65},"end":{"line":444,"column":70}},"line":444},"61":{"name":"(anonymous_61)","decl":{"start":{"line":446,"column":37},"end":{"line":446,"column":42}},"loc":{"start":{"line":447,"column":22},"end":{"line":447,"column":null}},"line":447},"62":{"name":"(anonymous_62)","decl":{"start":{"line":469,"column":14},"end":{"line":469,"column":25}},"loc":{"start":{"line":469,"column":31},"end":{"line":469,"column":86}},"line":469},"63":{"name":"(anonymous_63)","decl":{"start":{"line":478,"column":12},"end":{"line":478,"column":16}},"loc":{"start":{"line":479,"column":12},"end":{"line":499,"column":null}},"line":479},"64":{"name":"(anonymous_64)","decl":{"start":{"line":481,"column":16},"end":{"line":481,"column":31}},"loc":{"start":{"line":481,"column":31},"end":{"line":481,"column":53}},"line":481},"65":{"name":"(anonymous_65)","decl":{"start":{"line":493,"column":20},"end":{"line":493,"column":31}},"loc":{"start":{"line":493,"column":37},"end":{"line":493,"column":113}},"line":493},"66":{"name":"(anonymous_66)","decl":{"start":{"line":493,"column":58},"end":{"line":493,"column":63}},"loc":{"start":{"line":493,"column":71},"end":{"line":493,"column":112}},"line":493}},"branchMap":{"0":{"loc":{"start":{"line":72,"column":6},"end":{"line":72,"column":86}},"type":"cond-expr","locations":[{"start":{"line":72,"column":32},"end":{"line":72,"column":64}},{"start":{"line":72,"column":67},"end":{"line":72,"column":86}}],"line":72},"1":{"loc":{"start":{"line":76,"column":46},"end":{"line":76,"column":72}},"type":"binary-expr","locations":[{"start":{"line":76,"column":46},"end":{"line":76,"column":70}},{"start":{"line":76,"column":70},"end":{"line":76,"column":72}}],"line":76},"2":{"loc":{"start":{"line":79,"column":28},"end":{"line":79,"column":54}},"type":"binary-expr","locations":[{"start":{"line":79,"column":28},"end":{"line":79,"column":52}},{"start":{"line":79,"column":52},"end":{"line":79,"column":54}}],"line":79},"3":{"loc":{"start":{"line":80,"column":24},"end":{"line":82,"column":36}},"type":"cond-expr","locations":[{"start":{"line":81,"column":8},"end":{"line":81,"column":51}},{"start":{"line":82,"column":8},"end":{"line":82,"column":36}}],"line":80},"4":{"loc":{"start":{"line":90,"column":50},"end":{"line":90,"column":null}},"type":"cond-expr","locations":[{"start":{"line":90,"column":72},"end":{"line":90,"column":117}},{"start":{"line":90,"column":117},"end":{"line":90,"column":null}}],"line":90},"5":{"loc":{"start":{"line":91,"column":13},"end":{"line":91,"column":null}},"type":"cond-expr","locations":[{"start":{"line":91,"column":34},"end":{"line":91,"column":50}},{"start":{"line":91,"column":50},"end":{"line":91,"column":null}}],"line":91},"6":{"loc":{"start":{"line":93,"column":7},"end":{"line":93,"column":null}},"type":"cond-expr","locations":[{"start":{"line":93,"column":29},"end":{"line":93,"column":68}},{"start":{"line":93,"column":67},"end":{"line":93,"column":null}}],"line":93},"7":{"loc":{"start":{"line":107,"column":60},"end":{"line":107,"column":null}},"type":"cond-expr","locations":[{"start":{"line":107,"column":84},"end":{"line":107,"column":124}},{"start":{"line":107,"column":124},"end":{"line":107,"column":null}}],"line":107},"8":{"loc":{"start":{"line":115,"column":19},"end":{"line":115,"column":null}},"type":"binary-expr","locations":[{"start":{"line":115,"column":19},"end":{"line":115,"column":32}},{"start":{"line":115,"column":32},"end":{"line":115,"column":null}}],"line":115},"9":{"loc":{"start":{"line":128,"column":60},"end":{"line":128,"column":null}},"type":"cond-expr","locations":[{"start":{"line":128,"column":84},"end":{"line":128,"column":124}},{"start":{"line":128,"column":124},"end":{"line":128,"column":null}}],"line":128},"10":{"loc":{"start":{"line":136,"column":19},"end":{"line":136,"column":null}},"type":"binary-expr","locations":[{"start":{"line":136,"column":19},"end":{"line":136,"column":32}},{"start":{"line":136,"column":32},"end":{"line":136,"column":null}}],"line":136},"11":{"loc":{"start":{"line":150,"column":60},"end":{"line":150,"column":null}},"type":"cond-expr","locations":[{"start":{"line":150,"column":89},"end":{"line":150,"column":129}},{"start":{"line":150,"column":129},"end":{"line":150,"column":null}}],"line":150},"12":{"loc":{"start":{"line":158,"column":19},"end":{"line":158,"column":null}},"type":"binary-expr","locations":[{"start":{"line":158,"column":19},"end":{"line":158,"column":37}},{"start":{"line":158,"column":37},"end":{"line":158,"column":null}}],"line":158},"13":{"loc":{"start":{"line":179,"column":14},"end":{"line":181,"column":null}},"type":"cond-expr","locations":[{"start":{"line":180,"column":18},"end":{"line":180,"column":null}},{"start":{"line":181,"column":18},"end":{"line":181,"column":null}}],"line":179},"14":{"loc":{"start":{"line":191,"column":7},"end":{"line":233,"column":null}},"type":"binary-expr","locations":[{"start":{"line":191,"column":7},"end":{"line":191,"column":null}},{"start":{"line":192,"column":8},"end":{"line":233,"column":null}}],"line":191},"15":{"loc":{"start":{"line":196,"column":21},"end":{"line":196,"column":null}},"type":"binary-expr","locations":[{"start":{"line":196,"column":21},"end":{"line":196,"column":37}},{"start":{"line":196,"column":37},"end":{"line":196,"column":null}}],"line":196},"16":{"loc":{"start":{"line":197,"column":65},"end":{"line":197,"column":94}},"type":"binary-expr","locations":[{"start":{"line":197,"column":65},"end":{"line":197,"column":83}},{"start":{"line":197,"column":83},"end":{"line":197,"column":94}}],"line":197},"17":{"loc":{"start":{"line":200,"column":41},"end":{"line":200,"column":90}},"type":"binary-expr","locations":[{"start":{"line":200,"column":41},"end":{"line":200,"column":80}},{"start":{"line":200,"column":80},"end":{"line":200,"column":90}}],"line":200},"18":{"loc":{"start":{"line":218,"column":23},"end":{"line":218,"column":null}},"type":"cond-expr","locations":[{"start":{"line":218,"column":56},"end":{"line":218,"column":75}},{"start":{"line":218,"column":75},"end":{"line":218,"column":null}}],"line":218},"19":{"loc":{"start":{"line":219,"column":71},"end":{"line":219,"column":128}},"type":"cond-expr","locations":[{"start":{"line":219,"column":88},"end":{"line":219,"column":114}},{"start":{"line":219,"column":117},"end":{"line":219,"column":128}}],"line":219},"20":{"loc":{"start":{"line":226,"column":23},"end":{"line":226,"column":null}},"type":"binary-expr","locations":[{"start":{"line":226,"column":23},"end":{"line":226,"column":55}},{"start":{"line":226,"column":55},"end":{"line":226,"column":null}}],"line":226},"21":{"loc":{"start":{"line":227,"column":83},"end":{"line":227,"column":112}},"type":"binary-expr","locations":[{"start":{"line":227,"column":83},"end":{"line":227,"column":101}},{"start":{"line":227,"column":101},"end":{"line":227,"column":112}}],"line":227},"22":{"loc":{"start":{"line":241,"column":7},"end":{"line":386,"column":null}},"type":"binary-expr","locations":[{"start":{"line":241,"column":7},"end":{"line":241,"column":null}},{"start":{"line":242,"column":8},"end":{"line":386,"column":null}}],"line":241},"23":{"loc":{"start":{"line":254,"column":17},"end":{"line":289,"column":null}},"type":"binary-expr","locations":[{"start":{"line":254,"column":17},"end":{"line":254,"column":null}},{"start":{"line":255,"column":18},"end":{"line":289,"column":null}}],"line":254},"24":{"loc":{"start":{"line":260,"column":67},"end":{"line":260,"column":213}},"type":"binary-expr","locations":[{"start":{"line":260,"column":67},"end":{"line":260,"column":89}},{"start":{"line":260,"column":89},"end":{"line":260,"column":104}},{"start":{"line":260,"column":104},"end":{"line":260,"column":213}}],"line":260},"25":{"loc":{"start":{"line":260,"column":106},"end":{"line":260,"column":130}},"type":"binary-expr","locations":[{"start":{"line":260,"column":106},"end":{"line":260,"column":128}},{"start":{"line":260,"column":128},"end":{"line":260,"column":130}}],"line":260},"26":{"loc":{"start":{"line":260,"column":170},"end":{"line":260,"column":208}},"type":"cond-expr","locations":[{"start":{"line":260,"column":194},"end":{"line":260,"column":198}},{"start":{"line":260,"column":198},"end":{"line":260,"column":208}}],"line":260},"27":{"loc":{"start":{"line":261,"column":26},"end":{"line":261,"column":null}},"type":"if","locations":[{"start":{"line":261,"column":26},"end":{"line":261,"column":null}},{"start":{},"end":{}}],"line":261},"28":{"loc":{"start":{"line":269,"column":36},"end":{"line":275,"column":null}},"type":"if","locations":[{"start":{"line":269,"column":36},"end":{"line":275,"column":null}},{"start":{"line":273,"column":43},"end":{"line":275,"column":null}}],"line":269},"29":{"loc":{"start":{"line":274,"column":83},"end":{"line":274,"column":107}},"type":"binary-expr","locations":[{"start":{"line":274,"column":83},"end":{"line":274,"column":105}},{"start":{"line":274,"column":105},"end":{"line":274,"column":107}}],"line":274},"30":{"loc":{"start":{"line":295,"column":16},"end":{"line":295,"column":40}},"type":"binary-expr","locations":[{"start":{"line":295,"column":16},"end":{"line":295,"column":38}},{"start":{"line":295,"column":38},"end":{"line":295,"column":40}}],"line":295},"31":{"loc":{"start":{"line":296,"column":31},"end":{"line":296,"column":null}},"type":"cond-expr","locations":[{"start":{"line":296,"column":59},"end":{"line":296,"column":67}},{"start":{"line":296,"column":67},"end":{"line":296,"column":null}}],"line":296},"32":{"loc":{"start":{"line":298,"column":16},"end":{"line":298,"column":null}},"type":"if","locations":[{"start":{"line":298,"column":16},"end":{"line":298,"column":null}},{"start":{},"end":{}}],"line":298},"33":{"loc":{"start":{"line":301,"column":130},"end":{"line":301,"column":null}},"type":"cond-expr","locations":[{"start":{"line":301,"column":141},"end":{"line":301,"column":166}},{"start":{"line":301,"column":166},"end":{"line":301,"column":null}}],"line":301},"34":{"loc":{"start":{"line":307,"column":145},"end":{"line":307,"column":183}},"type":"cond-expr","locations":[{"start":{"line":307,"column":169},"end":{"line":307,"column":173}},{"start":{"line":307,"column":173},"end":{"line":307,"column":183}}],"line":307},"35":{"loc":{"start":{"line":321,"column":17},"end":{"line":331,"column":null}},"type":"binary-expr","locations":[{"start":{"line":321,"column":17},"end":{"line":321,"column":null}},{"start":{"line":322,"column":18},"end":{"line":331,"column":null}}],"line":321},"36":{"loc":{"start":{"line":326,"column":50},"end":{"line":326,"column":73}},"type":"binary-expr","locations":[{"start":{"line":326,"column":50},"end":{"line":326,"column":71}},{"start":{"line":326,"column":71},"end":{"line":326,"column":73}}],"line":326},"37":{"loc":{"start":{"line":327,"column":111},"end":{"line":327,"column":134}},"type":"binary-expr","locations":[{"start":{"line":327,"column":111},"end":{"line":327,"column":132}},{"start":{"line":327,"column":132},"end":{"line":327,"column":134}}],"line":327},"38":{"loc":{"start":{"line":336,"column":16},"end":{"line":336,"column":39}},"type":"binary-expr","locations":[{"start":{"line":336,"column":16},"end":{"line":336,"column":37}},{"start":{"line":336,"column":37},"end":{"line":336,"column":39}}],"line":336},"39":{"loc":{"start":{"line":338,"column":16},"end":{"line":338,"column":null}},"type":"if","locations":[{"start":{"line":338,"column":16},"end":{"line":338,"column":null}},{"start":{},"end":{}}],"line":338},"40":{"loc":{"start":{"line":341,"column":146},"end":{"line":341,"column":null}},"type":"cond-expr","locations":[{"start":{"line":341,"column":157},"end":{"line":341,"column":182}},{"start":{"line":341,"column":182},"end":{"line":341,"column":null}}],"line":341},"41":{"loc":{"start":{"line":359,"column":17},"end":{"line":367,"column":null}},"type":"binary-expr","locations":[{"start":{"line":359,"column":17},"end":{"line":359,"column":null}},{"start":{"line":360,"column":18},"end":{"line":367,"column":null}}],"line":359},"42":{"loc":{"start":{"line":363,"column":49},"end":{"line":363,"column":73}},"type":"binary-expr","locations":[{"start":{"line":363,"column":49},"end":{"line":363,"column":71}},{"start":{"line":363,"column":71},"end":{"line":363,"column":73}}],"line":363},"43":{"loc":{"start":{"line":364,"column":108},"end":{"line":364,"column":132}},"type":"binary-expr","locations":[{"start":{"line":364,"column":108},"end":{"line":364,"column":130}},{"start":{"line":364,"column":130},"end":{"line":364,"column":132}}],"line":364},"44":{"loc":{"start":{"line":372,"column":16},"end":{"line":372,"column":40}},"type":"binary-expr","locations":[{"start":{"line":372,"column":16},"end":{"line":372,"column":38}},{"start":{"line":372,"column":38},"end":{"line":372,"column":40}}],"line":372},"45":{"loc":{"start":{"line":374,"column":16},"end":{"line":374,"column":null}},"type":"if","locations":[{"start":{"line":374,"column":16},"end":{"line":374,"column":null}},{"start":{},"end":{}}],"line":374},"46":{"loc":{"start":{"line":377,"column":145},"end":{"line":377,"column":null}},"type":"cond-expr","locations":[{"start":{"line":377,"column":156},"end":{"line":377,"column":181}},{"start":{"line":377,"column":181},"end":{"line":377,"column":null}}],"line":377},"47":{"loc":{"start":{"line":392,"column":7},"end":{"line":451,"column":null}},"type":"binary-expr","locations":[{"start":{"line":392,"column":7},"end":{"line":392,"column":null}},{"start":{"line":393,"column":8},"end":{"line":451,"column":null}}],"line":392},"48":{"loc":{"start":{"line":401,"column":31},"end":{"line":401,"column":null}},"type":"cond-expr","locations":[{"start":{"line":401,"column":91},"end":{"line":401,"column":115}},{"start":{"line":401,"column":115},"end":{"line":401,"column":null}}],"line":401},"49":{"loc":{"start":{"line":401,"column":31},"end":{"line":401,"column":91}},"type":"binary-expr","locations":[{"start":{"line":401,"column":31},"end":{"line":401,"column":54}},{"start":{"line":401,"column":54},"end":{"line":401,"column":91}}],"line":401},"50":{"loc":{"start":{"line":404,"column":36},"end":{"line":404,"column":null}},"type":"cond-expr","locations":[{"start":{"line":404,"column":226},"end":{"line":404,"column":265}},{"start":{"line":404,"column":265},"end":{"line":404,"column":null}}],"line":404},"51":{"loc":{"start":{"line":404,"column":118},"end":{"line":404,"column":226}},"type":"cond-expr","locations":[{"start":{"line":404,"column":178},"end":{"line":404,"column":202}},{"start":{"line":404,"column":202},"end":{"line":404,"column":226}}],"line":404},"52":{"loc":{"start":{"line":404,"column":118},"end":{"line":404,"column":178}},"type":"binary-expr","locations":[{"start":{"line":404,"column":118},"end":{"line":404,"column":141}},{"start":{"line":404,"column":141},"end":{"line":404,"column":178}}],"line":404},"53":{"loc":{"start":{"line":405,"column":38},"end":{"line":405,"column":272}},"type":"cond-expr","locations":[{"start":{"line":405,"column":218},"end":{"line":405,"column":250}},{"start":{"line":405,"column":250},"end":{"line":405,"column":272}}],"line":405},"54":{"loc":{"start":{"line":405,"column":110},"end":{"line":405,"column":218}},"type":"cond-expr","locations":[{"start":{"line":405,"column":170},"end":{"line":405,"column":194}},{"start":{"line":405,"column":194},"end":{"line":405,"column":218}}],"line":405},"55":{"loc":{"start":{"line":405,"column":110},"end":{"line":405,"column":170}},"type":"binary-expr","locations":[{"start":{"line":405,"column":110},"end":{"line":405,"column":133}},{"start":{"line":405,"column":133},"end":{"line":405,"column":170}}],"line":405},"56":{"loc":{"start":{"line":419,"column":26},"end":{"line":419,"column":null}},"type":"binary-expr","locations":[{"start":{"line":419,"column":26},"end":{"line":419,"column":52}},{"start":{"line":419,"column":52},"end":{"line":419,"column":null}}],"line":419},"57":{"loc":{"start":{"line":420,"column":69},"end":{"line":420,"column":124}},"type":"cond-expr","locations":[{"start":{"line":420,"column":86},"end":{"line":420,"column":110}},{"start":{"line":420,"column":113},"end":{"line":420,"column":124}}],"line":420},"58":{"loc":{"start":{"line":428,"column":24},"end":{"line":428,"column":null}},"type":"binary-expr","locations":[{"start":{"line":428,"column":24},"end":{"line":428,"column":63}},{"start":{"line":428,"column":63},"end":{"line":428,"column":null}}],"line":428},"59":{"loc":{"start":{"line":440,"column":13},"end":{"line":451,"column":null}},"type":"cond-expr","locations":[{"start":{"line":441,"column":14},"end":{"line":443,"column":15}},{"start":{"line":443,"column":14},"end":{"line":451,"column":null}}],"line":440},"60":{"loc":{"start":{"line":447,"column":76},"end":{"line":447,"column":124}},"type":"binary-expr","locations":[{"start":{"line":447,"column":76},"end":{"line":447,"column":114}},{"start":{"line":447,"column":114},"end":{"line":447,"column":124}}],"line":447},"61":{"loc":{"start":{"line":458,"column":7},"end":{"line":500,"column":null}},"type":"binary-expr","locations":[{"start":{"line":458,"column":7},"end":{"line":458,"column":null}},{"start":{"line":459,"column":8},"end":{"line":500,"column":null}}],"line":458},"62":{"loc":{"start":{"line":468,"column":22},"end":{"line":468,"column":null}},"type":"binary-expr","locations":[{"start":{"line":468,"column":22},"end":{"line":468,"column":53}},{"start":{"line":468,"column":53},"end":{"line":468,"column":null}}],"line":468},"63":{"loc":{"start":{"line":485,"column":17},"end":{"line":485,"column":null}},"type":"cond-expr","locations":[{"start":{"line":485,"column":54},"end":{"line":485,"column":95}},{"start":{"line":485,"column":94},"end":{"line":485,"column":null}}],"line":485},"64":{"loc":{"start":{"line":487,"column":15},"end":{"line":497,"column":null}},"type":"binary-expr","locations":[{"start":{"line":487,"column":15},"end":{"line":487,"column":49}},{"start":{"line":488,"column":16},"end":{"line":497,"column":null}}],"line":487},"65":{"loc":{"start":{"line":491,"column":28},"end":{"line":491,"column":null}},"type":"binary-expr","locations":[{"start":{"line":491,"column":28},"end":{"line":491,"column":78}},{"start":{"line":491,"column":
[...]
,"C:\\projetos\\Agents\\SimpleCrew\\simple-crew-front\\src\\store\\slices\\workspace.slice.ts": {"path":"C:\\projetos\\Agents\\SimpleCrew\\simple-crew-front\\src\\store\\slices\\workspace.slice.ts","statementMap":{"0":{"start":{"line":5,"column":16},"end":{"line":5,"column":null}},"1":{"start":{"line":7,"column":13},"end":{"line":152,"column":null}},"2":{"start":{"line":7,"column":99},"end":{"line":152,"column":null}},"3":{"start":{"line":14,"column":4},"end":{"line":26,"column":null}},"4":{"start":{"line":15,"column":23},"end":{"line":15,"column":66}},"5":{"start":{"line":16,"column":6},"end":{"line":16,"column":null}},"6":{"start":{"line":16,"column":24},"end":{"line":16,"column":null}},"7":{"start":{"line":17,"column":25},"end":{"line":17,"column":46}},"8":{"start":{"line":18,"column":6},"end":{"line":18,"column":null}},"9":{"start":{"line":21,"column":44},"end":{"line":21,"column":49}},"10":{"start":{"line":22,"column":6},"end":{"line":24,"column":null}},"11":{"start":{"line":23,"column":19},"end":{"line":23,"column":88}},"12":{"start":{"line":23,"column":53},"end":{"line":23,"column":88}},"13":{"start":{"line":24,"column":8},"end":{"line":24,"column":null}},"14":{"start":{"line":24,"column":16},"end":{"line":24,"column":null}},"15":{"start":{"line":26,"column":22},"end":{"line":26,"column":null}},"16":{"start":{"line":30,"column":4},"end":{"line":40,"column":null}},"17":{"start":{"line":31,"column":23},"end":{"line":33,"column":8}},"18":{"start":{"line":34,"column":6},"end":{"line":36,"column":null}},"19":{"start":{"line":35,"column":20},"end":{"line":35,"column":41}},"20":{"start":{"line":36,"column":8},"end":{"line":36,"column":null}},"21":{"start":{"line":38,"column":6},"end":{"line":38,"column":null}},"22":{"start":{"line":39,"column":6},"end":{"line":39,"column":null}},"23":{"start":{"line":40,"column":22},"end":{"line":40,"column":null}},"24":{"start":{"line":44,"column":4},"end":{"line":51,"column":null}},"25":{"start":{"line":45,"column":23},"end":{"line":47,"column":8}},"26":{"start":{"line":48,"column":6},"end":{"line":48,"column":null}},"27":{"start":{"line":48,"column":24},"end":{"line":48,"column":null}},"28":{"start":{"line":49,"column":6},"end":{"line":49,"column":null}},"29":{"start":{"line":50,"column":6},"end":{"line":50,"column":null}},"30":{"start":{"line":51,"column":22},"end":{"line":51,"column":null}},"31":{"start":{"line":55,"column":4},"end":{"line":66,"column":null}},"32":{"start":{"line":56,"column":23},"end":{"line":56,"column":94}},"33":{"start":{"line":57,"column":6},"end":{"line":59,"column":null}},"34":{"start":{"line":58,"column":20},"end":{"line":58,"column":41}},"35":{"start":{"line":59,"column":8},"end":{"line":59,"column":null}},"36":{"start":{"line":61,"column":95},"end":{"line":61,"column":100}},"37":{"start":{"line":62,"column":6},"end":{"line":62,"column":null}},"38":{"start":{"line":62,"column":38},"end":{"line":62,"column":72}},"39":{"start":{"line":62,"column":72},"end":{"line":62,"column":null}},"40":{"start":{"line":63,"column":6},"end":{"line":63,"column":null}},"41":{"start":{"line":63,"column":46},"end":{"line":63,"column":null}},"42":{"start":{"line":64,"column":6},"end":{"line":64,"column":null}},"43":{"start":{"line":65,"column":6},"end":{"line":65,"column":null}},"44":{"start":{"line":66,"column":22},"end":{"line":66,"column":null}},"45":{"start":{"line":70,"column":4},"end":{"line":74,"column":null}},"46":{"start":{"line":71,"column":23},"end":{"line":71,"column":97}},"47":{"start":{"line":72,"column":6},"end":{"line":72,"column":null}},"48":{"start":{"line":72,"column":24},"end":{"line":72,"column":null}},"49":{"start":{"line":73,"column":6},"end":{"line":73,"column":null}},"50":{"start":{"line":74,"column":22},"end":{"line":74,"column":null}},"51":{"start":{"line":77,"column":32},"end":{"line":77,"column":89}},"52":{"start":{"line":78,"column":31},"end":{"line":78,"column":60}},"53":{"start":{"line":79,"column":34},"end":{"line":79,"column":66}},"54":{"start":{"line":82,"column":4},"end":{"line":88,"column":null}},"55":{"start":{"line":83,"column":23},"end":{"line":83,"column":80}},"56":{"start":{"line":84,"column":6},"end":{"line":84,"column":null}},"57":{"start":{"line":84,"column":24},"end":{"line":84,"column":null}},"58":{"start":{"line":85,"column":6},"end":{"line":85,"column":null}},"59":{"start":{"line":87,"column":6},"end":{"line":87,"column":null}},"60":{"start":{"line":88,"column":6},"end":{"line":88,"column":null}},"61":{"start":{"line":93,"column":4},"end":{"line":100,"column":null}},"62":{"start":{"line":94,"column":23},"end":{"line":94,"column":121}},"63":{"start":{"line":95,"column":6},"end":{"line":95,"column":null}},"64":{"start":{"line":95,"column":24},"end":{"line":95,"column":null}},"65":{"start":{"line":96,"column":19},"end":{"line":96,"column":40}},"66":{"start":{"line":97,"column":6},"end":{"line":97,"column":null}},"67":{"start":{"line":99,"column":6},"end":{"line":99,"column":null}},"68":{"start":{"line":100,"column":6},"end":{"line":100,"column":null}},"69":{"start":{"line":105,"column":4},"end":{"line":120,"column":null}},"70":{"start":{"line":106,"column":23},"end":{"line":106,"column":37}},"71":{"start":{"line":107,"column":6},"end":{"line":111,"column":null}},"72":{"start":{"line":108,"column":8},"end":{"line":108,"column":null}},"73":{"start":{"line":109,"column":22},"end":{"line":109,"column":null}},"74":{"start":{"line":110,"column":8},"end":{"line":110,"column":null}},"75":{"start":{"line":112,"column":23},"end":{"line":112,"column":117}},"76":{"start":{"line":113,"column":6},"end":{"line":115,"column":null}},"77":{"start":{"line":114,"column":24},"end":{"line":114,"column":63}},"78":{"start":{"line":114,"column":59},"end":{"line":114,"column":61}},"79":{"start":{"line":115,"column":8},"end":{"line":115,"column":null}},"80":{"start":{"line":117,"column":6},"end":{"line":117,"column":null}},"81":{"start":{"line":119,"column":6},"end":{"line":119,"column":null}},"82":{"start":{"line":120,"column":6},"end":{"line":120,"column":null}},"83":{"start":{"line":125,"column":4},"end":{"line":134,"column":null}},"84":{"start":{"line":126,"column":23},"end":{"line":126,"column":135}},"85":{"start":{"line":127,"column":6},"end":{"line":129,"column":null}},"86":{"start":{"line":128,"column":24},"end":{"line":128,"column":63}},"87":{"start":{"line":128,"column":59},"end":{"line":128,"column":61}},"88":{"start":{"line":129,"column":8},"end":{"line":129,"column":null}},"89":{"start":{"line":131,"column":6},"end":{"line":131,"column":null}},"90":{"start":{"line":133,"column":6},"end":{"line":133,"column":null}},"91":{"start":{"line":134,"column":6},"end":{"line":134,"column":null}},"92":{"start":{"line":139,"column":4},"end":{"line":149,"column":null}},"93":{"start":{"line":140,"column":18},"end":{"line":140,"column":null}},"94":{"start":{"line":141,"column":19},"end":{"line":141,"column":46}},"95":{"start":{"line":142,"column":6},"end":{"line":142,"column":null}},"96":{"start":{"line":143,"column":6},"end":{"line":143,"column":null}},"97":{"start":{"line":144,"column":6},"end":{"line":144,"column":null}},"98":{"start":{"line":145,"column":6},"end":{"line":145,"column":null}},"99":{"start":{"line":146,"column":6},"end":{"line":146,"column":null}},"100":{"start":{"line":147,"column":6},"end":{"line":147,"column":null}},"101":{"start":{"line":149,"column":6},"end":{"line":149,"column":null}}},"fnMap":{"0":{"name":"(anonymous_0)","decl":{"start":{"line":7,"column":13},"end":{"line":7,"column":85}},"loc":{"start":{"line":7,"column":99},"end":{"line":152,"column":null}},"line":7},"1":{"name":"(anonymous_1)","decl":{"start":{"line":13,"column":19},"end":{"line":13,"column":31}},"loc":{"start":{"line":13,"column":31},"end":{"line":26,"column":null}},"line":13},"2":{"name":"(anonymous_2)","decl":{"start":{"line":23,"column":30},"end":{"line":23,"column":36}},"loc":{"start":{"line":23,"column":53},"end":{"line":23,"column":88}},"line":23},"3":{"name":"(anonymous_3)","decl":{"start":{"line":29,"column":16},"end":{"line":29,"column":23}},"loc":{"start":{"line":29,"column":37},"end":{"line":40,"column":null}},"line":29},"4":{"name":"(anonymous_4)","decl":{"start":{"line":43,"column":19},"end":{"line":43,"column":26}},"loc":{"start":{"line":43,"column":44},"end":{"line":51,"column":null}},"line":43},"5":{"name":"(anonymous_5)","decl":{"start":{"line":54,"column":19},"end":{"line":54,"column":26}},"loc":{"start":{"line":54,"column":33},"end":{"line":66,"column":null}},"line":54},"6":{"name":"(anonymous_6)","decl":{"start":{"line":69,"column":17},"end":{"line":69,"column":24}},"loc":{"start":{"line":69,"column":31},"end":{"line":74,"column":null}},"line":69},"7":{"name":"(anonymous_7)","decl":{"start":{"line":77,"column":2},"end":{"line":77,"column":25}},"loc":{"start":{"line":77,"column":32},"end":{"line":77,"column":89}},"line":77},"8":{"name":"(anonymous_8)","decl":{"start":{"line":78,"column":2},"end":{"line":78,"column":22}},"loc":{"start":{"line":78,"column":31},"end":{"line":78,"column":60}},"line":78},"9":{"name":"(anonymous_9)","decl":{"start":{"line":79,"column":2},"end":{"line":79,"column":27}},"loc":{"start":{"line":79,"column":34},"end":{"line":79,"column":66}},"line":79},"10":{"name":"(anonymous_10)","decl":{"start":{"line":81,"column":23},"end":{"line":81,"column":30}},"loc":{"start":{"line":81,"column":39},"end":{"line":88,"column":null}},"line":81},"11":{"name":"(anonymous_11)","decl":{"start":{"line":92,"column":20},"end":{"line":92,"column":27}},"loc":{"start":{"line":92,"column":42},"end":{"line":100,"column":null}},"line":92},"12":{"name":"(anonymous_12)","decl":{"start":{"line":104,"column":24},"end":{"line":104,"column":31}},"loc":{"start":{"line":104,"column":47},"end":{"line":120,"column":null}},"line":104},"13":{"name":"(anonymous_13)","decl":{"start":{"line":107,"column":24},"end":{"line":107,"column":33}},"loc":{"start":{"line":107,"column":42},"end":{"line":111,"column":null}},"line":107},"14":{"name":"(anonymous_14)","decl":{"start":{"line":114,"column":46},"end":{"line":114,"column":59}},"loc":{"start":{"line":114,"column":59},"end":{"line":114,"column":61}},"line":114},"15":{"name":"(anonymous_15)","decl":{"start":{"line":124,"column":23},"end":{"line":124,"column":30}},"loc":{"start":{"line":124,"column":45},"end":{"line":134,"column":null}},"line":124},"16":{"name":"(anonymous_16)","decl":{"start":{"line":128,"column":46},"end":{"line":128,"column":59}},"loc":{"start":{"line":128,"column":59},"end":{"line":128,"column":61}},"line":128},"17":{"name":"(anonymous_17)","decl":{"start":{"line":138,"column":24},"end":{"line":138,"column":31}},"loc":{"start":{"line":138,"column":51},"end":{"line":149,"column":null}},"line":138}},"branchMap":{"0":{"loc":{"start":{"line":5,"column":16},"end":{"line":5,"column":null}},"type":"binary-expr","locations":[{"start":{"line":5,"column":16},"end":{"line":5,"column":48}},{"start":{"line":5,"column":48},"end":{"line":5,"column":null}}],"line":5},"1":{"loc":{"start":{"line":16,"column":6},"end":{"line":16,"column":null}},"type":"if","locations":[{"start":{"line":16,"column":6},"end":{"line":16,"column":null}},{"start":{},"end":{}}],"line":16},"2":{"loc":{"start":{"line":22,"column":6},"end":{"line":24,"column":null}},"type":"if","locations":[{"start":{"line":22,"column":6},"end":{"line":24,"column":null}},{"start":{},"end":{}}],"line":22},"3":{"loc":{"start":{"line":24,"column":8},"end":{"line":24,"column":null}},"type":"if","locations":[{"start":{"line":24,"column":8},"end":{"line":24,"column":null}},{"start":{},"end":{}}],"line":24},"4":{"loc":{"start":{"line":34,"column":6},"end":{"line":36,"column":null}},"type":"if","locations":[{"start":{"line":34,"column":6},"end":{"line":36,"column":null}},{"start":{},"end":{}}],"line":34},"5":{"loc":{"start":{"line":36,"column":24},"end":{"line":36,"column":67}},"type":"binary-expr","locations":[{"start":{"line":36,"column":24},"end":{"line":36,"column":38}},{"start":{"line":36,"column":38},"end":{"line":36,"column":67}}],"line":36},"6":{"loc":{"start":{"line":48,"column":6},"end":{"line":48,"column":null}},"type":"if","locations":[{"start":{"line":48,"column":6},"end":{"line":48,"column":null}},{"start":{},"end":{}}],"line":48},"7":{"loc":{"start":{"line":57,"column":6},"end":{"line":59,"column":null}},"type":"if","locations":[{"start":{"line":57,"column":6},"end":{"line":59,"column":null}},{"start":{},"end":{}}],"line":57},"8":{"loc":{"start":{"line":59,"column":24},"end":{"line":59,"column":67}},"type":"binary-expr","locations":[{"start":{"line":59,"column":24},"end":{"line":59,"column":38}},{"start":{"line":59,"column":38},"end":{"line":59,"column":67}}],"line":59},"9":{"loc":{"start":{"line":62,"column":6},"end":{"line":62,"column":null}},"type":"if","locations":[{"start":{"line":62,"column":6},"end":{"line":62,"column":null}},{"start":{},"end":{}}],"line":62},"10":{"loc":{"start":{"line":63,"column":6},"end":{"line":63,"column":null}},"type":"if","locations":[{"start":{"line":63,"column":6},"end":{"line":63,"column":null}},{"start":{},"end":{}}],"line":63},"11":{"loc":{"start":{"line":72,"column":6},"end":{"line":72,"column":null}},"type":"if","locations":[{"start":{"line":72,"column":6},"end":{"line":72,"column":null}},{"start":{},"end":{}}],"line":72},"12":{"loc":{"start":{"line":84,"column":6},"end":{"line":84,"column":null}},"type":"if","locations":[{"start":{"line":84,"column":6},"end":{"line":84,"column":null}},{"start":{},"end":{}}],"line":84},"13":{"loc":{"start":{"line":95,"column":6},"end":{"line":95,"column":null}},"type":"if","locations":[{"start":{"line":95,"column":6},"end":{"line":95,"column":null}},{"start":{},"end":{}}],"line":95},"14":{"loc":{"start":{"line":109,"column":22},"end":{"line":109,"column":null}},"type":"binary-expr","locations":[{"start":{"line":109,"column":22},"end":{"line":109,"column":92}},{"start":{"line":109,"column":92},"end":{"line":109,"column":null}}],"line":109},"15":{"loc":{"start":{"line":113,"column":6},"end":{"line":115,"column":null}},"type":"if","locations":[{"start":{"line":113,"column":6},"end":{"line":115,"column":null}},{"start":{},"end":{}}],"line":113},"16":{"loc":{"start":{"line":115,"column":24},"end":{"line":115,"column":67}},"type":"binary-expr","locations":[{"start":{"line":115,"column":24},"end":{"line":115,"column":42}},{"start":{"line":115,"column":42},"end":{"line":115,"column":67}}],"line":115},"17":{"loc":{"start":{"line":127,"column":6},"end":{"line":129,"column":null}},"type":"if","locations":[{"start":{"line":127,"column":6},"end":{"line":129,"column":null}},{"start":{},"end":{}}],"line":127},"18":{"loc":{"start":{"line":129,"column":24},"end":{"line":129,"column":66}},"type":"binary-expr","locations":[{"start":{"line":129,"column":24},"end":{"line":129,"column":42}},{"start":{"line":129,"column":42},"end":{"line":129,"column":66}}],"line":129},"19":{"loc":{"start":{"line":138,"column":37},"end":{"line":138,"column":51}},"type":"default-arg","locations":[{"start":{"line":138,"column":44},"end":{"line":138,"column":51}}],"line":138}},"s":{"0":1,"1":1,"2":34,"3":5,"4":5,"5":4,"6":4,"7":3,"8":3,"9":3,"10":3,"11":2,"12":2,"13":2,"14":1,"15":2,"16":4,"17":4,"18":3,"19":2,"20":2,"21":1,"22":1,"23":3,"24":2,"25":2,"26":2,"27":1,"28":1,"29":1,"30":1,"31":4,"32":4,"33":4,"34":2,"35":2,"36":2,"37":2,"38":1,"39":1,"40":2,"41":1,"42":2,"43":2,"44":2,"45":3,"46":3,"47":2,"48":2,"49":1,"50":2,"51":1,"52":1,"53":1,"54":3,"55":3,"56":2,"57":2,"58":1,"59":2,"60":2,"61":2,"62":2,"63":2,"64":1,"65":1,"66":1,"67":1,"68":1,"69":3,"70":3,"71":3,"72":1,"73":1,"74":1,"75":3,"76":2,"77":1,"78":1,"79":1,"80":1,"81":2,"82":2,"83":3,"84":3,"85":3,"86":2,"87":1,"88":2,"89":1,"90":2,"91":2,"92":2,"93":2,"94":2,"95":2,"96":2,"97":2,"98":2,"99":2,"100":2,"101":1},"f":{"0":34,"1":5,"2":2,"3":4,"4":2,"5":4,"6":3,"7":1,"8":1,"9":1,"10":3,"11":2,"12":3,"13":1,"14":1,"15":3,"16":1,"17":2},"b":{"0":[1,1],"1":[1,3],"2":[2,1],"3":[1,1],"4":[2,1],"5":[2,1],"6":[1,1],"7":[2,2],"8":[2,1],"9":[1,1],"10":[1,1],"11":[1,1],"12":[1,1],"13":[1,1],"14":[1,1],"15":[1,1],"16":[1,1],"17":[2,1],"18":[2,1],"19":[2]},"meta":{"lastBranch":20,"lastFunction":18,"lastStatement":102,"seen":{"s:5:16:5:Infinity":0,"b:5:16:5:48:5:48:5:Infinity":0,"s:7:13:152:Infinity":1,"f:7:13:7:85":0,"s:7:99:152:Infinity":2,"f:13:19:13:31":1,"s:14:4:26:Infinity":3,"s:15:23:15:66":4,"b:16:6:16:Infinity:undefined:undefined:undefined:undefined":1,"s:16:6:16:Infinity":5,"s:16:24:16:Infinity":6,"s:17:25:17:46":7,"s:18:6:18:Infinity":8,"s:21:44:21:49":9,"b:22:6:24:Infinity:undefined:undefined:undefined:undefined":2,"s:22:6:24:Infinity":10,"s:23:19:23:88":11,"f:23:30:23:36":2,"s:23:53:23:88":12,"b:24:8:24:Infinity:undefined:undefined:undefined:undefined":3,"s:24:8:24:Infinity":13,"s:24:16:24:Infinity":14,"s:26:22:26:Infinity":15,"f:29:16:29:23":3,"s:30:4:40:Infinity":16,"s:31:23:33:8":17,"b:34:6:36:Infinity:undefined:undefined:undefined:undefined":4,"s:34:6:36:Infinity":18,"s:35:20:35:41":19,"s:36:8:36:Infinity":20,"b:36:24:36:38:36:38:36:67":5,"s:38:6:38:Infinity":21,"s:39:6:39:Infinity":22,"s:40:22:40:Infinity":23,"f:43:19:43:26":4,"s:44:4:51:Infinity":24,"s:45:23:47:8":25,"b:48:6:48:Infinity:undefined:undefined:undefined:undefined":6,"s:48:6:48:Infinity":26,"s:48:24:48:Infinity":27,"s:49:6:49:Infinity":28,"s:50:6:50:Infinity":29,"s:51:22:51:Infinity":30,"f:54:19:54:26":5,"s:55:4:66:Infinity":31,"s:56:23:56:94":32,"b:57:6:59:Infinity:undefined:undefined:undefined:undefined":7,"s:57:6:59:Infinity":33,"s:58:20:58:41":34,"s:59:8:59:Infinity":35,"b:59:24:59:38:59:38:59:67":8,"s:61:95:61:100":36,"b:62:6:62:Infinity:undefined:undefined:undefined:undefined":9,"s:62:6:62:Infinity":37,"s:62:38:62:72":38,"s:62:72:62:Infinity":39,"b:63:6:63:Infinity:undefined:undefined:undefined:undefined":10,"s:63:6:63:Infinity":40,"s:63:46:63:Infinity":41,"s:64:6:64:Infinity":42,"s:65:6:65:Infinity":43,"s:66:22:66:Infinity":44,"f:69:17:69:24":6,"s:70:4:74:Infinity":45,"s:71:23:71:97":46,"b:72:6:72:Infinity:undefined:undefined:undefined:undefined":11,"s:72:6:72:Infinity":47,"s:72:24:72:Infinity":48,"s:73:6:73:Infinity":49,"s:74:22:74:Infinity":50,"f:77:2:77:25":7,"s:77:32:77:89":51,"f:78:2:78:22":8,"s:78:31:78:60":52,"f:79:2:79:27":9,"s:79:34:79:66":53,"f:81:23:81:30":10,"s:82:4:88:Infinity":54,"s:83:23:83:80":55,"b:84:6:84:Infinity:undefined:undefined:undefined:undefined":12,"s:84:6:84:Infinity":56,"s:84:24:84:Infinity":57,"s:85:6:85:Infinity":58,"s:87:6:87:Infinity":59,"s:88:6:88:Infinity":60,"f:92:20:92:27":11,"s:93:4:100:Infinity":61,"s:94:23:94:121":62,"b:95:6:95:Infinity:undefined:undefined:undefined:undefined":13,"s:95:6:95:Infinity":63,"s:95:24:95:Infinity":64,"s:96:19:96:40":65,"s:97:6:97:Infinity":66,"s:99:6:99:Infinity":67,"s:100:6:100:Infinity":68,"f:104:24:104:31":12,"s:105:4:120:Infinity":69,"s:106:23:106:37":70,"s:107:6:111:Infinity":71,"f:107:24:107:33":13,"s:108:8:108:Infinity":72,"s:109:22:109:Infinity":73,"b:109:22:109:92:109:92:109:Infinity":14,"s:110:8:110:Infinity":74,"s:112:23:112:117":75,"b:113:6:115:Infinity:undefined:undefined:undefined:undefined":15,"s:113:6:115:Infinity":76,"s:114:24:114:63":77,"f:114:46:114:59":14,"s:114:59:114:61":78,"s:115:8:115:Infinity":79,"b:115:24:115:42:115:42:115:67":16,"s:117:6:117:Infinity":80,"s:119:6:119:Infinity":81,"s:120:6:120:Infinity":82,"f:124:23:124:30":15,"s:125:4:134:Infinity":83,"s:126:23:126:135":84,"b:127:6:129:Infinity:undefined:undefined:undefined:undefined":17,"s:127:6:129:Infinity":85,"s:128:24:128:63":86,"f:128:46:128:59":16,"s:128:59:128:61":87,"s:129:8:129:Infinity":88,"b:129:24:129:42:129:42:129:66":18,"s:131:6:131:Infinity":89,"s:133:6:133:Infinity":90,"s:134:6:134:Infinity":91,"f:138:24:138:31":17,"b:138:44:138:51":19,"s:139:4:149:Infinity":92,"s:140:18:140:Infinity":93,"s:141:19:141:46":94,"s:142:6:142:Infinity":95,"s:143:6:143:Infinity":96,"s:144:6:144:Infinity":97,"s:145:6:145:Infinity":98,"s:146:6:146:Infinity":99,"s:147:6:147:Infinity":100,"s:149:6:149:Infinity":101}}}
}
